2025-07-15 22:01:24,040 - AUTO - INFO - Target: 200 articles
2025-07-15 22:01:24,040 - AUTO - INFO - Check interval: 60s
2025-07-15 22:01:24,040 - AUTO - INFO - Stall threshold: 300s
2025-07-15 22:05:42,861 - AUTO - INFO - AUTO SCRAPER MANAGER STARTED
2025-07-15 22:05:42,861 - AUTO - INFO - Target: 200 articles
2025-07-15 22:05:42,861 - AUTO - INFO - Check interval: 30s
2025-07-15 22:05:42,862 - AUTO - INFO - Stall threshold: 300s
2025-07-15 22:05:44,136 - AUTO - INFO - SCRAPER STARTED (PID: 7876)
2025-07-15 22:05:44,402 - AUTO - INFO - PROGRESS DETECTED: 33 articles
2025-07-15 22:06:16,146 - AUTO - WARNING - SCRAPER NOT RUNNING, restarting...
2025-07-15 22:06:16,149 - AUTO - INFO - RESTARTING SCRAPER DUE TO STALL...
2025-07-15 22:06:19,904 - AUTO - INFO - SCRAPER STARTED (PID: 10992)
2025-07-15 22:06:51,568 - AUTO - WARNING - SCRAPER NOT RUNNING, restarting...
2025-07-15 22:06:51,568 - AUTO - INFO - RESTARTING SCRAPER DUE TO STALL...
2025-07-15 22:06:55,191 - AUTO - INFO - SCRAPER STARTED (PID: 6816)
2025-07-15 22:07:26,933 - AUTO - WARNING - SCRAPER NOT RUNNING, restarting...
2025-07-15 22:07:26,933 - AUTO - INFO - RESTARTING SCRAPER DUE TO STALL...
2025-07-15 22:07:30,721 - AUTO - INFO - SCRAPER STARTED (PID: 19324)
2025-07-15 22:08:02,084 - AUTO - WARNING - SCRAPER NOT RUNNING, restarting...
2025-07-15 22:08:02,084 - AUTO - INFO - RESTARTING SCRAPER DUE TO STALL...
2025-07-15 22:08:05,477 - AUTO - INFO - SCRAPER STARTED (PID: 18932)
2025-07-15 22:08:36,919 - AUTO - WARNING - SCRAPER NOT RUNNING, restarting...
2025-07-15 22:08:36,919 - AUTO - INFO - RESTARTING SCRAPER DUE TO STALL...
2025-07-15 22:08:40,305 - AUTO - INFO - SCRAPER STARTED (PID: 2364)
2025-07-15 22:14:32,025 - AUTO - INFO - AUTO SCRAPER MANAGER STARTED
2025-07-15 22:14:32,025 - AUTO - INFO - Target: 200 articles
2025-07-15 22:14:32,025 - AUTO - INFO - Check interval: 30s
2025-07-15 22:14:32,025 - AUTO - INFO - Stall threshold: 300s
2025-07-15 22:14:33,655 - AUTO - INFO - SCRAPER STARTED (PID: 18092)
2025-07-15 22:14:33,914 - AUTO - ERROR - UNEXPECTED ERROR: 'charmap' codec can't encode character '\U0001f916' in position 0: character maps to <undefined>
2025-07-15 22:14:35,017 - AUTO - INFO - Killed existing scraper process (PID: 18092)
2025-07-15 22:14:38,030 - AUTO - INFO - AUTO SCRAPER MANAGER STOPPED
2025-07-15 22:14:40,565 - AUTO - INFO - AUTO SCRAPER MANAGER STARTED
2025-07-15 22:14:40,565 - AUTO - INFO - Target: 200 articles
2025-07-15 22:14:40,565 - AUTO - INFO - Check interval: 30s
2025-07-15 22:14:40,565 - AUTO - INFO - Stall threshold: 300s
2025-07-15 22:14:42,063 - AUTO - INFO - SCRAPER STARTED (PID: 5488)
2025-07-15 22:14:42,310 - AUTO - ERROR - UNEXPECTED ERROR: 'charmap' codec can't encode character '\U0001f916' in position 0: character maps to <undefined>
2025-07-15 22:14:43,069 - AUTO - INFO - Killed existing scraper process (PID: 5488)
2025-07-15 22:14:46,354 - AUTO - INFO - AUTO SCRAPER MANAGER STOPPED
2025-07-15 22:14:48,607 - AUTO - INFO - AUTO SCRAPER MANAGER STARTED
2025-07-15 22:14:48,607 - AUTO - INFO - Target: 200 articles
2025-07-15 22:14:48,607 - AUTO - INFO - Check interval: 30s
2025-07-15 22:14:48,607 - AUTO - INFO - Stall threshold: 300s
2025-07-15 22:14:50,076 - AUTO - INFO - SCRAPER STARTED (PID: 17904)
2025-07-15 22:14:50,335 - AUTO - ERROR - UNEXPECTED ERROR: 'charmap' codec can't encode character '\U0001f916' in position 0: character maps to <undefined>
2025-07-15 22:14:51,466 - AUTO - INFO - Killed existing scraper process (PID: 17904)
2025-07-15 22:14:54,481 - AUTO - INFO - AUTO SCRAPER MANAGER STOPPED
2025-07-15 22:14:57,379 - AUTO - INFO - AUTO SCRAPER MANAGER STARTED
2025-07-15 22:14:57,379 - AUTO - INFO - Target: 200 articles
2025-07-15 22:14:57,379 - AUTO - INFO - Check interval: 30s
2025-07-15 22:14:57,379 - AUTO - INFO - Stall threshold: 300s
2025-07-15 22:14:58,780 - AUTO - INFO - SCRAPER STARTED (PID: 14428)
2025-07-15 22:14:59,035 - AUTO - ERROR - UNEXPECTED ERROR: 'charmap' codec can't encode character '\U0001f916' in position 0: character maps to <undefined>
2025-07-15 22:15:00,109 - AUTO - INFO - Killed existing scraper process (PID: 14428)
2025-07-15 22:15:03,203 - AUTO - INFO - AUTO SCRAPER MANAGER STOPPED
2025-07-15 22:15:05,303 - AUTO - INFO - AUTO SCRAPER MANAGER STARTED
2025-07-15 22:15:05,303 - AUTO - INFO - Target: 200 articles
2025-07-15 22:15:05,303 - AUTO - INFO - Check interval: 30s
2025-07-15 22:15:05,303 - AUTO - INFO - Stall threshold: 300s
2025-07-15 22:15:06,792 - AUTO - INFO - SCRAPER STARTED (PID: 8620)
2025-07-15 22:15:07,046 - AUTO - ERROR - UNEXPECTED ERROR: 'charmap' codec can't encode character '\U0001f916' in position 0: character maps to <undefined>
2025-07-15 22:15:08,022 - AUTO - INFO - Killed existing scraper process (PID: 8620)
2025-07-15 22:15:11,120 - AUTO - INFO - AUTO SCRAPER MANAGER STOPPED
2025-07-15 22:17:41,580 - AUTO - INFO - AUTO SCRAPER MANAGER STARTED
2025-07-15 22:17:41,580 - AUTO - INFO - Target: 200 articles
2025-07-15 22:17:41,580 - AUTO - INFO - Check interval: 30s
2025-07-15 22:17:41,581 - AUTO - INFO - Stall threshold: 300s
2025-07-15 22:17:43,030 - AUTO - INFO - SCRAPER STARTED (PID: 11764)
2025-07-15 22:17:43,281 - AUTO - ERROR - UNEXPECTED ERROR: 'charmap' codec can't encode character '\U0001f916' in position 0: character maps to <undefined>
2025-07-15 22:17:44,296 - AUTO - INFO - Killed existing scraper process (PID: 11764)
2025-07-15 22:17:47,353 - AUTO - INFO - AUTO SCRAPER MANAGER STOPPED
2025-07-15 22:17:51,175 - AUTO - INFO - AUTO SCRAPER MANAGER STARTED
2025-07-15 22:17:51,175 - AUTO - INFO - Target: 200 articles
2025-07-15 22:17:51,175 - AUTO - INFO - Check interval: 30s
2025-07-15 22:17:51,175 - AUTO - INFO - Stall threshold: 300s
2025-07-15 22:17:52,559 - AUTO - INFO - SCRAPER STARTED (PID: 13040)
2025-07-15 22:17:52,820 - AUTO - ERROR - UNEXPECTED ERROR: 'charmap' codec can't encode character '\U0001f916' in position 0: character maps to <undefined>
2025-07-15 22:17:53,986 - AUTO - INFO - Killed existing scraper process (PID: 13040)
2025-07-15 22:17:57,047 - AUTO - INFO - AUTO SCRAPER MANAGER STOPPED
2025-07-15 22:17:59,191 - AUTO - INFO - AUTO SCRAPER MANAGER STARTED
2025-07-15 22:17:59,191 - AUTO - INFO - Target: 200 articles
2025-07-15 22:17:59,192 - AUTO - INFO - Check interval: 30s
2025-07-15 22:17:59,192 - AUTO - INFO - Stall threshold: 300s
2025-07-15 22:18:00,545 - AUTO - INFO - SCRAPER STARTED (PID: 14092)
2025-07-15 22:18:00,792 - AUTO - ERROR - UNEXPECTED ERROR: 'charmap' codec can't encode character '\U0001f916' in position 0: character maps to <undefined>
2025-07-15 22:18:01,908 - AUTO - INFO - Killed existing scraper process (PID: 14092)
2025-07-15 22:18:04,963 - AUTO - INFO - AUTO SCRAPER MANAGER STOPPED
2025-07-15 22:18:07,093 - AUTO - INFO - AUTO SCRAPER MANAGER STARTED
2025-07-15 22:18:07,093 - AUTO - INFO - Target: 200 articles
2025-07-15 22:18:07,093 - AUTO - INFO - Check interval: 30s
2025-07-15 22:18:07,093 - AUTO - INFO - Stall threshold: 300s
2025-07-15 22:18:08,468 - AUTO - INFO - SCRAPER STARTED (PID: 9640)
2025-07-15 22:18:08,726 - AUTO - ERROR - UNEXPECTED ERROR: 'charmap' codec can't encode character '\U0001f916' in position 0: character maps to <undefined>
2025-07-15 22:18:09,809 - AUTO - INFO - Killed existing scraper process (PID: 9640)
2025-07-15 22:18:12,897 - AUTO - INFO - AUTO SCRAPER MANAGER STOPPED
2025-07-15 22:18:15,032 - AUTO - INFO - AUTO SCRAPER MANAGER STARTED
2025-07-15 22:18:15,032 - AUTO - INFO - Target: 200 articles
2025-07-15 22:18:15,032 - AUTO - INFO - Check interval: 30s
2025-07-15 22:18:15,032 - AUTO - INFO - Stall threshold: 300s
2025-07-15 22:18:16,362 - AUTO - INFO - SCRAPER STARTED (PID: 15756)
2025-07-15 22:18:16,614 - AUTO - ERROR - UNEXPECTED ERROR: 'charmap' codec can't encode character '\U0001f916' in position 0: character maps to <undefined>
2025-07-15 22:18:17,802 - AUTO - INFO - Killed existing scraper process (PID: 15756)
2025-07-15 22:18:20,832 - AUTO - INFO - AUTO SCRAPER MANAGER STOPPED
2025-07-15 22:18:23,868 - AUTO - INFO - AUTO SCRAPER MANAGER STARTED
2025-07-15 22:18:23,868 - AUTO - INFO - Target: 200 articles
2025-07-15 22:18:23,868 - AUTO - INFO - Check interval: 30s
2025-07-15 22:18:23,868 - AUTO - INFO - Stall threshold: 300s
2025-07-15 22:18:25,247 - AUTO - INFO - SCRAPER STARTED (PID: 8356)
2025-07-15 22:18:25,507 - AUTO - ERROR - UNEXPECTED ERROR: 'charmap' codec can't encode character '\U0001f916' in position 0: character maps to <undefined>
2025-07-15 22:18:26,434 - AUTO - INFO - Killed existing scraper process (PID: 8356)
2025-07-15 22:18:29,547 - AUTO - INFO - AUTO SCRAPER MANAGER STOPPED
2025-07-15 22:18:31,805 - AUTO - INFO - AUTO SCRAPER MANAGER STARTED
2025-07-15 22:18:31,805 - AUTO - INFO - Target: 200 articles
2025-07-15 22:18:31,805 - AUTO - INFO - Check interval: 30s
2025-07-15 22:18:31,805 - AUTO - INFO - Stall threshold: 300s
2025-07-15 22:18:33,311 - AUTO - INFO - SCRAPER STARTED (PID: 14208)
2025-07-15 22:18:33,561 - AUTO - ERROR - UNEXPECTED ERROR: 'charmap' codec can't encode character '\U0001f916' in position 0: character maps to <undefined>
2025-07-15 22:18:34,520 - AUTO - INFO - Killed existing scraper process (PID: 14208)
2025-07-15 22:18:37,572 - AUTO - INFO - AUTO SCRAPER MANAGER STOPPED
2025-07-15 22:18:39,867 - AUTO - INFO - AUTO SCRAPER MANAGER STARTED
2025-07-15 22:18:39,867 - AUTO - INFO - Target: 200 articles
2025-07-15 22:18:39,867 - AUTO - INFO - Check interval: 30s
2025-07-15 22:18:39,867 - AUTO - INFO - Stall threshold: 300s
2025-07-15 22:18:41,244 - AUTO - INFO - SCRAPER STARTED (PID: 16784)
2025-07-15 22:18:41,632 - AUTO - ERROR - UNEXPECTED ERROR: 'charmap' codec can't encode character '\U0001f916' in position 0: character maps to <undefined>
2025-07-15 22:18:42,632 - AUTO - INFO - Killed existing scraper process (PID: 16784)
2025-07-15 22:18:45,648 - AUTO - INFO - AUTO SCRAPER MANAGER STOPPED
2025-07-15 22:18:47,803 - AUTO - INFO - AUTO SCRAPER MANAGER STARTED
2025-07-15 22:18:47,803 - AUTO - INFO - Target: 200 articles
2025-07-15 22:18:47,803 - AUTO - INFO - Check interval: 30s
2025-07-15 22:18:47,804 - AUTO - INFO - Stall threshold: 300s
2025-07-15 22:18:49,143 - AUTO - INFO - SCRAPER STARTED (PID: 14804)
2025-07-15 22:18:49,399 - AUTO - ERROR - UNEXPECTED ERROR: 'charmap' codec can't encode character '\U0001f916' in position 0: character maps to <undefined>
2025-07-15 22:18:50,366 - AUTO - INFO - Killed existing scraper process (PID: 14804)
2025-07-15 22:18:53,407 - AUTO - INFO - AUTO SCRAPER MANAGER STOPPED
2025-07-15 22:18:56,199 - AUTO - INFO - AUTO SCRAPER MANAGER STARTED
2025-07-15 22:18:56,199 - AUTO - INFO - Target: 200 articles
2025-07-15 22:18:56,199 - AUTO - INFO - Check interval: 30s
2025-07-15 22:18:56,199 - AUTO - INFO - Stall threshold: 300s
2025-07-15 22:18:57,544 - AUTO - INFO - SCRAPER STARTED (PID: 17232)
2025-07-15 22:18:57,797 - AUTO - ERROR - UNEXPECTED ERROR: 'charmap' codec can't encode character '\U0001f916' in position 0: character maps to <undefined>
2025-07-15 22:18:58,792 - AUTO - INFO - Killed existing scraper process (PID: 17232)
2025-07-15 22:19:01,805 - AUTO - INFO - AUTO SCRAPER MANAGER STOPPED
2025-07-15 22:19:04,254 - AUTO - INFO - AUTO SCRAPER MANAGER STARTED
2025-07-15 22:19:04,254 - AUTO - INFO - Target: 200 articles
2025-07-15 22:19:04,254 - AUTO - INFO - Check interval: 30s
2025-07-15 22:19:04,254 - AUTO - INFO - Stall threshold: 300s
2025-07-15 22:19:05,571 - AUTO - INFO - SCRAPER STARTED (PID: 1080)
2025-07-15 22:19:05,813 - AUTO - ERROR - UNEXPECTED ERROR: 'charmap' codec can't encode character '\U0001f916' in position 0: character maps to <undefined>
2025-07-15 22:19:05,903 - AUTO - INFO - Killed existing scraper process (PID: 1080)
2025-07-15 22:19:09,793 - AUTO - INFO - AUTO SCRAPER MANAGER STOPPED
2025-07-15 22:19:12,280 - AUTO - INFO - AUTO SCRAPER MANAGER STARTED
2025-07-15 22:19:12,280 - AUTO - INFO - Target: 200 articles
2025-07-15 22:19:12,280 - AUTO - INFO - Check interval: 30s
2025-07-15 22:19:12,281 - AUTO - INFO - Stall threshold: 300s
2025-07-15 22:19:13,878 - AUTO - INFO - SCRAPER STARTED (PID: 11500)
2025-07-15 22:19:14,228 - AUTO - ERROR - UNEXPECTED ERROR: 'charmap' codec can't encode character '\U0001f916' in position 0: character maps to <undefined>
2025-07-15 22:19:15,301 - AUTO - INFO - Killed existing scraper process (PID: 11500)
2025-07-15 22:19:18,361 - AUTO - INFO - AUTO SCRAPER MANAGER STOPPED
2025-07-15 22:19:20,052 - AUTO - INFO - AUTO SCRAPER MANAGER STARTED
2025-07-15 22:19:20,052 - AUTO - INFO - Target: 200 articles
2025-07-15 22:19:20,052 - AUTO - INFO - Check interval: 30s
2025-07-15 22:19:20,052 - AUTO - INFO - Stall threshold: 300s
2025-07-15 22:19:21,547 - AUTO - INFO - SCRAPER STARTED (PID: 18676)
2025-07-15 22:19:21,818 - AUTO - ERROR - UNEXPECTED ERROR: 'charmap' codec can't encode character '\U0001f916' in position 0: character maps to <undefined>
2025-07-15 22:19:22,850 - AUTO - INFO - Killed existing scraper process (PID: 18676)
2025-07-15 22:19:25,863 - AUTO - INFO - AUTO SCRAPER MANAGER STOPPED
2025-07-15 22:19:28,025 - AUTO - INFO - AUTO SCRAPER MANAGER STARTED
2025-07-15 22:19:28,025 - AUTO - INFO - Target: 200 articles
2025-07-15 22:19:28,025 - AUTO - INFO - Check interval: 30s
2025-07-15 22:19:28,025 - AUTO - INFO - Stall threshold: 300s
2025-07-15 22:19:29,339 - AUTO - INFO - SCRAPER STARTED (PID: 14432)
2025-07-15 22:19:29,589 - AUTO - ERROR - UNEXPECTED ERROR: 'charmap' codec can't encode character '\U0001f916' in position 0: character maps to <undefined>
2025-07-15 22:19:30,567 - AUTO - INFO - Killed existing scraper process (PID: 14432)
2025-07-15 22:19:33,615 - AUTO - INFO - AUTO SCRAPER MANAGER STOPPED
2025-07-15 22:19:35,840 - AUTO - INFO - AUTO SCRAPER MANAGER STARTED
2025-07-15 22:19:35,840 - AUTO - INFO - Target: 200 articles
2025-07-15 22:19:35,840 - AUTO - INFO - Check interval: 30s
2025-07-15 22:19:35,840 - AUTO - INFO - Stall threshold: 300s
2025-07-15 22:19:37,253 - AUTO - INFO - SCRAPER STARTED (PID: 14728)
2025-07-15 22:19:37,504 - AUTO - ERROR - UNEXPECTED ERROR: 'charmap' codec can't encode character '\U0001f916' in position 0: character maps to <undefined>
2025-07-15 22:19:38,453 - AUTO - INFO - Killed existing scraper process (PID: 14728)
2025-07-15 22:19:41,500 - AUTO - INFO - AUTO SCRAPER MANAGER STOPPED
2025-07-15 22:19:43,744 - AUTO - INFO - AUTO SCRAPER MANAGER STARTED
2025-07-15 22:19:43,744 - AUTO - INFO - Target: 200 articles
2025-07-15 22:19:43,745 - AUTO - INFO - Check interval: 30s
2025-07-15 22:19:43,745 - AUTO - INFO - Stall threshold: 300s
2025-07-15 22:19:45,103 - AUTO - INFO - SCRAPER STARTED (PID: 8868)
2025-07-15 22:19:45,353 - AUTO - ERROR - UNEXPECTED ERROR: 'charmap' codec can't encode character '\U0001f916' in position 0: character maps to <undefined>
2025-07-15 22:19:46,361 - AUTO - INFO - Killed existing scraper process (PID: 8868)
2025-07-15 22:19:49,445 - AUTO - INFO - AUTO SCRAPER MANAGER STOPPED
2025-07-15 22:19:52,457 - AUTO - INFO - AUTO SCRAPER MANAGER STARTED
2025-07-15 22:19:52,457 - AUTO - INFO - Target: 200 articles
2025-07-15 22:19:52,457 - AUTO - INFO - Check interval: 30s
2025-07-15 22:19:52,457 - AUTO - INFO - Stall threshold: 300s
2025-07-15 22:19:53,886 - AUTO - INFO - SCRAPER STARTED (PID: 15808)
2025-07-15 22:19:54,147 - AUTO - ERROR - UNEXPECTED ERROR: 'charmap' codec can't encode character '\U0001f916' in position 0: character maps to <undefined>
2025-07-15 22:19:55,122 - AUTO - INFO - Killed existing scraper process (PID: 15808)
2025-07-15 22:19:58,152 - AUTO - INFO - AUTO SCRAPER MANAGER STOPPED
2025-07-15 22:20:00,267 - AUTO - INFO - AUTO SCRAPER MANAGER STARTED
2025-07-15 22:20:00,267 - AUTO - INFO - Target: 200 articles
2025-07-15 22:20:00,268 - AUTO - INFO - Check interval: 30s
2025-07-15 22:20:00,268 - AUTO - INFO - Stall threshold: 300s
2025-07-15 22:20:01,555 - AUTO - INFO - SCRAPER STARTED (PID: 7496)
2025-07-15 22:20:01,851 - AUTO - ERROR - UNEXPECTED ERROR: 'charmap' codec can't encode character '\U0001f916' in position 0: character maps to <undefined>
2025-07-15 22:20:02,857 - AUTO - INFO - Killed existing scraper process (PID: 7496)
2025-07-15 22:20:06,017 - AUTO - INFO - AUTO SCRAPER MANAGER STOPPED
2025-07-15 22:20:08,461 - AUTO - INFO - AUTO SCRAPER MANAGER STARTED
2025-07-15 22:20:08,462 - AUTO - INFO - Target: 200 articles
2025-07-15 22:20:08,462 - AUTO - INFO - Check interval: 30s
2025-07-15 22:20:08,462 - AUTO - INFO - Stall threshold: 300s
2025-07-15 22:20:11,298 - AUTO - INFO - SCRAPER STARTED (PID: 18224)
2025-07-15 22:20:12,322 - AUTO - ERROR - UNEXPECTED ERROR: 'charmap' codec can't encode character '\U0001f916' in position 0: character maps to <undefined>
2025-07-15 22:20:14,523 - AUTO - INFO - Killed existing scraper process (PID: 18224)
2025-07-15 22:20:17,539 - AUTO - INFO - AUTO SCRAPER MANAGER STOPPED
2025-07-15 22:20:19,362 - AUTO - INFO - AUTO SCRAPER MANAGER STARTED
2025-07-15 22:20:19,362 - AUTO - INFO - Target: 200 articles
2025-07-15 22:20:19,362 - AUTO - INFO - Check interval: 30s
2025-07-15 22:20:19,362 - AUTO - INFO - Stall threshold: 300s
2025-07-15 22:20:20,679 - AUTO - INFO - SCRAPER STARTED (PID: 2000)
2025-07-15 22:20:20,936 - AUTO - ERROR - UNEXPECTED ERROR: 'charmap' codec can't encode character '\U0001f916' in position 0: character maps to <undefined>
2025-07-15 22:20:21,164 - AUTO - INFO - Killed existing scraper process (PID: 2000)
2025-07-15 22:20:24,853 - AUTO - INFO - AUTO SCRAPER MANAGER STOPPED
2025-07-15 22:20:27,122 - AUTO - INFO - AUTO SCRAPER MANAGER STARTED
2025-07-15 22:20:27,123 - AUTO - INFO - Target: 200 articles
2025-07-15 22:20:27,123 - AUTO - INFO - Check interval: 30s
2025-07-15 22:20:27,123 - AUTO - INFO - Stall threshold: 300s
2025-07-15 22:20:28,343 - AUTO - INFO - SCRAPER STARTED (PID: 8160)
2025-07-15 22:20:28,571 - AUTO - ERROR - UNEXPECTED ERROR: 'charmap' codec can't encode character '\U0001f916' in position 0: character maps to <undefined>
2025-07-15 22:20:29,546 - AUTO - INFO - Killed existing scraper process (PID: 8160)
2025-07-15 22:20:32,652 - AUTO - INFO - AUTO SCRAPER MANAGER STOPPED
2025-07-15 22:20:35,480 - AUTO - INFO - AUTO SCRAPER MANAGER STARTED
2025-07-15 22:20:35,480 - AUTO - INFO - Target: 200 articles
2025-07-15 22:20:35,480 - AUTO - INFO - Check interval: 30s
2025-07-15 22:20:35,480 - AUTO - INFO - Stall threshold: 300s
2025-07-15 22:20:36,797 - AUTO - INFO - SCRAPER STARTED (PID: 5372)
2025-07-15 22:20:37,070 - AUTO - ERROR - UNEXPECTED ERROR: 'charmap' codec can't encode character '\U0001f916' in position 0: character maps to <undefined>
2025-07-15 22:20:37,736 - AUTO - INFO - Killed existing scraper process (PID: 5372)
2025-07-15 22:20:41,071 - AUTO - INFO - AUTO SCRAPER MANAGER STOPPED
2025-07-15 22:22:05,552 - AUTO - INFO - AUTO SCRAPER MANAGER STARTED
2025-07-15 22:22:05,555 - AUTO - INFO - Target: 200 articles
2025-07-15 22:22:05,555 - AUTO - INFO - Check interval: 30s
2025-07-15 22:22:05,555 - AUTO - INFO - Stall threshold: 300s
2025-07-15 22:22:06,848 - AUTO - INFO - SCRAPER STARTED (PID: 12476)
2025-07-15 22:22:07,100 - AUTO - ERROR - UNEXPECTED ERROR: 'charmap' codec can't encode character '\U0001f916' in position 0: character maps to <undefined>
2025-07-15 22:22:08,211 - AUTO - INFO - Killed existing scraper process (PID: 12476)
2025-07-15 22:22:11,263 - AUTO - INFO - AUTO SCRAPER MANAGER STOPPED
2025-07-15 22:22:19,266 - AUTO - INFO - AUTO SCRAPER MANAGER STARTED
2025-07-15 22:22:19,267 - AUTO - INFO - Target: 200 articles
2025-07-15 22:22:19,267 - AUTO - INFO - Check interval: 30s
2025-07-15 22:22:19,267 - AUTO - INFO - Stall threshold: 300s
2025-07-15 22:22:20,625 - AUTO - INFO - SCRAPER STARTED (PID: 7340)
2025-07-15 22:22:20,876 - AUTO - ERROR - UNEXPECTED ERROR: 'charmap' codec can't encode character '\U0001f916' in position 0: character maps to <undefined>
2025-07-15 22:22:21,814 - AUTO - INFO - Killed existing scraper process (PID: 7340)
2025-07-15 22:22:24,976 - AUTO - INFO - AUTO SCRAPER MANAGER STOPPED
2025-07-15 22:22:31,148 - AUTO - INFO - AUTO SCRAPER MANAGER STARTED
2025-07-15 22:22:31,149 - AUTO - INFO - Target: 200 articles
2025-07-15 22:22:31,149 - AUTO - INFO - Check interval: 30s
2025-07-15 22:22:31,149 - AUTO - INFO - Stall threshold: 300s
2025-07-15 22:22:32,633 - AUTO - INFO - SCRAPER STARTED (PID: 11764)
2025-07-15 22:22:32,914 - AUTO - ERROR - UNEXPECTED ERROR: 'charmap' codec can't encode character '\U0001f916' in position 0: character maps to <undefined>
2025-07-15 22:22:33,882 - AUTO - INFO - Killed existing scraper process (PID: 11764)
2025-07-15 22:22:36,941 - AUTO - INFO - AUTO SCRAPER MANAGER STOPPED
2025-07-15 22:22:43,121 - AUTO - INFO - AUTO SCRAPER MANAGER STARTED
2025-07-15 22:22:43,121 - AUTO - INFO - Target: 200 articles
2025-07-15 22:22:43,121 - AUTO - INFO - Check interval: 30s
2025-07-15 22:22:43,121 - AUTO - INFO - Stall threshold: 300s
2025-07-15 22:22:44,493 - AUTO - INFO - SCRAPER STARTED (PID: 5524)
2025-07-15 22:22:44,752 - AUTO - ERROR - UNEXPECTED ERROR: 'charmap' codec can't encode character '\U0001f916' in position 0: character maps to <undefined>
2025-07-15 22:22:45,466 - AUTO - INFO - Killed existing scraper process (PID: 5524)
2025-07-15 22:22:48,776 - AUTO - INFO - AUTO SCRAPER MANAGER STOPPED
2025-07-15 22:22:55,061 - AUTO - INFO - AUTO SCRAPER MANAGER STARTED
2025-07-15 22:22:55,061 - AUTO - INFO - Target: 200 articles
2025-07-15 22:22:55,061 - AUTO - INFO - Check interval: 30s
2025-07-15 22:22:55,061 - AUTO - INFO - Stall threshold: 300s
2025-07-15 22:22:56,429 - AUTO - INFO - SCRAPER STARTED (PID: 18604)
2025-07-15 22:22:56,701 - AUTO - ERROR - UNEXPECTED ERROR: 'charmap' codec can't encode character '\U0001f916' in position 0: character maps to <undefined>
2025-07-15 22:22:57,706 - AUTO - INFO - Killed existing scraper process (PID: 18604)
2025-07-15 22:23:00,717 - AUTO - INFO - AUTO SCRAPER MANAGER STOPPED
2025-07-15 22:23:07,031 - AUTO - INFO - AUTO SCRAPER MANAGER STARTED
2025-07-15 22:23:07,032 - AUTO - INFO - Target: 200 articles
2025-07-15 22:23:07,032 - AUTO - INFO - Check interval: 30s
2025-07-15 22:23:07,032 - AUTO - INFO - Stall threshold: 300s
2025-07-15 22:23:08,398 - AUTO - INFO - SCRAPER STARTED (PID: 2344)
2025-07-15 22:23:08,647 - AUTO - ERROR - UNEXPECTED ERROR: 'charmap' codec can't encode character '\U0001f916' in position 0: character maps to <undefined>
2025-07-15 22:23:09,062 - AUTO - INFO - Killed existing scraper process (PID: 2344)
2025-07-15 22:23:12,726 - AUTO - INFO - AUTO SCRAPER MANAGER STOPPED
2025-07-15 22:23:19,038 - AUTO - INFO - AUTO SCRAPER MANAGER STARTED
2025-07-15 22:23:19,038 - AUTO - INFO - Target: 200 articles
2025-07-15 22:23:19,039 - AUTO - INFO - Check interval: 30s
2025-07-15 22:23:19,039 - AUTO - INFO - Stall threshold: 300s
2025-07-15 22:23:20,426 - AUTO - INFO - SCRAPER STARTED (PID: 12348)
2025-07-15 22:23:20,676 - AUTO - ERROR - UNEXPECTED ERROR: 'charmap' codec can't encode character '\U0001f916' in position 0: character maps to <undefined>
2025-07-15 22:23:21,728 - AUTO - INFO - Killed existing scraper process (PID: 12348)
2025-07-15 22:23:24,787 - AUTO - INFO - AUTO SCRAPER MANAGER STOPPED
2025-07-15 22:23:30,946 - AUTO - INFO - AUTO SCRAPER MANAGER STARTED
2025-07-15 22:23:30,946 - AUTO - INFO - Target: 200 articles
2025-07-15 22:23:30,946 - AUTO - INFO - Check interval: 30s
2025-07-15 22:23:30,946 - AUTO - INFO - Stall threshold: 300s
2025-07-15 22:23:32,308 - AUTO - INFO - SCRAPER STARTED (PID: 14432)
2025-07-15 22:23:32,600 - AUTO - ERROR - UNEXPECTED ERROR: 'charmap' codec can't encode character '\U0001f916' in position 0: character maps to <undefined>
2025-07-15 22:23:33,625 - AUTO - INFO - Killed existing scraper process (PID: 14432)
2025-07-15 22:23:36,677 - AUTO - INFO - AUTO SCRAPER MANAGER STOPPED
2025-07-15 22:23:42,897 - AUTO - INFO - AUTO SCRAPER MANAGER STARTED
2025-07-15 22:23:42,897 - AUTO - INFO - Target: 200 articles
2025-07-15 22:23:42,897 - AUTO - INFO - Check interval: 30s
2025-07-15 22:23:42,898 - AUTO - INFO - Stall threshold: 300s
2025-07-15 22:23:44,257 - AUTO - INFO - SCRAPER STARTED (PID: 6680)
2025-07-15 22:23:44,513 - AUTO - ERROR - UNEXPECTED ERROR: 'charmap' codec can't encode character '\U0001f916' in position 0: character maps to <undefined>
2025-07-15 22:23:45,327 - AUTO - INFO - Killed existing scraper process (PID: 6680)
2025-07-15 22:23:48,516 - AUTO - INFO - AUTO SCRAPER MANAGER STOPPED
2025-07-15 22:23:54,778 - AUTO - INFO - AUTO SCRAPER MANAGER STARTED
2025-07-15 22:23:54,778 - AUTO - INFO - Target: 200 articles
2025-07-15 22:23:54,778 - AUTO - INFO - Check interval: 30s
2025-07-15 22:23:54,778 - AUTO - INFO - Stall threshold: 300s
2025-07-15 22:23:56,086 - AUTO - INFO - SCRAPER STARTED (PID: 18168)
2025-07-15 22:23:56,368 - AUTO - ERROR - UNEXPECTED ERROR: 'charmap' codec can't encode character '\U0001f916' in position 0: character maps to <undefined>
2025-07-15 22:23:57,374 - AUTO - INFO - Killed existing scraper process (PID: 18168)
2025-07-15 22:24:00,394 - AUTO - INFO - AUTO SCRAPER MANAGER STOPPED
2025-07-15 22:24:06,721 - AUTO - INFO - AUTO SCRAPER MANAGER STARTED
2025-07-15 22:24:06,721 - AUTO - INFO - Target: 200 articles
2025-07-15 22:24:06,721 - AUTO - INFO - Check interval: 30s
2025-07-15 22:24:06,721 - AUTO - INFO - Stall threshold: 300s
2025-07-15 22:24:08,028 - AUTO - INFO - SCRAPER STARTED (PID: 2672)
2025-07-15 22:24:08,274 - AUTO - ERROR - UNEXPECTED ERROR: 'charmap' codec can't encode character '\U0001f916' in position 0: character maps to <undefined>
2025-07-15 22:24:08,681 - AUTO - INFO - Killed existing scraper process (PID: 2672)
2025-07-15 22:24:12,260 - AUTO - INFO - AUTO SCRAPER MANAGER STOPPED
2025-07-15 22:24:18,725 - AUTO - INFO - AUTO SCRAPER MANAGER STARTED
2025-07-15 22:24:18,725 - AUTO - INFO - Target: 200 articles
2025-07-15 22:24:18,725 - AUTO - INFO - Check interval: 30s
2025-07-15 22:24:18,725 - AUTO - INFO - Stall threshold: 300s
2025-07-15 22:24:20,030 - AUTO - INFO - SCRAPER STARTED (PID: 17016)
2025-07-15 22:24:20,286 - AUTO - ERROR - UNEXPECTED ERROR: 'charmap' codec can't encode character '\U0001f916' in position 0: character maps to <undefined>
2025-07-15 22:24:21,385 - AUTO - INFO - Killed existing scraper process (PID: 17016)
2025-07-15 22:24:24,397 - AUTO - INFO - AUTO SCRAPER MANAGER STOPPED
2025-07-15 22:24:30,655 - AUTO - INFO - AUTO SCRAPER MANAGER STARTED
2025-07-15 22:24:30,655 - AUTO - INFO - Target: 200 articles
2025-07-15 22:24:30,655 - AUTO - INFO - Check interval: 30s
2025-07-15 22:24:30,655 - AUTO - INFO - Stall threshold: 300s
2025-07-15 22:24:32,072 - AUTO - INFO - SCRAPER STARTED (PID: 8092)
2025-07-15 22:24:32,320 - AUTO - ERROR - UNEXPECTED ERROR: 'charmap' codec can't encode character '\U0001f916' in position 0: character maps to <undefined>
2025-07-15 22:24:33,367 - AUTO - INFO - Killed existing scraper process (PID: 8092)
2025-07-15 22:24:36,484 - AUTO - INFO - AUTO SCRAPER MANAGER STOPPED
2025-07-15 22:24:42,537 - AUTO - INFO - AUTO SCRAPER MANAGER STARTED
2025-07-15 22:24:42,537 - AUTO - INFO - Target: 200 articles
2025-07-15 22:24:42,537 - AUTO - INFO - Check interval: 30s
2025-07-15 22:24:42,537 - AUTO - INFO - Stall threshold: 300s
2025-07-15 22:24:43,939 - AUTO - INFO - SCRAPER STARTED (PID: 12140)
2025-07-15 22:24:44,216 - AUTO - ERROR - UNEXPECTED ERROR: 'charmap' codec can't encode character '\U0001f916' in position 0: character maps to <undefined>
2025-07-15 22:24:45,286 - AUTO - INFO - Killed existing scraper process (PID: 12140)
2025-07-15 22:24:48,351 - AUTO - INFO - AUTO SCRAPER MANAGER STOPPED
