2025-07-15 23:00:42,705 - FINAL - INFO - Scraper started (PID: 18876, Attempt: 1)
2025-07-15 23:01:19,524 - FINAL - INFO - Scraper started (PID: 12140, Attempt: 2)
2025-07-15 23:01:56,452 - FINAL - INFO - Scraper started (PID: 12708, Attempt: 3)
2025-07-15 23:02:33,444 - FINAL - INFO - Scraper started (PID: 18000, Attempt: 4)
2025-07-18 02:15:10,938 - INFO - 🚀 Starting Final Archive Scraper
2025-07-18 02:15:10,938 - INFO - 🌟 Starting comprehensive scraping 2010-2020
2025-07-18 02:15:10,938 - INFO - 📰 Processing The Hindu (Priority: 1)
2025-07-18 02:15:10,938 - INFO - 🚀 Starting The Hindu with resume capability
2025-07-18 02:15:10,938 - INFO - 📰 Scraping The Hindu - 2010-01-01
2025-07-18 02:15:13,950 - INFO - 📰 Scraping The Hindu - 2010-01-02
2025-07-18 02:15:17,430 - INFO - 📰 Scraping The Hindu - 2010-01-03
2025-07-18 02:15:21,111 - INFO - 📰 Scraping The Hindu - 2010-01-04
2025-07-18 02:15:25,360 - INFO - 📰 Scraping The Hindu - 2010-01-05
2025-07-18 02:15:29,344 - INFO - 📰 Scraping The Hindu - 2010-01-06
2025-07-18 02:15:32,886 - INFO - 📰 Scraping The Hindu - 2010-01-07
2025-07-18 02:15:36,821 - INFO - 📰 Scraping The Hindu - 2010-01-08
2025-07-18 02:15:40,515 - INFO - 📰 Scraping The Hindu - 2010-01-09
2025-07-18 02:15:44,751 - INFO - 📰 Scraping The Hindu - 2010-01-10
2025-07-18 02:15:47,301 - INFO - 📰 Scraping The Hindu - 2010-01-11
2025-07-18 02:15:50,968 - INFO - 📰 Scraping The Hindu - 2010-01-12
2025-07-18 02:15:55,184 - INFO - 📰 Scraping The Hindu - 2010-01-13
2025-07-18 02:15:57,969 - INFO - 📰 Scraping The Hindu - 2010-01-14
2025-07-18 02:16:01,218 - INFO - 📰 Scraping The Hindu - 2010-01-15
2025-07-18 02:16:05,068 - INFO - 📰 Scraping The Hindu - 2010-01-16
2025-07-18 02:16:08,361 - INFO - 📰 Scraping The Hindu - 2010-01-17
2025-07-18 02:16:12,589 - INFO - 📰 Scraping The Hindu - 2010-01-18
2025-07-18 02:16:15,343 - INFO - 📰 Scraping The Hindu - 2010-01-19
2025-07-18 02:16:18,245 - INFO - 📰 Scraping The Hindu - 2010-01-20
2025-07-18 02:16:22,328 - INFO - 📰 Scraping The Hindu - 2010-01-21
2025-07-18 02:16:25,024 - INFO - 📰 Scraping The Hindu - 2010-01-22
2025-07-18 02:16:28,828 - INFO - 📰 Scraping The Hindu - 2010-01-23
2025-07-18 02:16:31,301 - INFO - 📰 Scraping The Hindu - 2010-01-24
2025-07-18 02:16:33,871 - INFO - 📰 Scraping The Hindu - 2010-01-25
2025-07-18 02:16:37,736 - INFO - 📰 Scraping The Hindu - 2010-01-26
2025-07-18 02:16:40,449 - INFO - 📰 Scraping The Hindu - 2010-01-27
2025-07-18 02:16:43,509 - INFO - 📰 Scraping The Hindu - 2010-01-28
2025-07-18 02:16:46,170 - INFO - 📰 Scraping The Hindu - 2010-01-29
2025-07-18 02:16:49,497 - INFO - 📰 Scraping The Hindu - 2010-01-30
2025-07-18 02:16:53,633 - INFO - 📰 Scraping The Hindu - 2010-01-31
2025-07-18 02:16:56,079 - INFO - 📰 Scraping The Hindu - 2010-02-01
2025-07-18 02:17:00,420 - INFO - 📰 Scraping The Hindu - 2010-02-02
2025-07-18 02:17:02,878 - INFO - 📰 Scraping The Hindu - 2010-02-03
2025-07-18 02:17:06,757 - INFO - 📰 Scraping The Hindu - 2010-02-04
2025-07-18 02:17:10,745 - INFO - 📰 Scraping The Hindu - 2010-02-05
2025-07-18 02:17:14,715 - INFO - 📰 Scraping The Hindu - 2010-02-06
2025-07-18 02:17:17,775 - INFO - 📰 Scraping The Hindu - 2010-02-07
2025-07-18 02:17:20,413 - INFO - 📰 Scraping The Hindu - 2010-02-08
2025-07-18 02:17:23,544 - INFO - 📰 Scraping The Hindu - 2010-02-09
2025-07-18 02:17:27,425 - INFO - 📰 Scraping The Hindu - 2010-02-10
2025-07-18 02:17:31,376 - INFO - 📰 Scraping The Hindu - 2010-02-11
2025-07-18 02:17:34,582 - INFO - 📰 Scraping The Hindu - 2010-02-12
2025-07-18 02:17:38,089 - INFO - 📰 Scraping The Hindu - 2010-02-13
2025-07-18 02:17:41,497 - INFO - 📰 Scraping The Hindu - 2010-02-14
2025-07-18 02:17:44,931 - INFO - 📰 Scraping The Hindu - 2010-02-15
2025-07-18 02:17:48,602 - INFO - 📰 Scraping The Hindu - 2010-02-16
2025-07-18 02:17:51,208 - INFO - 📰 Scraping The Hindu - 2010-02-17
2025-07-18 02:17:54,776 - INFO - 📰 Scraping The Hindu - 2010-02-18
2025-07-18 02:17:58,171 - INFO - 📰 Scraping The Hindu - 2010-02-19
2025-07-18 02:18:01,635 - INFO - 📰 Scraping The Hindu - 2010-02-20
2025-07-18 02:18:04,260 - INFO - 📰 Scraping The Hindu - 2010-02-21
2025-07-18 02:18:06,671 - INFO - 📰 Scraping The Hindu - 2010-02-22
2025-07-18 02:18:09,218 - INFO - 📰 Scraping The Hindu - 2010-02-23
2025-07-18 02:18:13,016 - INFO - 📰 Scraping The Hindu - 2010-02-24
2025-07-18 02:18:15,966 - INFO - 📰 Scraping The Hindu - 2010-02-25
2025-07-18 02:18:19,115 - INFO - 📰 Scraping The Hindu - 2010-02-26
2025-07-18 02:18:21,700 - INFO - 📰 Scraping The Hindu - 2010-02-27
2025-07-18 02:18:24,263 - INFO - 📰 Scraping The Hindu - 2010-02-28
2025-07-18 02:18:28,333 - INFO - 📰 Scraping The Hindu - 2010-03-01
2025-07-18 02:18:30,946 - INFO - 📰 Scraping The Hindu - 2010-03-02
2025-07-18 02:18:34,390 - INFO - 📰 Scraping The Hindu - 2010-03-03
2025-07-18 02:18:37,036 - INFO - 📰 Scraping The Hindu - 2010-03-04
2025-07-18 02:18:40,397 - INFO - 📰 Scraping The Hindu - 2010-03-05
2025-07-18 02:18:43,098 - INFO - 📰 Scraping The Hindu - 2010-03-06
2025-07-18 02:18:47,112 - INFO - 📰 Scraping The Hindu - 2010-03-07
2025-07-18 02:18:51,457 - INFO - 📰 Scraping The Hindu - 2010-03-08
2025-07-18 02:18:54,219 - INFO - 📰 Scraping The Hindu - 2010-03-09
2025-07-18 02:18:57,874 - INFO - 📰 Scraping The Hindu - 2010-03-10
2025-07-18 02:19:02,169 - INFO - 📰 Scraping The Hindu - 2010-03-11
2025-07-18 02:19:04,815 - INFO - 📰 Scraping The Hindu - 2010-03-12
2025-07-18 02:19:08,083 - INFO - 📰 Scraping The Hindu - 2010-03-13
2025-07-18 02:19:12,054 - INFO - 📰 Scraping The Hindu - 2010-03-14
2025-07-18 02:19:15,786 - INFO - 📰 Scraping The Hindu - 2010-03-15
2025-07-18 02:19:19,185 - INFO - 📰 Scraping The Hindu - 2010-03-16
2025-07-18 02:19:21,762 - INFO - 📰 Scraping The Hindu - 2010-03-17
2025-07-18 02:19:24,246 - INFO - 📰 Scraping The Hindu - 2010-03-18
2025-07-18 02:19:27,207 - INFO - 📰 Scraping The Hindu - 2010-03-19
2025-07-18 02:19:31,119 - INFO - 📰 Scraping The Hindu - 2010-03-20
2025-07-18 02:19:34,638 - INFO - 📰 Scraping The Hindu - 2010-03-21
2025-07-18 02:19:37,949 - INFO - 📰 Scraping The Hindu - 2010-03-22
2025-07-18 02:19:41,709 - INFO - 📰 Scraping The Hindu - 2010-03-23
2025-07-18 02:19:45,324 - INFO - 📰 Scraping The Hindu - 2010-03-24
2025-07-18 02:19:48,080 - INFO - 📰 Scraping The Hindu - 2010-03-25
2025-07-18 02:19:50,937 - INFO - 📰 Scraping The Hindu - 2010-03-26
2025-07-18 02:19:54,861 - INFO - 📰 Scraping The Hindu - 2010-03-27
2025-07-18 02:19:58,357 - INFO - 📰 Scraping The Hindu - 2010-03-28
2025-07-18 02:20:01,276 - INFO - 📰 Scraping The Hindu - 2010-03-29
2025-07-18 02:20:04,585 - INFO - 📰 Scraping The Hindu - 2010-03-30
2025-07-18 02:20:08,575 - INFO - 📰 Scraping The Hindu - 2010-03-31
2025-07-18 02:20:12,556 - INFO - 📰 Scraping The Hindu - 2010-04-01
2025-07-18 02:20:16,516 - INFO - 📰 Scraping The Hindu - 2010-04-02
2025-07-18 02:20:20,751 - INFO - 📰 Scraping The Hindu - 2010-04-03
2025-07-18 02:20:24,855 - INFO - 📰 Scraping The Hindu - 2010-04-04
2025-07-18 02:20:27,529 - INFO - 📰 Scraping The Hindu - 2010-04-05
2025-07-18 02:20:30,941 - INFO - 📰 Scraping The Hindu - 2010-04-06
2025-07-18 02:20:34,769 - INFO - 📰 Scraping The Hindu - 2010-04-07
2025-07-18 02:20:37,364 - INFO - 📰 Scraping The Hindu - 2010-04-08
2025-07-18 02:20:40,895 - INFO - 📰 Scraping The Hindu - 2010-04-09
2025-07-18 02:20:44,810 - INFO - 📰 Scraping The Hindu - 2010-04-10
2025-07-18 02:20:47,880 - INFO - 📰 Scraping The Hindu - 2010-04-11
2025-07-18 02:20:50,701 - INFO - 📰 Scraping The Hindu - 2010-04-12
2025-07-18 02:20:53,594 - INFO - 📰 Scraping The Hindu - 2010-04-13
2025-07-18 02:20:57,215 - INFO - 📰 Scraping The Hindu - 2010-04-14
2025-07-18 02:21:00,015 - INFO - 📰 Scraping The Hindu - 2010-04-15
2025-07-18 02:21:03,173 - INFO - 📰 Scraping The Hindu - 2010-04-16
2025-07-18 02:21:05,590 - INFO - 📰 Scraping The Hindu - 2010-04-17
2025-07-18 02:21:09,026 - INFO - 📰 Scraping The Hindu - 2010-04-18
2025-07-18 02:21:12,328 - INFO - 📰 Scraping The Hindu - 2010-04-19
2025-07-18 02:21:16,652 - INFO - 📰 Scraping The Hindu - 2010-04-20
2025-07-18 02:21:20,675 - INFO - 📰 Scraping The Hindu - 2010-04-21
2025-07-18 02:21:23,476 - INFO - 📰 Scraping The Hindu - 2010-04-22
2025-07-18 02:21:26,620 - INFO - 📰 Scraping The Hindu - 2010-04-23
2025-07-18 02:21:30,481 - INFO - 📰 Scraping The Hindu - 2010-04-24
2025-07-18 02:21:33,713 - INFO - 📰 Scraping The Hindu - 2010-04-25
2025-07-18 02:21:37,287 - INFO - 📰 Scraping The Hindu - 2010-04-26
2025-07-18 02:21:41,471 - INFO - 📰 Scraping The Hindu - 2010-04-27
2025-07-18 02:21:44,022 - INFO - 📰 Scraping The Hindu - 2010-04-28
2025-07-18 02:21:47,317 - INFO - 📰 Scraping The Hindu - 2010-04-29
2025-07-18 02:21:50,449 - INFO - 📰 Scraping The Hindu - 2010-04-30
2025-07-18 02:21:53,977 - INFO - 📰 Scraping The Hindu - 2010-05-01
2025-07-18 02:21:57,015 - INFO - 📰 Scraping The Hindu - 2010-05-02
2025-07-18 02:22:01,176 - INFO - 📰 Scraping The Hindu - 2010-05-03
2025-07-18 02:22:05,413 - INFO - 📰 Scraping The Hindu - 2010-05-04
2025-07-18 02:22:08,830 - INFO - 📰 Scraping The Hindu - 2010-05-05
2025-07-18 02:22:11,466 - INFO - 📰 Scraping The Hindu - 2010-05-06
2025-07-18 02:22:15,776 - INFO - 📰 Scraping The Hindu - 2010-05-07
2025-07-18 02:22:18,588 - INFO - 📰 Scraping The Hindu - 2010-05-08
2025-07-18 02:22:22,484 - INFO - 📰 Scraping The Hindu - 2010-05-09
2025-07-18 02:22:25,987 - INFO - 📰 Scraping The Hindu - 2010-05-10
2025-07-18 02:22:30,176 - INFO - 📰 Scraping The Hindu - 2010-05-11
2025-07-18 02:22:34,534 - INFO - 📰 Scraping The Hindu - 2010-05-12
2025-07-18 02:22:37,721 - INFO - 📰 Scraping The Hindu - 2010-05-13
2025-07-18 02:22:41,880 - INFO - 📰 Scraping The Hindu - 2010-05-14
2025-07-18 02:22:45,817 - INFO - 📰 Scraping The Hindu - 2010-05-15
2025-07-18 02:22:49,541 - INFO - 📰 Scraping The Hindu - 2010-05-16
2025-07-18 02:22:51,961 - INFO - 📰 Scraping The Hindu - 2010-05-17
2025-07-18 02:22:55,430 - INFO - 📰 Scraping The Hindu - 2010-05-18
2025-07-18 02:22:59,427 - INFO - 📰 Scraping The Hindu - 2010-05-19
2025-07-18 02:23:02,337 - INFO - 📰 Scraping The Hindu - 2010-05-20
2025-07-18 02:23:05,596 - INFO - 📰 Scraping The Hindu - 2010-05-21
2025-07-18 02:23:08,260 - INFO - 📰 Scraping The Hindu - 2010-05-22
2025-07-18 02:23:11,298 - INFO - 📰 Scraping The Hindu - 2010-05-23
2025-07-18 02:23:13,855 - INFO - 📰 Scraping The Hindu - 2010-05-24
2025-07-18 02:23:17,612 - INFO - 📰 Scraping The Hindu - 2010-05-25
2025-07-18 02:23:20,422 - INFO - 📰 Scraping The Hindu - 2010-05-26
2025-07-18 02:23:22,985 - INFO - 📰 Scraping The Hindu - 2010-05-27
2025-07-18 02:23:26,432 - INFO - 📰 Scraping The Hindu - 2010-05-28
2025-07-18 02:23:29,946 - INFO - 📰 Scraping The Hindu - 2010-05-29
2025-07-18 02:23:34,201 - INFO - 📰 Scraping The Hindu - 2010-05-30
2025-07-18 02:23:37,219 - INFO - 📰 Scraping The Hindu - 2010-05-31
2025-07-18 02:23:40,580 - INFO - 📰 Scraping The Hindu - 2010-06-01
2025-07-18 02:23:44,936 - INFO - 📰 Scraping The Hindu - 2010-06-02
2025-07-18 02:23:48,421 - INFO - 📰 Scraping The Hindu - 2010-06-03
2025-07-18 02:23:51,495 - INFO - 📰 Scraping The Hindu - 2010-06-04
2025-07-18 02:23:55,080 - INFO - 📰 Scraping The Hindu - 2010-06-05
2025-07-18 02:23:58,746 - INFO - 📰 Scraping The Hindu - 2010-06-06
2025-07-18 02:24:03,050 - INFO - 📰 Scraping The Hindu - 2010-06-07
2025-07-18 02:24:05,997 - INFO - 📰 Scraping The Hindu - 2010-06-08
2025-07-18 02:24:09,595 - INFO - 📰 Scraping The Hindu - 2010-06-09
2025-07-18 02:24:12,758 - INFO - 📰 Scraping The Hindu - 2010-06-10
2025-07-18 02:24:16,126 - INFO - 📰 Scraping The Hindu - 2010-06-11
2025-07-18 02:24:18,601 - INFO - 📰 Scraping The Hindu - 2010-06-12
2025-07-18 02:24:22,307 - INFO - 📰 Scraping The Hindu - 2010-06-13
2025-07-18 02:24:26,468 - INFO - 📰 Scraping The Hindu - 2010-06-14
2025-07-18 02:24:29,830 - INFO - 📰 Scraping The Hindu - 2010-06-15
2025-07-18 02:24:33,934 - INFO - 📰 Scraping The Hindu - 2010-06-16
2025-07-18 02:24:38,091 - INFO - 📰 Scraping The Hindu - 2010-06-17
2025-07-18 02:24:40,783 - INFO - 📰 Scraping The Hindu - 2010-06-18
2025-07-18 02:24:45,034 - INFO - 📰 Scraping The Hindu - 2010-06-19
2025-07-18 02:24:49,055 - INFO - 📰 Scraping The Hindu - 2010-06-20
2025-07-18 02:24:51,541 - INFO - 📰 Scraping The Hindu - 2010-06-21
2025-07-18 02:24:54,862 - INFO - 📰 Scraping The Hindu - 2010-06-22
2025-07-18 02:24:57,497 - INFO - 📰 Scraping The Hindu - 2010-06-23
2025-07-18 02:25:01,260 - INFO - 📰 Scraping The Hindu - 2010-06-24
2025-07-18 02:25:04,985 - INFO - 📰 Scraping The Hindu - 2010-06-25
2025-07-18 02:25:07,783 - INFO - 📰 Scraping The Hindu - 2010-06-26
2025-07-18 02:25:11,419 - INFO - 📰 Scraping The Hindu - 2010-06-27
2025-07-18 02:25:15,246 - INFO - 📰 Scraping The Hindu - 2010-06-28
2025-07-18 02:25:18,544 - INFO - 📰 Scraping The Hindu - 2010-06-29
2025-07-18 02:25:22,411 - INFO - 📰 Scraping The Hindu - 2010-06-30
2025-07-18 02:25:25,402 - INFO - 📰 Scraping The Hindu - 2010-07-01
2025-07-18 02:25:28,487 - INFO - 📰 Scraping The Hindu - 2010-07-02
2025-07-18 02:25:31,649 - INFO - 📰 Scraping The Hindu - 2010-07-03
2025-07-18 02:25:35,487 - INFO - 📰 Scraping The Hindu - 2010-07-04
2025-07-18 02:25:39,390 - INFO - 📰 Scraping The Hindu - 2010-07-05
2025-07-18 02:25:42,925 - INFO - 📰 Scraping The Hindu - 2010-07-06
2025-07-18 02:25:46,132 - INFO - 📰 Scraping The Hindu - 2010-07-07
2025-07-18 02:25:50,200 - INFO - 📰 Scraping The Hindu - 2010-07-08
2025-07-18 02:25:54,518 - INFO - 📰 Scraping The Hindu - 2010-07-09
2025-07-18 02:25:57,627 - INFO - 📰 Scraping The Hindu - 2010-07-10
2025-07-18 02:26:00,101 - INFO - 📰 Scraping The Hindu - 2010-07-11
2025-07-18 02:26:03,165 - INFO - 📰 Scraping The Hindu - 2010-07-12
2025-07-18 02:26:07,270 - INFO - 📰 Scraping The Hindu - 2010-07-13
2025-07-18 02:26:10,703 - INFO - 📰 Scraping The Hindu - 2010-07-14
2025-07-18 02:26:13,185 - INFO - 📰 Scraping The Hindu - 2010-07-15
2025-07-18 02:26:16,377 - INFO - 📰 Scraping The Hindu - 2010-07-16
2025-07-18 02:26:19,283 - INFO - 📰 Scraping The Hindu - 2010-07-17
2025-07-18 02:26:21,819 - INFO - 📰 Scraping The Hindu - 2010-07-18
2025-07-18 02:26:24,378 - INFO - 📰 Scraping The Hindu - 2010-07-19
2025-07-18 02:26:28,058 - INFO - 📰 Scraping The Hindu - 2010-07-20
2025-07-18 02:26:31,018 - INFO - 📰 Scraping The Hindu - 2010-07-21
2025-07-18 02:26:34,041 - INFO - 📰 Scraping The Hindu - 2010-07-22
2025-07-18 02:26:37,796 - INFO - 📰 Scraping The Hindu - 2010-07-23
2025-07-18 02:26:40,275 - INFO - 📰 Scraping The Hindu - 2010-07-24
2025-07-18 02:26:44,393 - INFO - 📰 Scraping The Hindu - 2010-07-25
2025-07-18 02:26:48,397 - INFO - 📰 Scraping The Hindu - 2010-07-26
2025-07-18 02:26:51,005 - INFO - 📰 Scraping The Hindu - 2010-07-27
2025-07-18 02:26:54,250 - INFO - 📰 Scraping The Hindu - 2010-07-28
2025-07-18 02:26:57,001 - INFO - 📰 Scraping The Hindu - 2010-07-29
2025-07-18 02:26:59,645 - INFO - 📰 Scraping The Hindu - 2010-07-30
2025-07-18 02:27:03,045 - INFO - 📰 Scraping The Hindu - 2010-07-31
2025-07-18 02:27:06,767 - INFO - 📰 Scraping The Hindu - 2010-08-01
2025-07-18 02:27:09,293 - INFO - 📰 Scraping The Hindu - 2010-08-02
2025-07-18 02:27:12,826 - INFO - 📰 Scraping The Hindu - 2010-08-03
2025-07-18 02:27:15,385 - INFO - 📰 Scraping The Hindu - 2010-08-04
2025-07-18 02:27:19,003 - INFO - 📰 Scraping The Hindu - 2010-08-05
2025-07-18 02:27:21,866 - INFO - 📰 Scraping The Hindu - 2010-08-06
2025-07-18 02:27:26,033 - INFO - 📰 Scraping The Hindu - 2010-08-07
2025-07-18 02:27:29,286 - INFO - 📰 Scraping The Hindu - 2010-08-08
2025-07-18 02:27:31,968 - INFO - 📰 Scraping The Hindu - 2010-08-09
2025-07-18 02:27:36,216 - INFO - 📰 Scraping The Hindu - 2010-08-10
2025-07-18 02:27:40,307 - INFO - 📰 Scraping The Hindu - 2010-08-11
2025-07-18 02:27:42,825 - INFO - 📰 Scraping The Hindu - 2010-08-12
2025-07-18 02:27:45,255 - INFO - 📰 Scraping The Hindu - 2010-08-13
2025-07-18 02:27:49,239 - INFO - 📰 Scraping The Hindu - 2010-08-14
2025-07-18 02:27:51,898 - INFO - 📰 Scraping The Hindu - 2010-08-15
2025-07-18 02:27:55,875 - INFO - 📰 Scraping The Hindu - 2010-08-16
2025-07-18 02:28:00,020 - INFO - 📰 Scraping The Hindu - 2010-08-17
2025-07-18 02:28:04,334 - INFO - 📰 Scraping The Hindu - 2010-08-18
2025-07-18 02:28:06,936 - INFO - 📰 Scraping The Hindu - 2010-08-19
2025-07-18 02:28:10,434 - INFO - 📰 Scraping The Hindu - 2010-08-20
2025-07-18 02:28:14,203 - INFO - 📰 Scraping The Hindu - 2010-08-21
2025-07-18 02:28:16,919 - INFO - 📰 Scraping The Hindu - 2010-08-22
2025-07-18 02:28:19,649 - INFO - 📰 Scraping The Hindu - 2010-08-23
2025-07-18 02:28:22,395 - INFO - 📰 Scraping The Hindu - 2010-08-24
2025-07-18 02:28:24,912 - INFO - 📰 Scraping The Hindu - 2010-08-25
2025-07-18 02:28:28,439 - INFO - 📰 Scraping The Hindu - 2010-08-26
2025-07-18 02:28:31,648 - INFO - 📰 Scraping The Hindu - 2010-08-27
2025-07-18 02:28:34,650 - INFO - 📰 Scraping The Hindu - 2010-08-28
2025-07-18 02:28:38,794 - INFO - 📰 Scraping The Hindu - 2010-08-29
2025-07-18 02:28:41,493 - INFO - 📰 Scraping The Hindu - 2010-08-30
2025-07-18 02:28:45,162 - INFO - 📰 Scraping The Hindu - 2010-08-31
2025-07-18 02:28:49,070 - INFO - 📰 Scraping The Hindu - 2010-09-01
2025-07-18 02:28:52,861 - INFO - 📰 Scraping The Hindu - 2010-09-02
2025-07-18 02:28:55,915 - INFO - 📰 Scraping The Hindu - 2010-09-03
2025-07-18 02:28:58,652 - INFO - 📰 Scraping The Hindu - 2010-09-04
2025-07-18 02:29:02,424 - INFO - 📰 Scraping The Hindu - 2010-09-05
2025-07-18 02:29:06,539 - INFO - 📰 Scraping The Hindu - 2010-09-06
2025-07-18 02:29:10,650 - INFO - 📰 Scraping The Hindu - 2010-09-07
2025-07-18 02:29:13,547 - INFO - 📰 Scraping The Hindu - 2010-09-08
2025-07-18 02:29:17,154 - INFO - 📰 Scraping The Hindu - 2010-09-09
2025-07-18 02:29:20,306 - INFO - 📰 Scraping The Hindu - 2010-09-10
2025-07-18 02:29:23,242 - INFO - 📰 Scraping The Hindu - 2010-09-11
2025-07-18 02:29:26,212 - INFO - 📰 Scraping The Hindu - 2010-09-12
2025-07-18 02:29:29,600 - INFO - 📰 Scraping The Hindu - 2010-09-13
2025-07-18 02:29:32,353 - INFO - 📰 Scraping The Hindu - 2010-09-14
2025-07-18 02:29:35,889 - INFO - 📰 Scraping The Hindu - 2010-09-15
2025-07-18 02:29:40,109 - INFO - 📰 Scraping The Hindu - 2010-09-16
2025-07-18 02:29:43,112 - INFO - 📰 Scraping The Hindu - 2010-09-17
2025-07-18 02:29:46,990 - INFO - 📰 Scraping The Hindu - 2010-09-18
2025-07-18 02:29:50,397 - INFO - 📰 Scraping The Hindu - 2010-09-19
2025-07-18 02:29:52,878 - INFO - 📰 Scraping The Hindu - 2010-09-20
2025-07-18 02:29:55,862 - INFO - 📰 Scraping The Hindu - 2010-09-21
2025-07-18 02:30:00,064 - INFO - 📰 Scraping The Hindu - 2010-09-22
2025-07-18 02:30:02,555 - INFO - 📰 Scraping The Hindu - 2010-09-23
2025-07-18 02:30:05,413 - INFO - 📰 Scraping The Hindu - 2010-09-24
2025-07-18 02:30:08,930 - INFO - 📰 Scraping The Hindu - 2010-09-25
2025-07-18 02:30:11,472 - INFO - 📰 Scraping The Hindu - 2010-09-26
2025-07-18 02:30:14,337 - INFO - 📰 Scraping The Hindu - 2010-09-27
2025-07-18 02:30:16,754 - INFO - 📰 Scraping The Hindu - 2010-09-28
2025-07-18 02:30:20,496 - INFO - 📰 Scraping The Hindu - 2010-09-29
2025-07-18 02:30:23,524 - INFO - 📰 Scraping The Hindu - 2010-09-30
2025-07-18 02:30:26,502 - INFO - 📰 Scraping The Hindu - 2010-10-01
2025-07-18 02:30:28,941 - INFO - 📰 Scraping The Hindu - 2010-10-02
2025-07-18 02:30:31,793 - INFO - 📰 Scraping The Hindu - 2010-10-03
2025-07-18 02:30:35,165 - INFO - 📰 Scraping The Hindu - 2010-10-04
2025-07-18 02:30:38,538 - INFO - 📰 Scraping The Hindu - 2010-10-05
2025-07-18 02:30:41,212 - INFO - 📰 Scraping The Hindu - 2010-10-06
2025-07-18 02:30:44,437 - INFO - 📰 Scraping The Hindu - 2010-10-07
2025-07-18 02:30:48,580 - INFO - 📰 Scraping The Hindu - 2010-10-08
2025-07-18 02:30:51,983 - INFO - 📰 Scraping The Hindu - 2010-10-09
2025-07-18 02:30:55,678 - INFO - 📰 Scraping The Hindu - 2010-10-10
2025-07-18 02:30:58,151 - INFO - 📰 Scraping The Hindu - 2010-10-11
2025-07-18 02:31:01,507 - INFO - 📰 Scraping The Hindu - 2010-10-12
2025-07-18 02:31:04,940 - INFO - 📰 Scraping The Hindu - 2010-10-13
2025-07-18 02:31:07,430 - INFO - 📰 Scraping The Hindu - 2010-10-14
2025-07-18 02:31:10,585 - INFO - 📰 Scraping The Hindu - 2010-10-15
2025-07-18 02:31:14,800 - INFO - 📰 Scraping The Hindu - 2010-10-16
2025-07-18 02:31:19,025 - INFO - 📰 Scraping The Hindu - 2010-10-17
2025-07-18 02:31:23,313 - INFO - 📰 Scraping The Hindu - 2010-10-18
2025-07-18 02:31:26,491 - INFO - 📰 Scraping The Hindu - 2010-10-19
2025-07-18 02:31:30,629 - INFO - 📰 Scraping The Hindu - 2010-10-20
2025-07-18 02:31:33,834 - INFO - 📰 Scraping The Hindu - 2010-10-21
2025-07-18 02:31:36,660 - INFO - 📰 Scraping The Hindu - 2010-10-22
2025-07-18 02:31:40,271 - INFO - 📰 Scraping The Hindu - 2010-10-23
2025-07-18 02:31:43,938 - INFO - 📰 Scraping The Hindu - 2010-10-24
2025-07-18 02:31:48,032 - INFO - 📰 Scraping The Hindu - 2010-10-25
2025-07-18 02:31:50,993 - INFO - 📰 Scraping The Hindu - 2010-10-26
2025-07-18 02:31:54,733 - INFO - 📰 Scraping The Hindu - 2010-10-27
2025-07-18 02:31:58,781 - INFO - 📰 Scraping The Hindu - 2010-10-28
2025-07-18 02:32:02,712 - INFO - 📰 Scraping The Hindu - 2010-10-29
2025-07-18 02:32:05,183 - INFO - 📰 Scraping The Hindu - 2010-10-30
2025-07-18 02:32:07,767 - INFO - 📰 Scraping The Hindu - 2010-10-31
2025-07-18 02:32:10,601 - INFO - 📰 Scraping The Hindu - 2010-11-01
2025-07-18 02:32:13,226 - INFO - 📰 Scraping The Hindu - 2010-11-02
2025-07-18 02:32:16,158 - INFO - 📰 Scraping The Hindu - 2010-11-03
2025-07-18 02:32:20,085 - INFO - 📰 Scraping The Hindu - 2010-11-04
2025-07-18 02:32:22,843 - INFO - 📰 Scraping The Hindu - 2010-11-05
2025-07-18 02:32:26,776 - INFO - 📰 Scraping The Hindu - 2010-11-06
2025-07-18 02:32:30,379 - INFO - 📰 Scraping The Hindu - 2010-11-07
2025-07-18 02:32:32,921 - INFO - 📰 Scraping The Hindu - 2010-11-08
2025-07-18 02:32:35,686 - INFO - 📰 Scraping The Hindu - 2010-11-09
2025-07-18 02:32:38,951 - INFO - 📰 Scraping The Hindu - 2010-11-10
2025-07-18 02:32:43,092 - INFO - 📰 Scraping The Hindu - 2010-11-11
2025-07-18 02:32:45,602 - INFO - 📰 Scraping The Hindu - 2010-11-12
2025-07-18 02:32:49,715 - INFO - 📰 Scraping The Hindu - 2010-11-13
2025-07-18 02:32:52,156 - INFO - 📰 Scraping The Hindu - 2010-11-14
2025-07-18 02:32:55,836 - INFO - 📰 Scraping The Hindu - 2010-11-15
2025-07-18 02:32:58,747 - INFO - 📰 Scraping The Hindu - 2010-11-16
2025-07-18 02:33:02,062 - INFO - 📰 Scraping The Hindu - 2010-11-17
2025-07-18 02:33:04,847 - INFO - 📰 Scraping The Hindu - 2010-11-18
2025-07-18 02:33:09,047 - INFO - 📰 Scraping The Hindu - 2010-11-19
2025-07-18 02:33:12,236 - INFO - 📰 Scraping The Hindu - 2010-11-20
2025-07-18 02:33:16,109 - INFO - 📰 Scraping The Hindu - 2010-11-21
2025-07-18 02:33:19,328 - INFO - 📰 Scraping The Hindu - 2010-11-22
2025-07-18 02:33:22,599 - INFO - 📰 Scraping The Hindu - 2010-11-23
2025-07-18 02:33:26,124 - INFO - 📰 Scraping The Hindu - 2010-11-24
2025-07-18 02:33:29,095 - INFO - 📰 Scraping The Hindu - 2010-11-25
2025-07-18 02:33:31,723 - INFO - 📰 Scraping The Hindu - 2010-11-26
2025-07-18 02:33:35,584 - INFO - 📰 Scraping The Hindu - 2010-11-27
2025-07-18 02:33:39,154 - INFO - 📰 Scraping The Hindu - 2010-11-28
2025-07-18 02:33:42,883 - INFO - 📰 Scraping The Hindu - 2010-11-29
2025-07-18 02:33:46,145 - INFO - 📰 Scraping The Hindu - 2010-11-30
2025-07-18 02:33:48,566 - INFO - 📰 Scraping The Hindu - 2010-12-01
2025-07-18 02:33:51,829 - INFO - 📰 Scraping The Hindu - 2010-12-02
2025-07-18 02:33:55,794 - INFO - 📰 Scraping The Hindu - 2010-12-03
2025-07-18 02:33:59,376 - INFO - 📰 Scraping The Hindu - 2010-12-04
2025-07-18 02:34:03,173 - INFO - 📰 Scraping The Hindu - 2010-12-05
2025-07-18 02:34:05,998 - INFO - 📰 Scraping The Hindu - 2010-12-06
2025-07-18 02:34:09,443 - INFO - 📰 Scraping The Hindu - 2010-12-07
2025-07-18 02:34:11,993 - INFO - 📰 Scraping The Hindu - 2010-12-08
2025-07-18 02:34:15,016 - INFO - 📰 Scraping The Hindu - 2010-12-09
2025-07-18 02:34:18,581 - INFO - 📰 Scraping The Hindu - 2010-12-10
2025-07-18 02:34:22,499 - INFO - 📰 Scraping The Hindu - 2010-12-11
2025-07-18 02:34:26,244 - INFO - 📰 Scraping The Hindu - 2010-12-12
2025-07-18 02:34:30,588 - INFO - 📰 Scraping The Hindu - 2010-12-13
2025-07-18 02:34:32,967 - INFO - 📰 Scraping The Hindu - 2010-12-14
2025-07-18 02:34:36,958 - INFO - 📰 Scraping The Hindu - 2010-12-15
2025-07-18 02:34:40,047 - INFO - 📰 Scraping The Hindu - 2010-12-16
2025-07-18 02:34:43,767 - INFO - 📰 Scraping The Hindu - 2010-12-17
2025-07-18 02:34:46,470 - INFO - 📰 Scraping The Hindu - 2010-12-18
2025-07-18 02:34:49,024 - INFO - 📰 Scraping The Hindu - 2010-12-19
2025-07-18 02:34:51,959 - INFO - 📰 Scraping The Hindu - 2010-12-20
2025-07-18 02:34:56,126 - INFO - 📰 Scraping The Hindu - 2010-12-21
2025-07-18 02:34:59,042 - INFO - 📰 Scraping The Hindu - 2010-12-22
2025-07-18 02:35:02,454 - INFO - 📰 Scraping The Hindu - 2010-12-23
2025-07-18 02:35:06,251 - INFO - 📰 Scraping The Hindu - 2010-12-24
2025-07-18 02:35:10,318 - INFO - 📰 Scraping The Hindu - 2010-12-25
2025-07-18 02:35:13,357 - INFO - 📰 Scraping The Hindu - 2010-12-26
2025-07-18 02:35:16,189 - INFO - 📰 Scraping The Hindu - 2010-12-27
2025-07-18 02:35:20,365 - INFO - 📰 Scraping The Hindu - 2010-12-28
2025-07-18 02:35:23,369 - INFO - 📰 Scraping The Hindu - 2010-12-29
2025-07-18 02:35:26,799 - INFO - 📰 Scraping The Hindu - 2010-12-30
2025-07-18 02:35:30,380 - INFO - 📰 Scraping The Hindu - 2010-12-31
2025-07-18 02:35:34,661 - INFO - 📰 Scraping The Hindu - 2011-01-01
2025-07-18 02:35:37,320 - INFO - 📰 Scraping The Hindu - 2011-01-02
2025-07-18 02:35:40,731 - INFO - 📰 Scraping The Hindu - 2011-01-03
2025-07-18 02:35:43,531 - INFO - 📰 Scraping The Hindu - 2011-01-04
2025-07-18 02:35:46,169 - INFO - 📰 Scraping The Hindu - 2011-01-05
2025-07-18 02:35:50,179 - INFO - 📰 Scraping The Hindu - 2011-01-06
2025-07-18 02:35:52,897 - INFO - 📰 Scraping The Hindu - 2011-01-07
2025-07-18 02:35:55,467 - INFO - 📰 Scraping The Hindu - 2011-01-08
2025-07-18 02:35:58,199 - INFO - 📰 Scraping The Hindu - 2011-01-09
2025-07-18 02:36:02,238 - INFO - 📰 Scraping The Hindu - 2011-01-10
2025-07-18 02:36:05,238 - INFO - 📰 Scraping The Hindu - 2011-01-11
2025-07-18 02:36:08,820 - INFO - 📰 Scraping The Hindu - 2011-01-12
2025-07-18 02:36:12,135 - INFO - 📰 Scraping The Hindu - 2011-01-13
2025-07-18 02:36:16,449 - INFO - 📰 Scraping The Hindu - 2011-01-14
2025-07-18 02:36:19,068 - INFO - 📰 Scraping The Hindu - 2011-01-15
2025-07-18 02:36:22,576 - INFO - 📰 Scraping The Hindu - 2011-01-16
2025-07-18 02:36:25,651 - INFO - 📰 Scraping The Hindu - 2011-01-17
2025-07-18 02:36:28,654 - INFO - 📰 Scraping The Hindu - 2011-01-18
2025-07-18 02:36:32,495 - INFO - 📰 Scraping The Hindu - 2011-01-19
2025-07-18 02:36:35,211 - INFO - 📰 Scraping The Hindu - 2011-01-20
2025-07-18 02:36:38,034 - INFO - 📰 Scraping The Hindu - 2011-01-21
2025-07-18 02:36:41,516 - INFO - 📰 Scraping The Hindu - 2011-01-22
2025-07-18 02:36:45,576 - INFO - 📰 Scraping The Hindu - 2011-01-23
2025-07-18 02:36:48,062 - INFO - 📰 Scraping The Hindu - 2011-01-24
2025-07-18 02:36:52,000 - INFO - 📰 Scraping The Hindu - 2011-01-25
2025-07-18 02:36:56,324 - INFO - 📰 Scraping The Hindu - 2011-01-26
2025-07-18 02:36:59,059 - INFO - 📰 Scraping The Hindu - 2011-01-27
2025-07-18 02:37:02,547 - INFO - 📰 Scraping The Hindu - 2011-01-28
2025-07-18 02:37:06,856 - INFO - 📰 Scraping The Hindu - 2011-01-29
2025-07-18 02:37:09,909 - INFO - 📰 Scraping The Hindu - 2011-01-30
2025-07-18 02:37:12,797 - INFO - 📰 Scraping The Hindu - 2011-01-31
2025-07-18 02:37:17,011 - INFO - 📰 Scraping The Hindu - 2011-02-01
2025-07-18 02:37:20,003 - INFO - 📰 Scraping The Hindu - 2011-02-02
2025-07-18 02:37:22,692 - INFO - 📰 Scraping The Hindu - 2011-02-03
2025-07-18 02:37:25,359 - INFO - 📰 Scraping The Hindu - 2011-02-04
2025-07-18 02:37:29,334 - INFO - 📰 Scraping The Hindu - 2011-02-05
2025-07-18 02:37:32,406 - INFO - 📰 Scraping The Hindu - 2011-02-06
2025-07-18 02:37:34,986 - INFO - 📰 Scraping The Hindu - 2011-02-07
2025-07-18 02:37:38,635 - INFO - 📰 Scraping The Hindu - 2011-02-08
2025-07-18 02:37:41,077 - INFO - 📰 Scraping The Hindu - 2011-02-09
2025-07-18 02:37:43,908 - INFO - 📰 Scraping The Hindu - 2011-02-10
2025-07-18 02:37:47,484 - INFO - 📰 Scraping The Hindu - 2011-02-11
2025-07-18 02:37:51,080 - INFO - 📰 Scraping The Hindu - 2011-02-12
2025-07-18 02:37:53,885 - INFO - 📰 Scraping The Hindu - 2011-02-13
2025-07-18 02:37:57,646 - INFO - 📰 Scraping The Hindu - 2011-02-14
2025-07-18 02:38:00,302 - INFO - 📰 Scraping The Hindu - 2011-02-15
2025-07-18 02:38:02,859 - INFO - 📰 Scraping The Hindu - 2011-02-16
2025-07-18 02:38:05,861 - INFO - 📰 Scraping The Hindu - 2011-02-17
2025-07-18 02:38:08,451 - INFO - 📰 Scraping The Hindu - 2011-02-18
2025-07-18 02:38:12,411 - INFO - 📰 Scraping The Hindu - 2011-02-19
2025-07-18 02:38:15,389 - INFO - 📰 Scraping The Hindu - 2011-02-20
2025-07-18 02:38:18,021 - INFO - 📰 Scraping The Hindu - 2011-02-21
2025-07-18 02:38:21,681 - INFO - 📰 Scraping The Hindu - 2011-02-22
2025-07-18 02:38:24,446 - INFO - 📰 Scraping The Hindu - 2011-02-23
2025-07-18 02:38:27,844 - INFO - 📰 Scraping The Hindu - 2011-02-24
2025-07-18 02:38:32,008 - INFO - 📰 Scraping The Hindu - 2011-02-25
2025-07-18 02:38:35,553 - INFO - 📰 Scraping The Hindu - 2011-02-26
2025-07-18 02:38:39,681 - INFO - 📰 Scraping The Hindu - 2011-02-27
2025-07-18 02:38:43,353 - INFO - 📰 Scraping The Hindu - 2011-02-28
2025-07-18 02:38:47,741 - INFO - 📰 Scraping The Hindu - 2011-03-01
2025-07-18 02:38:51,905 - INFO - 📰 Scraping The Hindu - 2011-03-02
2025-07-18 02:38:55,220 - INFO - 📰 Scraping The Hindu - 2011-03-03
2025-07-18 02:38:58,117 - INFO - 📰 Scraping The Hindu - 2011-03-04
2025-07-18 02:39:01,202 - INFO - 📰 Scraping The Hindu - 2011-03-05
2025-07-18 02:39:05,154 - INFO - 📰 Scraping The Hindu - 2011-03-06
2025-07-18 02:39:09,252 - INFO - 📰 Scraping The Hindu - 2011-03-07
2025-07-18 02:39:12,568 - INFO - 📰 Scraping The Hindu - 2011-03-08
2025-07-18 02:39:15,679 - INFO - 📰 Scraping The Hindu - 2011-03-09
2025-07-18 02:39:18,984 - INFO - 📰 Scraping The Hindu - 2011-03-10
2025-07-18 02:39:21,758 - INFO - 📰 Scraping The Hindu - 2011-03-11
2025-07-18 02:39:25,719 - INFO - 📰 Scraping The Hindu - 2011-03-12
2025-07-18 02:39:29,083 - INFO - 📰 Scraping The Hindu - 2011-03-13
2025-07-18 02:39:33,175 - INFO - 📰 Scraping The Hindu - 2011-03-14
2025-07-18 02:39:36,181 - INFO - 📰 Scraping The Hindu - 2011-03-15
2025-07-18 02:39:40,530 - INFO - 📰 Scraping The Hindu - 2011-03-16
2025-07-18 02:39:43,755 - INFO - 📰 Scraping The Hindu - 2011-03-17
2025-07-18 02:39:47,098 - INFO - 📰 Scraping The Hindu - 2011-03-18
2025-07-18 02:39:50,834 - INFO - 📰 Scraping The Hindu - 2011-03-19
2025-07-18 02:39:54,677 - INFO - 📰 Scraping The Hindu - 2011-03-20
2025-07-18 02:39:58,521 - INFO - 📰 Scraping The Hindu - 2011-03-21
2025-07-18 02:40:02,714 - INFO - 📰 Scraping The Hindu - 2011-03-22
2025-07-18 02:40:05,544 - INFO - 📰 Scraping The Hindu - 2011-03-23
2025-07-18 02:40:09,189 - INFO - 📰 Scraping The Hindu - 2011-03-24
2025-07-18 02:40:12,106 - INFO - 📰 Scraping The Hindu - 2011-03-25
2025-07-18 02:40:15,715 - INFO - 📰 Scraping The Hindu - 2011-03-26
2025-07-18 02:40:19,501 - INFO - 📰 Scraping The Hindu - 2011-03-27
2025-07-18 02:40:22,051 - INFO - 📰 Scraping The Hindu - 2011-03-28
2025-07-18 02:40:25,153 - INFO - 📰 Scraping The Hindu - 2011-03-29
2025-07-18 02:40:28,434 - INFO - 📰 Scraping The Hindu - 2011-03-30
2025-07-18 02:40:32,048 - INFO - 📰 Scraping The Hindu - 2011-03-31
2025-07-18 02:40:36,164 - INFO - 📰 Scraping The Hindu - 2011-04-01
2025-07-18 02:40:40,291 - INFO - 📰 Scraping The Hindu - 2011-04-02
2025-07-18 02:40:43,236 - INFO - 📰 Scraping The Hindu - 2011-04-03
2025-07-18 02:40:45,724 - INFO - 📰 Scraping The Hindu - 2011-04-04
2025-07-18 02:40:49,304 - INFO - 📰 Scraping The Hindu - 2011-04-05
2025-07-18 02:40:53,393 - INFO - 📰 Scraping The Hindu - 2011-04-06
2025-07-18 02:40:55,809 - INFO - 📰 Scraping The Hindu - 2011-04-07
2025-07-18 02:40:59,353 - INFO - 📰 Scraping The Hindu - 2011-04-08
2025-07-18 02:41:02,329 - INFO - 📰 Scraping The Hindu - 2011-04-09
2025-07-18 02:41:05,952 - INFO - 📰 Scraping The Hindu - 2011-04-10
2025-07-18 02:41:08,488 - INFO - 📰 Scraping The Hindu - 2011-04-11
2025-07-18 02:41:11,409 - INFO - 📰 Scraping The Hindu - 2011-04-12
2025-07-18 02:41:15,645 - INFO - 📰 Scraping The Hindu - 2011-04-13
2025-07-18 02:41:18,464 - INFO - 📰 Scraping The Hindu - 2011-04-14
2025-07-18 02:41:22,451 - INFO - 📰 Scraping The Hindu - 2011-04-15
2025-07-18 02:41:25,513 - INFO - 📰 Scraping The Hindu - 2011-04-16
2025-07-18 02:41:29,772 - INFO - 📰 Scraping The Hindu - 2011-04-17
2025-07-18 02:41:33,271 - INFO - 📰 Scraping The Hindu - 2011-04-18
2025-07-18 02:41:36,262 - INFO - 📰 Scraping The Hindu - 2011-04-19
2025-07-18 02:41:40,065 - INFO - 📰 Scraping The Hindu - 2011-04-20
2025-07-18 02:41:43,227 - INFO - 📰 Scraping The Hindu - 2011-04-21
2025-07-18 02:41:47,037 - INFO - 📰 Scraping The Hindu - 2011-04-22
2025-07-18 02:41:50,005 - INFO - 📰 Scraping The Hindu - 2011-04-23
2025-07-18 02:41:54,335 - INFO - 📰 Scraping The Hindu - 2011-04-24
2025-07-18 02:41:57,833 - INFO - 📰 Scraping The Hindu - 2011-04-25
2025-07-18 02:42:02,110 - INFO - 📰 Scraping The Hindu - 2011-04-26
2025-07-18 02:42:04,787 - INFO - 📰 Scraping The Hindu - 2011-04-27
2025-07-18 02:42:07,461 - INFO - 📰 Scraping The Hindu - 2011-04-28
2025-07-18 02:42:10,442 - INFO - 📰 Scraping The Hindu - 2011-04-29
2025-07-18 02:42:14,430 - INFO - 📰 Scraping The Hindu - 2011-04-30
2025-07-18 02:42:17,193 - INFO - 📰 Scraping The Hindu - 2011-05-01
2025-07-18 02:42:20,931 - INFO - 📰 Scraping The Hindu - 2011-05-02
2025-07-18 02:42:24,427 - INFO - 📰 Scraping The Hindu - 2011-05-03
2025-07-18 02:42:27,005 - INFO - 📰 Scraping The Hindu - 2011-05-04
2025-07-18 02:42:29,911 - INFO - 📰 Scraping The Hindu - 2011-05-05
2025-07-18 02:42:32,849 - INFO - 📰 Scraping The Hindu - 2011-05-06
2025-07-18 02:42:37,018 - INFO - 📰 Scraping The Hindu - 2011-05-07
2025-07-18 02:42:41,166 - INFO - 📰 Scraping The Hindu - 2011-05-08
2025-07-18 02:42:43,746 - INFO - 📰 Scraping The Hindu - 2011-05-09
2025-07-18 02:42:47,691 - INFO - 📰 Scraping The Hindu - 2011-05-10
2025-07-18 02:42:51,472 - INFO - 📰 Scraping The Hindu - 2011-05-11
2025-07-18 02:42:55,756 - INFO - 📰 Scraping The Hindu - 2011-05-12
2025-07-18 02:43:00,052 - INFO - 📰 Scraping The Hindu - 2011-05-13
2025-07-18 02:43:02,911 - INFO - 📰 Scraping The Hindu - 2011-05-14
2025-07-18 02:43:06,131 - INFO - 📰 Scraping The Hindu - 2011-05-15
2025-07-18 02:43:09,767 - INFO - 📰 Scraping The Hindu - 2011-05-16
2025-07-18 02:43:12,650 - INFO - 📰 Scraping The Hindu - 2011-05-17
2025-07-18 02:43:16,691 - INFO - 📰 Scraping The Hindu - 2011-05-18
2025-07-18 02:43:20,680 - INFO - 📰 Scraping The Hindu - 2011-05-19
2025-07-18 02:43:24,297 - INFO - 📰 Scraping The Hindu - 2011-05-20
2025-07-18 02:43:27,106 - INFO - 📰 Scraping The Hindu - 2011-05-21
2025-07-18 02:43:30,746 - INFO - 📰 Scraping The Hindu - 2011-05-22
2025-07-18 02:43:34,907 - INFO - 📰 Scraping The Hindu - 2011-05-23
2025-07-18 02:43:37,679 - INFO - 📰 Scraping The Hindu - 2011-05-24
2025-07-18 02:43:41,743 - INFO - 📰 Scraping The Hindu - 2011-05-25
2025-07-18 02:43:45,749 - INFO - 📰 Scraping The Hindu - 2011-05-26
2025-07-18 02:43:48,283 - INFO - 📰 Scraping The Hindu - 2011-05-27
2025-07-18 02:43:52,215 - INFO - 📰 Scraping The Hindu - 2011-05-28
2025-07-18 02:43:56,510 - INFO - 📰 Scraping The Hindu - 2011-05-29
2025-07-18 02:43:59,666 - INFO - 📰 Scraping The Hindu - 2011-05-30
2025-07-18 02:44:03,339 - INFO - 📰 Scraping The Hindu - 2011-05-31
2025-07-18 02:44:05,918 - INFO - 📰 Scraping The Hindu - 2011-06-01
2025-07-18 02:44:09,259 - INFO - 📰 Scraping The Hindu - 2011-06-02
2025-07-18 02:44:11,870 - INFO - 📰 Scraping The Hindu - 2011-06-03
2025-07-18 02:44:15,533 - INFO - 📰 Scraping The Hindu - 2011-06-04
2025-07-18 02:44:18,294 - INFO - 📰 Scraping The Hindu - 2011-06-05
2025-07-18 02:44:22,103 - INFO - 📰 Scraping The Hindu - 2011-06-06
2025-07-18 02:44:24,730 - INFO - 📰 Scraping The Hindu - 2011-06-07
2025-07-18 02:44:27,263 - INFO - 📰 Scraping The Hindu - 2011-06-08
2025-07-18 02:44:31,353 - INFO - 📰 Scraping The Hindu - 2011-06-09
2025-07-18 02:44:34,739 - INFO - 📰 Scraping The Hindu - 2011-06-10
2025-07-18 02:44:38,729 - INFO - 📰 Scraping The Hindu - 2011-06-11
2025-07-18 02:44:42,111 - INFO - 📰 Scraping The Hindu - 2011-06-12
2025-07-18 02:44:46,011 - INFO - 📰 Scraping The Hindu - 2011-06-13
2025-07-18 02:44:49,598 - INFO - 📰 Scraping The Hindu - 2011-06-14
2025-07-18 02:44:52,244 - INFO - 📰 Scraping The Hindu - 2011-06-15
2025-07-18 02:44:56,414 - INFO - 📰 Scraping The Hindu - 2011-06-16
2025-07-18 02:44:59,436 - INFO - 📰 Scraping The Hindu - 2011-06-17
2025-07-18 02:45:03,587 - INFO - 📰 Scraping The Hindu - 2011-06-18
2025-07-18 02:45:07,351 - INFO - 📰 Scraping The Hindu - 2011-06-19
2025-07-18 02:45:09,874 - INFO - 📰 Scraping The Hindu - 2011-06-20
2025-07-18 02:45:12,771 - INFO - 📰 Scraping The Hindu - 2011-06-21
2025-07-18 02:45:16,871 - INFO - 📰 Scraping The Hindu - 2011-06-22
2025-07-18 02:45:20,922 - INFO - 📰 Scraping The Hindu - 2011-06-23
2025-07-18 02:45:24,298 - INFO - 📰 Scraping The Hindu - 2011-06-24
2025-07-18 02:45:28,698 - INFO - 📰 Scraping The Hindu - 2011-06-25
2025-07-18 02:45:32,816 - INFO - 📰 Scraping The Hindu - 2011-06-26
2025-07-18 02:45:36,407 - INFO - 📰 Scraping The Hindu - 2011-06-27
2025-07-18 02:45:40,751 - INFO - 📰 Scraping The Hindu - 2011-06-28
2025-07-18 02:45:43,131 - INFO - 📰 Scraping The Hindu - 2011-06-29
2025-07-18 02:45:46,184 - INFO - 📰 Scraping The Hindu - 2011-06-30
2025-07-18 02:45:48,575 - INFO - 📰 Scraping The Hindu - 2011-07-01
2025-07-18 02:45:52,857 - INFO - 📰 Scraping The Hindu - 2011-07-02
2025-07-18 02:45:55,605 - INFO - 📰 Scraping The Hindu - 2011-07-03
2025-07-18 02:45:59,859 - INFO - 📰 Scraping The Hindu - 2011-07-04
2025-07-18 02:46:04,245 - INFO - 📰 Scraping The Hindu - 2011-07-05
2025-07-18 02:46:07,493 - INFO - 📰 Scraping The Hindu - 2011-07-06
2025-07-18 02:46:11,033 - INFO - 📰 Scraping The Hindu - 2011-07-07
2025-07-18 02:46:14,789 - INFO - 📰 Scraping The Hindu - 2011-07-08
2025-07-18 02:46:19,068 - INFO - 📰 Scraping The Hindu - 2011-07-09
2025-07-18 02:46:22,968 - INFO - 📰 Scraping The Hindu - 2011-07-10
2025-07-18 02:46:26,685 - INFO - 📰 Scraping The Hindu - 2011-07-11
2025-07-18 02:46:29,806 - INFO - 📰 Scraping The Hindu - 2011-07-12
2025-07-18 02:46:34,186 - INFO - 📰 Scraping The Hindu - 2011-07-13
2025-07-18 02:46:36,993 - INFO - 📰 Scraping The Hindu - 2011-07-14
2025-07-18 02:46:39,395 - INFO - 📰 Scraping The Hindu - 2011-07-15
2025-07-18 02:46:42,488 - INFO - 📰 Scraping The Hindu - 2011-07-16
2025-07-18 02:46:44,988 - INFO - 📰 Scraping The Hindu - 2011-07-17
2025-07-18 02:46:48,388 - INFO - 📰 Scraping The Hindu - 2011-07-18
2025-07-18 02:46:51,129 - INFO - 📰 Scraping The Hindu - 2011-07-19
2025-07-18 02:46:53,677 - INFO - 📰 Scraping The Hindu - 2011-07-20
2025-07-18 02:46:57,624 - INFO - 📰 Scraping The Hindu - 2011-07-21
2025-07-18 02:47:01,229 - INFO - 📰 Scraping The Hindu - 2011-07-22
2025-07-18 02:47:04,153 - INFO - 📰 Scraping The Hindu - 2011-07-23
2025-07-18 02:47:08,579 - INFO - 📰 Scraping The Hindu - 2011-07-24
2025-07-18 02:47:12,522 - INFO - 📰 Scraping The Hindu - 2011-07-25
2025-07-18 02:47:16,770 - INFO - 📰 Scraping The Hindu - 2011-07-26
2025-07-18 02:47:19,813 - INFO - 📰 Scraping The Hindu - 2011-07-27
2025-07-18 02:47:23,284 - INFO - 📰 Scraping The Hindu - 2011-07-28
2025-07-18 02:47:27,379 - INFO - 📰 Scraping The Hindu - 2011-07-29
2025-07-18 02:47:30,396 - INFO - 📰 Scraping The Hindu - 2011-07-30
2025-07-18 02:47:34,664 - INFO - 📰 Scraping The Hindu - 2011-07-31
2025-07-18 02:47:37,461 - INFO - 📰 Scraping The Hindu - 2011-08-01
2025-07-18 02:47:39,867 - INFO - 📰 Scraping The Hindu - 2011-08-02
2025-07-18 02:47:42,834 - INFO - 📰 Scraping The Hindu - 2011-08-03
2025-07-18 02:47:45,383 - INFO - 📰 Scraping The Hindu - 2011-08-04
2025-07-18 02:47:49,470 - INFO - 📰 Scraping The Hindu - 2011-08-05
2025-07-18 02:47:52,489 - INFO - 📰 Scraping The Hindu - 2011-08-06
2025-07-18 02:47:55,297 - INFO - 📰 Scraping The Hindu - 2011-08-07
2025-07-18 02:47:59,457 - INFO - 📰 Scraping The Hindu - 2011-08-08
2025-07-18 02:48:01,896 - INFO - 📰 Scraping The Hindu - 2011-08-09
2025-07-18 02:48:04,266 - INFO - 📰 Scraping The Hindu - 2011-08-10
2025-07-18 02:48:08,542 - INFO - 📰 Scraping The Hindu - 2011-08-11
2025-07-18 02:48:12,254 - INFO - 📰 Scraping The Hindu - 2011-08-12
2025-07-18 02:48:15,850 - INFO - 📰 Scraping The Hindu - 2011-08-13
2025-07-18 02:48:18,667 - INFO - 📰 Scraping The Hindu - 2011-08-14
2025-07-18 02:48:22,087 - INFO - 📰 Scraping The Hindu - 2011-08-15
2025-07-18 02:48:24,615 - INFO - 📰 Scraping The Hindu - 2011-08-16
2025-07-18 02:48:28,546 - INFO - 📰 Scraping The Hindu - 2011-08-17
2025-07-18 02:48:32,136 - INFO - 📰 Scraping The Hindu - 2011-08-18
2025-07-18 02:48:35,172 - INFO - 📰 Scraping The Hindu - 2011-08-19
2025-07-18 02:48:38,179 - INFO - 📰 Scraping The Hindu - 2011-08-20
2025-07-18 02:48:42,148 - INFO - 📰 Scraping The Hindu - 2011-08-21
2025-07-18 02:48:44,619 - INFO - 📰 Scraping The Hindu - 2011-08-22
2025-07-18 02:48:47,517 - INFO - 📰 Scraping The Hindu - 2011-08-23
2025-07-18 02:48:51,431 - INFO - 📰 Scraping The Hindu - 2011-08-24
2025-07-18 02:48:54,481 - INFO - 📰 Scraping The Hindu - 2011-08-25
2025-07-18 02:48:57,105 - INFO - 📰 Scraping The Hindu - 2011-08-26
2025-07-18 02:49:00,391 - INFO - 📰 Scraping The Hindu - 2011-08-27
2025-07-18 02:49:02,853 - INFO - 📰 Scraping The Hindu - 2011-08-28
2025-07-18 02:49:07,184 - INFO - 📰 Scraping The Hindu - 2011-08-29
2025-07-18 02:49:10,701 - INFO - 📰 Scraping The Hindu - 2011-08-30
2025-07-18 02:49:14,755 - INFO - 📰 Scraping The Hindu - 2011-08-31
2025-07-18 02:49:17,490 - INFO - 📰 Scraping The Hindu - 2011-09-01
2025-07-18 02:49:20,098 - INFO - 📰 Scraping The Hindu - 2011-09-02
2025-07-18 02:49:23,245 - INFO - 📰 Scraping The Hindu - 2011-09-03
2025-07-18 02:49:26,110 - INFO - 📰 Scraping The Hindu - 2011-09-04
2025-07-18 02:49:29,050 - INFO - 📰 Scraping The Hindu - 2011-09-05
2025-07-18 02:49:32,252 - INFO - 📰 Scraping The Hindu - 2011-09-06
2025-07-18 02:49:35,229 - INFO - 📰 Scraping The Hindu - 2011-09-07
2025-07-18 02:49:39,540 - INFO - 📰 Scraping The Hindu - 2011-09-08
2025-07-18 02:49:42,594 - INFO - 📰 Scraping The Hindu - 2011-09-09
2025-07-18 02:49:45,998 - INFO - 📰 Scraping The Hindu - 2011-09-10
2025-07-18 02:49:48,508 - INFO - 📰 Scraping The Hindu - 2011-09-11
2025-07-18 02:49:51,493 - INFO - 📰 Scraping The Hindu - 2011-09-12
2025-07-18 02:49:54,293 - INFO - 📰 Scraping The Hindu - 2011-09-13
2025-07-18 02:49:57,604 - INFO - 📰 Scraping The Hindu - 2011-09-14
2025-07-18 02:50:01,181 - INFO - 📰 Scraping The Hindu - 2011-09-15
2025-07-18 02:50:03,653 - INFO - 📰 Scraping The Hindu - 2011-09-16
2025-07-18 02:50:06,862 - INFO - 📰 Scraping The Hindu - 2011-09-17
2025-07-18 02:50:10,931 - INFO - 📰 Scraping The Hindu - 2011-09-18
2025-07-18 02:50:14,034 - INFO - 📰 Scraping The Hindu - 2011-09-19
2025-07-18 02:50:17,803 - INFO - 📰 Scraping The Hindu - 2011-09-20
2025-07-18 02:50:22,039 - INFO - 📰 Scraping The Hindu - 2011-09-21
2025-07-18 02:50:25,911 - INFO - 📰 Scraping The Hindu - 2011-09-22
2025-07-18 02:50:29,007 - INFO - 📰 Scraping The Hindu - 2011-09-23
2025-07-18 02:50:32,690 - INFO - 📰 Scraping The Hindu - 2011-09-24
2025-07-18 02:50:35,564 - INFO - 📰 Scraping The Hindu - 2011-09-25
2025-07-18 02:50:39,429 - INFO - 📰 Scraping The Hindu - 2011-09-26
2025-07-18 02:50:42,073 - INFO - 📰 Scraping The Hindu - 2011-09-27
2025-07-18 02:50:44,524 - INFO - 📰 Scraping The Hindu - 2011-09-28
2025-07-18 02:50:47,628 - INFO - 📰 Scraping The Hindu - 2011-09-29
2025-07-18 02:50:50,302 - INFO - 📰 Scraping The Hindu - 2011-09-30
2025-07-18 02:50:53,234 - INFO - 📰 Scraping The Hindu - 2011-10-01
2025-07-18 02:50:55,933 - INFO - 📰 Scraping The Hindu - 2011-10-02
2025-07-18 02:50:59,719 - INFO - 📰 Scraping The Hindu - 2011-10-03
2025-07-18 02:51:03,162 - INFO - 📰 Scraping The Hindu - 2011-10-04
2025-07-18 02:51:06,991 - INFO - 📰 Scraping The Hindu - 2011-10-05
2025-07-18 02:51:09,535 - INFO - 📰 Scraping The Hindu - 2011-10-06
2025-07-18 02:51:12,496 - INFO - 📰 Scraping The Hindu - 2011-10-07
2025-07-18 02:51:16,366 - INFO - 📰 Scraping The Hindu - 2011-10-08
2025-07-18 02:51:19,196 - INFO - 📰 Scraping The Hindu - 2011-10-09
2025-07-18 02:51:22,263 - INFO - 📰 Scraping The Hindu - 2011-10-10
2025-07-18 02:51:24,923 - INFO - 📰 Scraping The Hindu - 2011-10-11
2025-07-18 02:51:28,201 - INFO - 📰 Scraping The Hindu - 2011-10-12
2025-07-18 02:51:31,958 - INFO - 📰 Scraping The Hindu - 2011-10-13
2025-07-18 02:51:35,049 - INFO - 📰 Scraping The Hindu - 2011-10-14
2025-07-18 02:51:38,256 - INFO - 📰 Scraping The Hindu - 2011-10-15
2025-07-18 02:51:41,316 - INFO - 📰 Scraping The Hindu - 2011-10-16
2025-07-18 02:51:45,055 - INFO - 📰 Scraping The Hindu - 2011-10-17
2025-07-18 02:51:48,211 - INFO - 📰 Scraping The Hindu - 2011-10-18
2025-07-18 02:51:52,383 - INFO - 📰 Scraping The Hindu - 2011-10-19
2025-07-18 02:51:56,283 - INFO - 📰 Scraping The Hindu - 2011-10-20
2025-07-18 02:52:00,058 - INFO - 📰 Scraping The Hindu - 2011-10-21
2025-07-18 02:52:04,283 - INFO - 📰 Scraping The Hindu - 2011-10-22
2025-07-18 02:52:06,969 - INFO - 📰 Scraping The Hindu - 2011-10-23
2025-07-18 02:52:10,108 - INFO - 📰 Scraping The Hindu - 2011-10-24
2025-07-18 02:52:12,892 - INFO - 📰 Scraping The Hindu - 2011-10-25
2025-07-18 02:52:16,475 - INFO - 📰 Scraping The Hindu - 2011-10-26
2025-07-18 02:52:18,908 - INFO - 📰 Scraping The Hindu - 2011-10-27
2025-07-18 02:52:22,245 - INFO - 📰 Scraping The Hindu - 2011-10-28
2025-07-18 02:52:26,373 - INFO - 📰 Scraping The Hindu - 2011-10-29
2025-07-18 02:52:28,936 - INFO - 📰 Scraping The Hindu - 2011-10-30
2025-07-18 02:52:32,269 - INFO - 📰 Scraping The Hindu - 2011-10-31
2025-07-18 02:52:35,851 - INFO - 📰 Scraping The Hindu - 2011-11-01
2025-07-18 02:52:39,793 - INFO - 📰 Scraping The Hindu - 2011-11-02
2025-07-18 02:52:42,988 - INFO - 📰 Scraping The Hindu - 2011-11-03
2025-07-18 02:52:45,806 - INFO - 📰 Scraping The Hindu - 2011-11-04
2025-07-18 02:52:49,754 - INFO - 📰 Scraping The Hindu - 2011-11-05
2025-07-18 02:52:52,466 - INFO - 📰 Scraping The Hindu - 2011-11-06
2025-07-18 02:52:56,768 - INFO - 📰 Scraping The Hindu - 2011-11-07
2025-07-18 02:53:00,970 - INFO - 📰 Scraping The Hindu - 2011-11-08
2025-07-18 02:53:04,535 - INFO - 📰 Scraping The Hindu - 2011-11-09
2025-07-18 02:53:07,380 - INFO - 📰 Scraping The Hindu - 2011-11-10
2025-07-18 02:53:10,481 - INFO - 📰 Scraping The Hindu - 2011-11-11
2025-07-18 02:53:13,312 - INFO - 📰 Scraping The Hindu - 2011-11-12
2025-07-18 02:53:17,675 - INFO - 📰 Scraping The Hindu - 2011-11-13
2025-07-18 02:53:20,493 - INFO - 📰 Scraping The Hindu - 2011-11-14
2025-07-18 02:53:22,944 - INFO - 📰 Scraping The Hindu - 2011-11-15
2025-07-18 02:53:27,090 - INFO - 📰 Scraping The Hindu - 2011-11-16
2025-07-18 02:53:30,168 - INFO - 📰 Scraping The Hindu - 2011-11-17
2025-07-18 02:53:33,931 - INFO - 📰 Scraping The Hindu - 2011-11-18
2025-07-18 02:53:36,822 - INFO - 📰 Scraping The Hindu - 2011-11-19
2025-07-18 02:53:39,841 - INFO - 📰 Scraping The Hindu - 2011-11-20
2025-07-18 02:53:42,891 - INFO - 📰 Scraping The Hindu - 2011-11-21
2025-07-18 02:53:47,131 - INFO - 📰 Scraping The Hindu - 2011-11-22
2025-07-18 02:53:49,867 - INFO - 📰 Scraping The Hindu - 2011-11-23
2025-07-18 02:53:53,503 - INFO - 📰 Scraping The Hindu - 2011-11-24
2025-07-18 02:53:56,581 - INFO - 📰 Scraping The Hindu - 2011-11-25
2025-07-18 02:53:59,242 - INFO - 📰 Scraping The Hindu - 2011-11-26
2025-07-18 02:54:02,474 - INFO - 📰 Scraping The Hindu - 2011-11-27
2025-07-18 02:54:06,792 - INFO - 📰 Scraping The Hindu - 2011-11-28
2025-07-18 02:54:10,441 - INFO - 📰 Scraping The Hindu - 2011-11-29
2025-07-18 02:54:13,194 - INFO - 📰 Scraping The Hindu - 2011-11-30
2025-07-18 02:54:16,243 - INFO - 📰 Scraping The Hindu - 2011-12-01
2025-07-18 02:54:19,339 - INFO - 📰 Scraping The Hindu - 2011-12-02
2025-07-18 02:54:23,507 - INFO - 📰 Scraping The Hindu - 2011-12-03
2025-07-18 02:54:26,521 - INFO - 📰 Scraping The Hindu - 2011-12-04
2025-07-18 02:54:29,074 - INFO - 📰 Scraping The Hindu - 2011-12-05
2025-07-18 02:54:31,904 - INFO - 📰 Scraping The Hindu - 2011-12-06
2025-07-18 02:54:36,166 - INFO - 📰 Scraping The Hindu - 2011-12-07
2025-07-18 02:54:38,667 - INFO - 📰 Scraping The Hindu - 2011-12-08
2025-07-18 02:54:41,055 - INFO - 📰 Scraping The Hindu - 2011-12-09
2025-07-18 02:54:44,287 - INFO - 📰 Scraping The Hindu - 2011-12-10
2025-07-18 02:54:45,712 - INFO - ⏹️  Scraping interrupted by user
2025-07-18 02:54:45,714 - INFO - 📊 Exporting comprehensive results...
2025-07-18 02:54:46,095 - INFO - Exported to Excel: Final_Indian_News_Archive_20250718_025445.xlsx
2025-07-18 02:54:46,104 - INFO - Exported to CSV: Final_Indian_News_Archive_20250718_025445.csv
2025-07-18 02:54:46,108 - INFO - Exported to JSON (sample): Final_Indian_News_Archive_20250718_025445.json
2025-07-18 02:54:46,111 - INFO - Exported statistics: Final_Indian_News_Archive_20250718_025445_statistics.json
2025-07-18 02:54:46,111 - INFO - ✅ Export completed successfully
2025-07-18 03:08:33,559 - INFO - 🚀 Starting Final Archive Scraper
2025-07-18 03:08:33,559 - INFO - 🌟 Starting comprehensive scraping 2010-2020
2025-07-18 03:08:33,559 - INFO - 📰 Processing The Hindu (Priority: 1)
2025-07-18 03:08:33,559 - INFO - 🚀 Starting The Hindu with resume capability
2025-07-18 03:08:33,561 - INFO - 📍 Resuming The Hindu from 2011-12-11
2025-07-18 03:08:33,561 - INFO - 📰 Scraping The Hindu - 2011-12-11
2025-07-18 03:08:36,820 - INFO - 📰 Scraping The Hindu - 2011-12-12
2025-07-18 03:08:40,205 - INFO - 📰 Scraping The Hindu - 2011-12-13
2025-07-18 03:08:44,654 - INFO - 📰 Scraping The Hindu - 2011-12-14
2025-07-18 03:08:48,865 - INFO - 📰 Scraping The Hindu - 2011-12-15
2025-07-18 03:08:51,846 - INFO - 📰 Scraping The Hindu - 2011-12-16
2025-07-18 03:08:55,737 - INFO - 📰 Scraping The Hindu - 2011-12-17
2025-07-18 03:08:59,267 - INFO - 📰 Scraping The Hindu - 2011-12-18
2025-07-18 03:09:03,745 - INFO - 📰 Scraping The Hindu - 2011-12-19
2025-07-18 03:09:06,748 - INFO - 📰 Scraping The Hindu - 2011-12-20
2025-07-18 03:09:09,772 - INFO - 📰 Scraping The Hindu - 2011-12-21
2025-07-18 03:09:13,201 - INFO - 📰 Scraping The Hindu - 2011-12-22
2025-07-18 03:09:17,323 - INFO - 📰 Scraping The Hindu - 2011-12-23
2025-07-18 03:09:21,437 - INFO - 📰 Scraping The Hindu - 2011-12-24
2025-07-18 03:09:24,057 - INFO - 📰 Scraping The Hindu - 2011-12-25
2025-07-18 03:09:26,822 - INFO - 📰 Scraping The Hindu - 2011-12-26
2025-07-18 03:09:30,439 - INFO - 📰 Scraping The Hindu - 2011-12-27
2025-07-18 03:09:33,037 - INFO - 📰 Scraping The Hindu - 2011-12-28
2025-07-18 03:09:36,966 - INFO - 📰 Scraping The Hindu - 2011-12-29
2025-07-18 03:09:39,698 - INFO - 📰 Scraping The Hindu - 2011-12-30
2025-07-18 03:09:43,120 - INFO - 📰 Scraping The Hindu - 2011-12-31
2025-07-18 03:09:45,859 - INFO - 📰 Scraping The Hindu - 2012-01-01
2025-07-18 03:09:49,691 - INFO - 📰 Scraping The Hindu - 2012-01-02
2025-07-18 03:09:53,238 - INFO - 📰 Scraping The Hindu - 2012-01-03
2025-07-18 03:09:55,976 - INFO - 📰 Scraping The Hindu - 2012-01-04
2025-07-18 03:09:59,312 - INFO - 📰 Scraping The Hindu - 2012-01-05
2025-07-18 03:10:03,464 - INFO - 📰 Scraping The Hindu - 2012-01-06
2025-07-18 03:10:07,633 - INFO - 📰 Scraping The Hindu - 2012-01-07
2025-07-18 03:10:11,421 - INFO - 📰 Scraping The Hindu - 2012-01-08
2025-07-18 03:10:15,413 - INFO - 📰 Scraping The Hindu - 2012-01-09
2025-07-18 03:10:18,837 - INFO - 📰 Scraping The Hindu - 2012-01-10
2025-07-18 03:10:22,181 - INFO - 📰 Scraping The Hindu - 2012-01-11
2025-07-18 03:10:26,495 - INFO - 📰 Scraping The Hindu - 2012-01-12
2025-07-18 03:10:29,032 - INFO - 📰 Scraping The Hindu - 2012-01-13
2025-07-18 03:10:32,808 - INFO - 📰 Scraping The Hindu - 2012-01-14
2025-07-18 03:10:37,017 - INFO - 📰 Scraping The Hindu - 2012-01-15
2025-07-18 03:10:39,676 - INFO - 📰 Scraping The Hindu - 2012-01-16
2025-07-18 03:10:43,194 - INFO - 📰 Scraping The Hindu - 2012-01-17
2025-07-18 03:10:46,334 - INFO - 📰 Scraping The Hindu - 2012-01-18
2025-07-18 03:10:50,616 - INFO - 📰 Scraping The Hindu - 2012-01-19
2025-07-18 03:10:53,859 - INFO - 📰 Scraping The Hindu - 2012-01-20
2025-07-18 03:10:57,809 - INFO - 📰 Scraping The Hindu - 2012-01-21
2025-07-18 03:11:00,420 - INFO - 📰 Scraping The Hindu - 2012-01-22
2025-07-18 03:11:04,260 - INFO - 📰 Scraping The Hindu - 2012-01-23
2025-07-18 03:11:07,889 - INFO - 📰 Scraping The Hindu - 2012-01-24
2025-07-18 03:11:11,736 - INFO - 📰 Scraping The Hindu - 2012-01-25
2025-07-18 03:11:15,231 - INFO - 📰 Scraping The Hindu - 2012-01-26
2025-07-18 03:11:19,235 - INFO - 📰 Scraping The Hindu - 2012-01-27
2025-07-18 03:11:22,006 - INFO - 📰 Scraping The Hindu - 2012-01-28
2025-07-18 03:11:24,703 - INFO - 📰 Scraping The Hindu - 2012-01-29
2025-07-18 03:11:28,309 - INFO - 📰 Scraping The Hindu - 2012-01-30
2025-07-18 03:11:32,622 - INFO - 📰 Scraping The Hindu - 2012-01-31
2025-07-18 03:11:36,650 - INFO - 📰 Scraping The Hindu - 2012-02-01
2025-07-18 03:11:40,324 - INFO - 📰 Scraping The Hindu - 2012-02-02
2025-07-18 03:11:43,622 - INFO - 📰 Scraping The Hindu - 2012-02-03
2025-07-18 03:11:47,933 - INFO - 📰 Scraping The Hindu - 2012-02-04
2025-07-18 03:11:50,457 - INFO - 📰 Scraping The Hindu - 2012-02-05
2025-07-18 03:11:54,198 - INFO - 📰 Scraping The Hindu - 2012-02-06
2025-07-18 03:11:57,181 - INFO - 📰 Scraping The Hindu - 2012-02-07
2025-07-18 03:12:00,916 - INFO - 📰 Scraping The Hindu - 2012-02-08
2025-07-18 03:12:04,344 - INFO - 📰 Scraping The Hindu - 2012-02-09
2025-07-18 03:12:08,191 - INFO - 📰 Scraping The Hindu - 2012-02-10
2025-07-18 03:12:11,108 - INFO - 📰 Scraping The Hindu - 2012-02-11
2025-07-18 03:12:15,122 - INFO - 📰 Scraping The Hindu - 2012-02-12
2025-07-18 03:12:19,482 - INFO - 📰 Scraping The Hindu - 2012-02-13
2025-07-18 03:12:23,306 - INFO - 📰 Scraping The Hindu - 2012-02-14
2025-07-18 03:12:26,622 - INFO - 📰 Scraping The Hindu - 2012-02-15
2025-07-18 03:12:29,567 - INFO - 📰 Scraping The Hindu - 2012-02-16
2025-07-18 03:12:33,497 - INFO - 📰 Scraping The Hindu - 2012-02-17
2025-07-18 03:12:36,016 - INFO - 📰 Scraping The Hindu - 2012-02-18
2025-07-18 03:12:38,982 - INFO - 📰 Scraping The Hindu - 2012-02-19
2025-07-18 03:12:42,338 - INFO - 📰 Scraping The Hindu - 2012-02-20
2025-07-18 03:12:44,830 - INFO - 📰 Scraping The Hindu - 2012-02-21
2025-07-18 03:12:48,316 - INFO - 📰 Scraping The Hindu - 2012-02-22
2025-07-18 03:12:52,344 - INFO - 📰 Scraping The Hindu - 2012-02-23
2025-07-18 03:12:56,402 - INFO - 📰 Scraping The Hindu - 2012-02-24
2025-07-18 03:12:59,590 - INFO - 📰 Scraping The Hindu - 2012-02-25
2025-07-18 03:13:03,367 - INFO - 📰 Scraping The Hindu - 2012-02-26
2025-07-18 03:13:06,710 - INFO - 📰 Scraping The Hindu - 2012-02-27
2025-07-18 03:13:09,379 - INFO - 📰 Scraping The Hindu - 2012-02-28
2025-07-18 03:13:13,180 - INFO - 📰 Scraping The Hindu - 2012-02-29
2025-07-18 03:13:15,929 - INFO - 📰 Scraping The Hindu - 2012-03-01
2025-07-18 03:13:18,457 - INFO - 📰 Scraping The Hindu - 2012-03-02
2025-07-18 03:13:21,345 - INFO - 📰 Scraping The Hindu - 2012-03-03
2025-07-18 03:13:25,087 - INFO - 📰 Scraping The Hindu - 2012-03-04
2025-07-18 03:13:27,750 - INFO - 📰 Scraping The Hindu - 2012-03-05
2025-07-18 03:13:31,881 - INFO - 📰 Scraping The Hindu - 2012-03-06
2025-07-18 03:13:35,339 - INFO - 📰 Scraping The Hindu - 2012-03-07
2025-07-18 03:13:39,711 - INFO - 📰 Scraping The Hindu - 2012-03-08
2025-07-18 03:13:43,058 - INFO - 📰 Scraping The Hindu - 2012-03-09
2025-07-18 03:13:45,742 - INFO - 📰 Scraping The Hindu - 2012-03-10
2025-07-18 03:13:48,380 - INFO - 📰 Scraping The Hindu - 2012-03-11
2025-07-18 03:13:51,083 - INFO - 📰 Scraping The Hindu - 2012-03-12
2025-07-18 03:13:55,282 - INFO - 📰 Scraping The Hindu - 2012-03-13
2025-07-18 03:13:59,386 - INFO - 📰 Scraping The Hindu - 2012-03-14
2025-07-18 03:14:02,823 - INFO - 📰 Scraping The Hindu - 2012-03-15
2025-07-18 03:14:06,831 - INFO - 📰 Scraping The Hindu - 2012-03-16
2025-07-18 03:14:10,983 - INFO - 📰 Scraping The Hindu - 2012-03-17
2025-07-18 03:14:14,052 - INFO - 📰 Scraping The Hindu - 2012-03-18
2025-07-18 03:14:16,467 - INFO - 📰 Scraping The Hindu - 2012-03-19
2025-07-18 03:14:20,394 - INFO - 📰 Scraping The Hindu - 2012-03-20
2025-07-18 03:14:23,876 - INFO - 📰 Scraping The Hindu - 2012-03-21
2025-07-18 03:14:27,373 - INFO - 📰 Scraping The Hindu - 2012-03-22
2025-07-18 03:14:30,528 - INFO - 📰 Scraping The Hindu - 2012-03-23
2025-07-18 03:14:34,552 - INFO - 📰 Scraping The Hindu - 2012-03-24
2025-07-18 03:14:38,783 - INFO - 📰 Scraping The Hindu - 2012-03-25
2025-07-18 03:14:41,350 - INFO - 📰 Scraping The Hindu - 2012-03-26
2025-07-18 03:14:45,330 - INFO - 📰 Scraping The Hindu - 2012-03-27
2025-07-18 03:14:48,398 - INFO - 📰 Scraping The Hindu - 2012-03-28
2025-07-18 03:14:51,650 - INFO - 📰 Scraping The Hindu - 2012-03-29
2025-07-18 03:14:54,334 - INFO - 📰 Scraping The Hindu - 2012-03-30
2025-07-18 03:14:58,133 - INFO - 📰 Scraping The Hindu - 2012-03-31
2025-07-18 03:15:01,581 - INFO - 📰 Scraping The Hindu - 2012-04-01
2025-07-18 03:15:04,574 - INFO - 📰 Scraping The Hindu - 2012-04-02
2025-07-18 03:15:07,094 - INFO - 📰 Scraping The Hindu - 2012-04-03
2025-07-18 03:15:10,513 - INFO - 📰 Scraping The Hindu - 2012-04-04
2025-07-18 03:15:13,806 - INFO - 📰 Scraping The Hindu - 2012-04-05
2025-07-18 03:15:17,050 - INFO - 📰 Scraping The Hindu - 2012-04-06
2025-07-18 03:15:19,823 - INFO - 📰 Scraping The Hindu - 2012-04-07
2025-07-18 03:15:23,645 - INFO - 📰 Scraping The Hindu - 2012-04-08
2025-07-18 03:15:26,781 - INFO - 📰 Scraping The Hindu - 2012-04-09
2025-07-18 03:15:29,457 - INFO - 📰 Scraping The Hindu - 2012-04-10
2025-07-18 03:15:32,571 - INFO - 📰 Scraping The Hindu - 2012-04-11
2025-07-18 03:15:35,546 - INFO - 📰 Scraping The Hindu - 2012-04-12
2025-07-18 03:15:39,621 - INFO - 📰 Scraping The Hindu - 2012-04-13
2025-07-18 03:15:43,622 - INFO - 📰 Scraping The Hindu - 2012-04-14
2025-07-18 03:15:46,225 - INFO - 📰 Scraping The Hindu - 2012-04-15
2025-07-18 03:15:49,150 - INFO - 📰 Scraping The Hindu - 2012-04-16
2025-07-18 03:15:51,596 - INFO - 📰 Scraping The Hindu - 2012-04-17
2025-07-18 03:15:55,912 - INFO - 📰 Scraping The Hindu - 2012-04-18
2025-07-18 03:15:58,385 - INFO - 📰 Scraping The Hindu - 2012-04-19
2025-07-18 03:16:02,327 - INFO - 📰 Scraping The Hindu - 2012-04-20
2025-07-18 03:16:05,583 - INFO - 📰 Scraping The Hindu - 2012-04-21
2025-07-18 03:16:09,071 - INFO - 📰 Scraping The Hindu - 2012-04-22
2025-07-18 03:16:11,667 - INFO - 📰 Scraping The Hindu - 2012-04-23
2025-07-18 03:16:15,287 - INFO - 📰 Scraping The Hindu - 2012-04-24
2025-07-18 03:16:17,759 - INFO - 📰 Scraping The Hindu - 2012-04-25
2025-07-18 03:16:21,046 - INFO - 📰 Scraping The Hindu - 2012-04-26
2025-07-18 03:16:24,268 - INFO - 📰 Scraping The Hindu - 2012-04-27
2025-07-18 03:16:27,690 - INFO - 📰 Scraping The Hindu - 2012-04-28
2025-07-18 03:16:30,628 - INFO - 📰 Scraping The Hindu - 2012-04-29
2025-07-18 03:16:33,708 - INFO - 📰 Scraping The Hindu - 2012-04-30
2025-07-18 03:16:37,020 - INFO - 📰 Scraping The Hindu - 2012-05-01
2025-07-18 03:16:41,045 - INFO - 📰 Scraping The Hindu - 2012-05-02
2025-07-18 03:16:44,202 - INFO - 📰 Scraping The Hindu - 2012-05-03
2025-07-18 03:16:48,094 - INFO - 📰 Scraping The Hindu - 2012-05-04
2025-07-18 03:16:51,171 - INFO - 📰 Scraping The Hindu - 2012-05-05
2025-07-18 03:16:55,020 - INFO - 📰 Scraping The Hindu - 2012-05-06
2025-07-18 03:16:57,833 - INFO - 📰 Scraping The Hindu - 2012-05-07
2025-07-18 03:17:00,689 - INFO - 📰 Scraping The Hindu - 2012-05-08
2025-07-18 03:17:04,357 - INFO - 📰 Scraping The Hindu - 2012-05-09
2025-07-18 03:17:06,878 - INFO - 📰 Scraping The Hindu - 2012-05-10
2025-07-18 03:17:09,877 - INFO - 📰 Scraping The Hindu - 2012-05-11
2025-07-18 03:17:12,333 - INFO - 📰 Scraping The Hindu - 2012-05-12
2025-07-18 03:17:15,424 - INFO - 📰 Scraping The Hindu - 2012-05-13
2025-07-18 03:17:18,895 - INFO - 📰 Scraping The Hindu - 2012-05-14
2025-07-18 03:17:21,350 - INFO - 📰 Scraping The Hindu - 2012-05-15
2025-07-18 03:17:24,101 - INFO - 📰 Scraping The Hindu - 2012-05-16
2025-07-18 03:17:27,854 - INFO - 📰 Scraping The Hindu - 2012-05-17
2025-07-18 03:17:32,146 - INFO - 📰 Scraping The Hindu - 2012-05-18
2025-07-18 03:17:36,458 - INFO - 📰 Scraping The Hindu - 2012-05-19
2025-07-18 03:17:39,415 - INFO - 📰 Scraping The Hindu - 2012-05-20
2025-07-18 03:17:43,352 - INFO - 📰 Scraping The Hindu - 2012-05-21
2025-07-18 03:17:47,336 - INFO - 📰 Scraping The Hindu - 2012-05-22
2025-07-18 03:17:50,800 - INFO - 📰 Scraping The Hindu - 2012-05-23
2025-07-18 03:17:53,427 - INFO - 📰 Scraping The Hindu - 2012-05-24
2025-07-18 03:17:56,008 - INFO - 📰 Scraping The Hindu - 2012-05-25
2025-07-18 03:17:58,805 - INFO - 📰 Scraping The Hindu - 2012-05-26
2025-07-18 03:18:02,304 - INFO - 📰 Scraping The Hindu - 2012-05-27
2025-07-18 03:18:06,557 - INFO - 📰 Scraping The Hindu - 2012-05-28
2025-07-18 03:18:08,933 - INFO - 📰 Scraping The Hindu - 2012-05-29
2025-07-18 03:18:11,507 - INFO - 📰 Scraping The Hindu - 2012-05-30
2025-07-18 03:18:14,683 - INFO - 📰 Scraping The Hindu - 2012-05-31
2025-07-18 03:18:17,102 - INFO - 📰 Scraping The Hindu - 2012-06-01
2025-07-18 03:18:20,842 - INFO - 📰 Scraping The Hindu - 2012-06-02
2025-07-18 03:18:24,800 - INFO - 📰 Scraping The Hindu - 2012-06-03
2025-07-18 03:18:28,538 - INFO - 📰 Scraping The Hindu - 2012-06-04
2025-07-18 03:18:32,710 - INFO - 📰 Scraping The Hindu - 2012-06-05
2025-07-18 03:18:36,514 - INFO - 📰 Scraping The Hindu - 2012-06-06
2025-07-18 03:18:40,111 - INFO - 📰 Scraping The Hindu - 2012-06-07
2025-07-18 03:18:44,457 - INFO - 📰 Scraping The Hindu - 2012-06-08
2025-07-18 03:18:47,214 - INFO - 📰 Scraping The Hindu - 2012-06-09
2025-07-18 03:18:50,418 - INFO - 📰 Scraping The Hindu - 2012-06-10
2025-07-18 03:18:52,868 - INFO - 📰 Scraping The Hindu - 2012-06-11
2025-07-18 03:18:55,788 - INFO - 📰 Scraping The Hindu - 2012-06-12
2025-07-18 03:18:59,423 - INFO - 📰 Scraping The Hindu - 2012-06-13
2025-07-18 03:19:03,484 - INFO - 📰 Scraping The Hindu - 2012-06-14
2025-07-18 03:19:06,629 - INFO - 📰 Scraping The Hindu - 2012-06-15
2025-07-18 03:19:11,009 - INFO - 📰 Scraping The Hindu - 2012-06-16
2025-07-18 03:19:14,347 - INFO - 📰 Scraping The Hindu - 2012-06-17
2025-07-18 03:19:18,527 - INFO - 📰 Scraping The Hindu - 2012-06-18
2025-07-18 03:19:21,756 - INFO - 📰 Scraping The Hindu - 2012-06-19
2025-07-18 03:19:24,819 - INFO - 📰 Scraping The Hindu - 2012-06-20
2025-07-18 03:19:28,331 - INFO - 📰 Scraping The Hindu - 2012-06-21
2025-07-18 03:19:32,600 - INFO - 📰 Scraping The Hindu - 2012-06-22
2025-07-18 03:19:36,084 - INFO - 📰 Scraping The Hindu - 2012-06-23
2025-07-18 03:19:38,861 - INFO - 📰 Scraping The Hindu - 2012-06-24
2025-07-18 03:19:42,552 - INFO - 📰 Scraping The Hindu - 2012-06-25
2025-07-18 03:19:45,948 - INFO - 📰 Scraping The Hindu - 2012-06-26
2025-07-18 03:19:49,551 - INFO - 📰 Scraping The Hindu - 2012-06-27
2025-07-18 03:19:52,132 - INFO - 📰 Scraping The Hindu - 2012-06-28
2025-07-18 03:19:56,534 - INFO - 📰 Scraping The Hindu - 2012-06-29
2025-07-18 03:20:00,137 - INFO - 📰 Scraping The Hindu - 2012-06-30
2025-07-18 03:20:04,227 - INFO - 📰 Scraping The Hindu - 2012-07-01
2025-07-18 03:20:07,320 - INFO - 📰 Scraping The Hindu - 2012-07-02
2025-07-18 03:20:10,602 - INFO - 📰 Scraping The Hindu - 2012-07-03
2025-07-18 03:20:13,210 - INFO - 📰 Scraping The Hindu - 2012-07-04
2025-07-18 03:20:16,014 - INFO - 📰 Scraping The Hindu - 2012-07-05
2025-07-18 03:20:18,772 - INFO - 📰 Scraping The Hindu - 2012-07-06
2025-07-18 03:20:22,195 - INFO - 📰 Scraping The Hindu - 2012-07-07
2025-07-18 03:20:25,386 - INFO - 📰 Scraping The Hindu - 2012-07-08
2025-07-18 03:20:27,953 - INFO - 📰 Scraping The Hindu - 2012-07-09
2025-07-18 03:20:31,144 - INFO - 📰 Scraping The Hindu - 2012-07-10
2025-07-18 03:20:33,725 - INFO - 📰 Scraping The Hindu - 2012-07-11
2025-07-18 03:20:36,906 - INFO - 📰 Scraping The Hindu - 2012-07-12
2025-07-18 03:20:39,926 - INFO - 📰 Scraping The Hindu - 2012-07-13
2025-07-18 03:20:42,864 - INFO - 📰 Scraping The Hindu - 2012-07-14
2025-07-18 03:20:46,680 - INFO - 📰 Scraping The Hindu - 2012-07-15
2025-07-18 03:20:50,511 - INFO - 📰 Scraping The Hindu - 2012-07-16
2025-07-18 03:20:53,994 - INFO - 📰 Scraping The Hindu - 2012-07-17
2025-07-18 03:20:56,435 - INFO - 📰 Scraping The Hindu - 2012-07-18
2025-07-18 03:21:00,173 - INFO - 📰 Scraping The Hindu - 2012-07-19
2025-07-18 03:21:04,054 - INFO - 📰 Scraping The Hindu - 2012-07-20
2025-07-18 03:21:07,977 - INFO - 📰 Scraping The Hindu - 2012-07-21
2025-07-18 03:21:12,419 - INFO - 📰 Scraping The Hindu - 2012-07-22
2025-07-18 03:21:15,308 - INFO - 📰 Scraping The Hindu - 2012-07-23
2025-07-18 03:21:17,902 - INFO - 📰 Scraping The Hindu - 2012-07-24
2025-07-18 03:21:21,488 - INFO - 📰 Scraping The Hindu - 2012-07-25
2025-07-18 03:21:24,299 - INFO - 📰 Scraping The Hindu - 2012-07-26
2025-07-18 03:21:28,635 - INFO - 📰 Scraping The Hindu - 2012-07-27
2025-07-18 03:21:32,050 - INFO - 📰 Scraping The Hindu - 2012-07-28
2025-07-18 03:21:33,974 - INFO - ⏹️  Scraping interrupted by user
2025-07-18 03:21:33,974 - INFO - 📊 Exporting comprehensive results...
2025-07-18 03:21:34,371 - INFO - ✅ Final update to new_excel.xlsx completed
2025-07-18 03:21:34,395 - INFO - ✅ Exported to PRIMARY Excel file: new_excel.xlsx
2025-07-18 03:21:34,417 - INFO - ✅ Backup created: Final_Indian_News_Archive_20250718_032134.xlsx
2025-07-18 03:21:34,426 - INFO - ✅ Exported to CSV with correct columns: Final_Indian_News_Archive_20250718_032134.csv
2025-07-18 03:21:34,430 - INFO - Exported to JSON (sample): Final_Indian_News_Archive_20250718_032134.json
2025-07-18 03:21:34,479 - INFO - Exported raw data: Final_Indian_News_Archive_20250718_032134_raw_data.xlsx
2025-07-18 03:21:34,489 - INFO - Exported statistics: Final_Indian_News_Archive_20250718_032134_statistics.json
2025-07-18 03:21:34,489 - INFO - 📋 VALIDATING EXCEL EXPORT:
2025-07-18 03:21:34,489 - INFO - 📄 Main Excel File: new_excel.xlsx
2025-07-18 03:21:34,490 - INFO - 📊 Total Articles: 13
2025-07-18 03:21:34,491 - INFO - 📊 Columns: ['Name of Newspaper', 'Published date of News', 'Enter URL or Link of News', 'Headline of News Article', 'Content in detail of News article', 'Summary of News article', 'Category of News Article', 'Location of News', 'Author of News Article', 'Front Page Assessment']
2025-07-18 03:21:34,492 - INFO - ✅ All required columns present in Excel
2025-07-18 03:21:34,501 - INFO -   Name of Newspaper: 13/13 (100.0%) complete
2025-07-18 03:21:34,505 - INFO -   Published date of News: 13/13 (100.0%) complete
2025-07-18 03:21:34,508 - INFO -   Enter URL or Link of News: 13/13 (100.0%) complete
2025-07-18 03:21:34,511 - INFO -   Headline of News Article: 13/13 (100.0%) complete
2025-07-18 03:21:34,514 - INFO -   Content in detail of News article: 13/13 (100.0%) complete
2025-07-18 03:21:34,515 - INFO -   Summary of News article: 13/13 (100.0%) complete
2025-07-18 03:21:34,516 - INFO -   Category of News Article: 13/13 (100.0%) complete
2025-07-18 03:21:34,517 - INFO -   Location of News: 13/13 (100.0%) complete
2025-07-18 03:21:34,520 - INFO -   Author of News Article: 13/13 (100.0%) complete
2025-07-18 03:21:34,522 - INFO -   Front Page Assessment: 13/13 (100.0%) complete
2025-07-18 03:21:34,523 - INFO - ✅ Export completed successfully
