2025-07-16 22:50:13,281 - INFO - ============================================================
2025-07-16 22:50:13,281 - INFO - PRODUCTION NEWS ARTICLE SUMMARIZER
2025-07-16 22:50:13,281 - INFO - Started at: 2025-07-16 22:50:13.281849
2025-07-16 22:50:13,281 - INFO - Model: gemma3:4b
2025-07-16 22:50:13,281 - INFO - Batch size: 10
2025-07-16 22:50:13,281 - INFO - ============================================================
2025-07-16 22:50:13,281 - INFO - Processing continuous_news.xlsx...
2025-07-16 22:50:13,598 - INFO - Found 710 articles to summarize in continuous_news.xlsx
2025-07-16 22:50:13,598 - INFO - Processing batch 1/71 (1-10 of 710)
2025-07-16 22:50:13,598 - INFO -   Summarizing: Audit finds $21 mn financial irregularities in Pakistan Cric...
2025-07-16 22:50:44,439 - INFO -   ✓ Success (1/710)
2025-07-16 22:50:45,440 - INFO -   Summarizing: US immigration flexes authority to expand detention without ...
2025-07-16 22:51:11,691 - INFO -   ✓ Success (2/710)
2025-07-16 22:51:12,692 - INFO -   Summarizing: Markets News...
2025-07-16 22:51:22,129 - INFO -   ✓ Success (3/710)
2025-07-16 22:51:23,130 - INFO -   Summarizing: Rabies deaths: Kerala to sterilise strays, allow euthanasia ...
2025-07-16 22:51:48,451 - INFO -   ✓ Success (4/710)
2025-07-16 22:51:49,452 - INFO -   Summarizing: Cabinet congratulates Shubhanshu Shukla on historic ISS miss...
2025-07-16 22:52:01,094 - INFO -   ✓ Success (5/710)
2025-07-16 22:52:02,095 - INFO -   Summarizing: Who is Sheikh Abubakr Ahmad, cleric who helped defer Nimisha...
2025-07-16 22:52:19,458 - INFO -   ✓ Success (6/710)
2025-07-16 22:52:20,459 - INFO -   Summarizing: Native American radio stations at risk as US looks to cut $1...
2025-07-16 22:52:47,149 - INFO -   ✓ Success (7/710)
2025-07-16 22:52:48,150 - INFO -   Summarizing: Company News...
2025-07-16 22:59:30,476 - INFO - ============================================================
2025-07-16 22:59:30,476 - INFO - PRODUCTION NEWS ARTICLE SUMMARIZER
2025-07-16 22:59:30,476 - INFO - Started at: 2025-07-16 22:59:30.476231
2025-07-16 22:59:30,476 - INFO - Model: gemma3:4b
2025-07-16 22:59:30,476 - INFO - Batch size: 10
2025-07-16 22:59:30,476 - INFO - Processing order: continuous_news.xlsx first, then new_excel.xlsx
2025-07-16 22:59:30,476 - INFO - ============================================================
2025-07-16 22:59:30,476 - INFO - Processing continuous_news.xlsx...
2025-07-16 22:59:30,805 - INFO - Found 710 articles to summarize in continuous_news.xlsx
2025-07-16 22:59:30,805 - INFO - Processing batch 1/71 (1-10 of 710)
2025-07-16 22:59:30,805 - INFO -   Summarizing: Audit finds $21 mn financial irregularities in Pakistan Cric...
2025-07-16 22:59:50,509 - INFO -   ✓ Success (1/710)
2025-07-16 22:59:51,510 - INFO -   Summarizing: US immigration flexes authority to expand detention without ...
2025-07-16 23:00:09,746 - INFO -   ✓ Success (2/710)
2025-07-16 23:00:10,747 - INFO -   Summarizing: Markets News...
2025-07-16 23:00:23,932 - INFO -   ✓ Success (3/710)
2025-07-16 23:00:24,933 - INFO -   Summarizing: Rabies deaths: Kerala to sterilise strays, allow euthanasia ...
2025-07-16 23:08:06,494 - INFO - ============================================================
2025-07-16 23:08:06,494 - INFO - PRODUCTION NEWS ARTICLE SUMMARIZER
2025-07-16 23:08:06,494 - INFO - Started at: 2025-07-16 23:08:06.494505
2025-07-16 23:08:06,494 - INFO - Model: gemma3:4b
2025-07-16 23:08:06,494 - INFO - Batch size: 10
2025-07-16 23:08:06,494 - INFO - Processing order: continuous_news.xlsx first, then new_excel.xlsx
2025-07-16 23:08:06,494 - INFO - ============================================================
2025-07-16 23:08:06,494 - INFO - Processing continuous_news.xlsx...
2025-07-16 23:08:06,806 - INFO - Found 710 articles to summarize in continuous_news.xlsx
2025-07-16 23:08:06,806 - INFO - Processing batch 1/71 (1-10 of 710)
2025-07-16 23:08:06,806 - INFO -   Summarizing: Audit finds $21 mn financial irregularities in Pakistan Cric...
2025-07-16 23:08:30,654 - INFO -   ✓ Success (1/710)
2025-07-16 23:08:31,655 - INFO -   Summarizing: US immigration flexes authority to expand detention without ...
2025-07-16 23:08:49,521 - INFO -   ✓ Success (2/710)
2025-07-16 23:08:50,522 - INFO -   Summarizing: Markets News...
2025-07-16 23:09:02,809 - INFO -   ✓ Success (3/710)
2025-07-16 23:09:03,810 - INFO -   Summarizing: Rabies deaths: Kerala to sterilise strays, allow euthanasia ...
2025-07-16 23:09:22,522 - INFO -   ✓ Success (4/710)
2025-07-16 23:09:23,523 - INFO -   Summarizing: Cabinet congratulates Shubhanshu Shukla on historic ISS miss...
2025-07-16 23:09:32,426 - INFO -   ✓ Success (5/710)
2025-07-16 23:09:33,426 - INFO -   Summarizing: Who is Sheikh Abubakr Ahmad, cleric who helped defer Nimisha...
2025-07-16 23:09:42,788 - INFO -   ✓ Success (6/710)
2025-07-16 23:09:43,788 - INFO -   Summarizing: Native American radio stations at risk as US looks to cut $1...
2025-07-16 23:10:00,581 - INFO -   ✓ Success (7/710)
2025-07-16 23:10:01,582 - INFO -   Summarizing: Company News...
2025-07-16 23:10:19,304 - INFO -   ✓ Success (8/710)
2025-07-16 23:10:20,305 - INFO -   Summarizing: Karnataka proposes ₹200 cap on movie tickets; PVR Inox faces...
2025-07-16 23:10:29,327 - INFO -   ✓ Success (9/710)
2025-07-16 23:10:30,327 - INFO -   Summarizing: Nvidia CEO downplays role in lifting US ban on chip sales to...
2025-07-16 23:10:48,177 - INFO -   ✓ Success (10/710)
2025-07-16 23:10:49,423 - INFO -   Progress saved: 10/710 completed
2025-07-16 23:10:49,423 - INFO -   Waiting 5 seconds before next batch...
2025-07-16 23:10:54,439 - INFO - Processing batch 2/71 (11-20 of 710)
2025-07-16 23:10:54,441 - INFO -   Summarizing: NTPC gets approval to invest up to ₹20,000 crore in renewabl...
2025-07-16 23:11:04,652 - INFO -   ✓ Success (11/710)
2025-07-16 23:11:05,653 - INFO -   Summarizing: Tariff-free trade deal unlikely with US, says Canadian PM as...
2025-07-16 23:11:14,006 - INFO -   ✓ Success (12/710)
2025-07-16 23:11:15,007 - INFO -   Summarizing: Democrats troll Trump and his loyal base over Jeffrey Epstei...
2025-07-16 23:11:31,345 - INFO -   ✓ Success (13/710)
2025-07-16 23:11:32,346 - INFO -   Summarizing: Israel threatens to escalate involvement in Syria as ceasefi...
2025-07-16 23:11:48,899 - INFO -   ✓ Success (14/710)
2025-07-16 23:11:49,900 - INFO -   Summarizing: Cricket News...
2025-07-16 23:12:08,640 - INFO -   ✓ Success (15/710)
2025-07-16 23:12:09,641 - INFO -   Summarizing: DV law doesn't distinguish 1st marriage from 2nd on maintena...
2025-07-16 23:12:28,720 - INFO -   ✓ Success (16/710)
2025-07-16 23:12:29,721 - INFO -   Summarizing: Nisaba Godrej outlines 2040 vision to shareholders in GCPL's...
2025-07-16 23:12:38,797 - INFO -   ✓ Success (17/710)
2025-07-16 23:12:39,798 - INFO -   Summarizing: Vaishnaw announces free AI training for over 5.5 lakh CSC fr...
2025-07-16 23:12:56,608 - INFO -   ✓ Success (18/710)
2025-07-16 23:12:57,609 - INFO -   Summarizing: AI video platform Trupeer raises ₹25.8 crore from RTP Global...
2025-07-16 23:13:16,254 - INFO -   ✓ Success (19/710)
2025-07-16 23:13:17,255 - INFO -   Summarizing: No bar on re-arrest after procedural lapses of first arrest ...
2025-07-16 23:13:34,164 - INFO -   ✓ Success (20/710)
2025-07-16 23:13:35,358 - INFO -   Progress saved: 20/710 completed
2025-07-16 23:13:35,358 - INFO -   Waiting 5 seconds before next batch...
2025-07-16 23:13:40,364 - INFO - Processing batch 3/71 (21-30 of 710)
2025-07-16 23:13:40,364 - INFO -   Summarizing: Dhan-Dhaanya Krishi Yojana committed to transforming lives o...
2025-07-16 23:13:58,781 - INFO -   ✓ Success (21/710)
2025-07-16 23:13:59,783 - INFO -   Summarizing: Morgan Stanley profit rises as trading gains from market vol...
2025-07-16 23:14:07,170 - INFO -   ✓ Success (22/710)
2025-07-16 23:14:08,171 - INFO -   Summarizing: Israel-backed aid organisation says 20 killed at distributio...
2025-07-16 23:14:20,327 - INFO -   ✓ Success (23/710)
2025-07-16 23:14:21,328 - INFO -   Summarizing: Russia launches attacks on four Ukrainian cities, at least 1...
2025-07-16 23:14:37,121 - INFO -   ✓ Success (24/710)
2025-07-16 23:14:38,122 - INFO -   Summarizing: US' BIG statement on Israeli strikes in Syria's capital Dama...
2025-07-16 23:14:54,510 - INFO -   ✓ Success (25/710)
2025-07-16 23:14:55,511 - INFO -   Summarizing: DNA TV Show: How will US President Donald Trump benefit by l...
2025-07-16 23:15:12,333 - INFO -   ✓ Success (26/710)
2025-07-16 23:15:13,334 - INFO -   Summarizing: Big tension for Pakistan, China, as India tests THIS new hyp...
2025-07-16 23:15:29,885 - INFO -   ✓ Success (27/710)
2025-07-16 23:15:30,886 - INFO -   Summarizing: Good news for Indian travellers: Travel to these 17 countrie...
2025-07-16 23:15:47,980 - INFO -   ✓ Success (28/710)
2025-07-16 23:15:48,980 - INFO -   Summarizing: Nimisha Priya Case Who Was Talal Abdo Mahdi Inside The Tragi...
2025-07-16 23:16:06,044 - INFO -   ✓ Success (29/710)
2025-07-16 23:16:07,045 - INFO -   Summarizing: Satyajit Ray's ancestral home in Dhaka to be demolished by B...
2025-07-16 23:16:17,999 - INFO -   ✓ Success (30/710)
2025-07-16 23:16:19,217 - INFO -   Progress saved: 30/710 completed
2025-07-16 23:16:19,217 - INFO -   Waiting 5 seconds before next batch...
2025-07-16 23:16:24,219 - INFO - Processing batch 4/71 (31-40 of 710)
2025-07-16 23:16:24,219 - INFO -   Summarizing: DNA TV Show: Why is take off the most dangerous flight phase...
2025-07-16 23:16:35,010 - INFO -   ✓ Success (31/710)
2025-07-16 23:16:36,011 - INFO -   Summarizing: Anupam Kher reveals why he doesn't have a biological child w...
2025-07-16 23:16:52,268 - INFO -   ✓ Success (32/710)
2025-07-16 23:16:53,269 - INFO -   Summarizing: Dealing with hot flashes at work? These 6 menopause tips can...
2025-07-16 23:17:09,113 - INFO -   ✓ Success (33/710)
2025-07-16 23:17:10,115 - INFO -   Summarizing: Delhi set to launch India's first net-zero e-waste park in.....
2025-07-16 23:17:26,565 - INFO -   ✓ Success (34/710)
2025-07-16 23:17:27,581 - INFO -   Summarizing: Nimisha Priya Case Grand Mufti In Talks With Yemen Scholars ...
2025-07-16 23:17:43,957 - INFO -   ✓ Success (35/710)
2025-07-16 23:17:44,958 - INFO -   Summarizing: LSG owner Sanjiv Goenka makes stunning overseas move, signs ...
2025-07-16 23:18:00,926 - INFO -   ✓ Success (36/710)
2025-07-16 23:18:01,928 - INFO -   Summarizing: World’s best sandwich, with unique recipe, made in this coun...
2025-07-16 23:18:18,317 - INFO -   ✓ Success (37/710)
2025-07-16 23:18:19,318 - INFO -   Summarizing: Tesla Debuts in India: Model Y SUV costs almost double than ...
2025-07-16 23:18:29,043 - INFO -   ✓ Success (38/710)
2025-07-16 23:18:30,044 - INFO -   Summarizing: CDS Anil Chauhan On Op Sindoor Pakistani Drones Neutralised ...
2025-07-16 23:18:45,967 - INFO -   ✓ Success (39/710)
2025-07-16 23:18:46,968 - INFO -   Summarizing: From ragi idli to jowar upma, grilled fish with veggies: Che...
2025-07-16 23:19:04,022 - INFO -   ✓ Success (40/710)
2025-07-16 23:19:05,226 - INFO -   Progress saved: 40/710 completed
2025-07-16 23:19:05,226 - INFO -   Waiting 5 seconds before next batch...
2025-07-16 23:19:10,232 - INFO - Processing batch 5/71 (41-50 of 710)
2025-07-16 23:19:10,232 - INFO -   Summarizing: 'How only 1 team has been reprimanded....': Michael Vaughan ...
2025-07-16 23:19:20,698 - INFO -   ✓ Success (41/710)
2025-07-16 23:19:21,699 - INFO -   Summarizing: DNA TV Show: Why has UAE introduced new Golden Visa...
2025-07-16 23:19:32,805 - INFO -   ✓ Success (42/710)
2025-07-16 23:19:33,806 - INFO -   Summarizing: Sawan 2025: Shravan month start-date, end-date, rituals and ...
2025-07-16 23:19:50,784 - INFO -   ✓ Success (43/710)
2025-07-16 23:19:51,785 - INFO -   Summarizing: When is Muharram 2025: Date, history, significance, rituals ...
2025-07-16 23:20:07,259 - INFO -   ✓ Success (44/710)
2025-07-16 23:20:08,261 - INFO -   Summarizing: R Ashwin reveals real reason behind sending Akash Deep as ni...
2025-07-16 23:20:17,641 - INFO -   ✓ Success (45/710)
2025-07-16 23:20:18,642 - INFO -   Summarizing: Delhi-NCR news: All Ghaziabad schools to remain shut for 7 d...
2025-07-16 23:20:28,127 - INFO -   ✓ Success (46/710)
2025-07-16 23:20:29,128 - INFO -   Summarizing: Salt consumption among Indians is 2.2 times more than WHO li...
2025-07-16 23:20:39,193 - INFO -   ✓ Success (47/710)
2025-07-16 23:20:40,194 - INFO -   Summarizing: Former Indian pacer praises Ben Stokes for his performance i...
2025-07-16 23:20:51,071 - INFO -   ✓ Success (48/710)
2025-07-16 23:20:52,072 - INFO -   Summarizing: Delhi Police makes SHOCKING statement, bomb threat emails se...
2025-07-16 23:21:07,850 - INFO -   ✓ Success (49/710)
2025-07-16 23:21:08,851 - INFO -   Summarizing: Delhi-Meerut RRTS: Good news for commuters as 3 more Namo Bh...
2025-07-16 23:21:25,225 - INFO -   ✓ Success (50/710)
2025-07-16 23:21:26,499 - INFO -   Progress saved: 50/710 completed
2025-07-16 23:21:26,499 - INFO -   Waiting 5 seconds before next batch...
2025-07-16 23:21:31,503 - INFO - Processing batch 6/71 (51-60 of 710)
2025-07-16 23:21:31,503 - INFO -   Summarizing: DNA TV Show: Why is there a row over Bihar voter list revisi...
2025-07-16 23:21:42,015 - INFO -   ✓ Success (51/710)
2025-07-16 23:21:43,016 - INFO -   Summarizing: IND vs ENG 3rd Test Highlights: Team India suffer heartbreak...
2025-07-16 23:21:53,060 - INFO -   ✓ Success (52/710)
2025-07-16 23:21:54,061 - INFO -   Summarizing: World Snake Day 2025: Why are cobras the most dangerous snak...
2025-07-16 23:22:04,803 - INFO -   ✓ Success (53/710)
2025-07-16 23:22:05,804 - INFO -   Summarizing: AI road map for financial services...
2025-07-16 23:22:22,325 - INFO -   ✓ Success (54/710)
2025-07-16 23:22:23,325 - INFO -   Summarizing: Tech Mahindra Q1FY26 deal wins surge 51% to $809 million...
2025-07-16 23:22:43,323 - INFO -   ✓ Success (55/710)
2025-07-16 23:22:44,324 - INFO -   Summarizing: Stocks making the biggest moves midday: Dixon technologies, ...
2025-07-16 23:23:00,639 - INFO -   ✓ Success (56/710)
2025-07-16 23:23:01,640 - INFO -   Summarizing: Emmy Nominations 2025 In Pics: Who are the top nominees? Fin...
2025-07-16 23:23:18,978 - INFO -   ✓ Success (57/710)
2025-07-16 23:23:19,979 - INFO -   Summarizing: Balasore Bandh: Police detain BJD workers, use water cannons...
2025-07-16 23:23:36,572 - INFO -   ✓ Success (58/710)
2025-07-16 23:23:37,573 - INFO -   Summarizing: ‘This might hit you very hard’: Nato chief warns harsh sanct...
2025-07-16 23:23:55,542 - INFO -   ✓ Success (59/710)
2025-07-16 23:23:56,543 - INFO -   Summarizing: ‘Criminal, violent, global’: Canadian leaders push to label ...
2025-07-16 23:24:13,191 - INFO -   ✓ Success (60/710)
2025-07-16 23:24:14,384 - INFO -   Progress saved: 60/710 completed
2025-07-16 23:24:14,384 - INFO -   Waiting 5 seconds before next batch...
2025-07-16 23:24:19,393 - INFO - Processing batch 7/71 (61-70 of 710)
2025-07-16 23:24:19,393 - INFO -   Summarizing: Trump plans pharma tariffs by July-end, semiconductors next ...
2025-07-16 23:24:36,281 - INFO -   ✓ Success (61/710)
2025-07-16 23:24:37,282 - INFO -   Summarizing: Another quiet session for the markets: Nifty continues below...
2025-07-16 23:24:58,479 - INFO -   ✓ Success (62/710)
2025-07-16 23:24:59,480 - INFO -   Summarizing: Bengaluru student raped, blackmailed by college professors; ...
2025-07-16 23:25:13,924 - INFO -   ✓ Success (63/710)
2025-07-16 23:25:14,925 - INFO -   Summarizing: SBI QIP opens on Wednesday at floor price of Rs 811.05 per s...
2025-07-16 23:25:30,511 - INFO -   ✓ Success (64/710)
2025-07-16 23:25:31,512 - INFO -   Summarizing: How will markets open today? GIFT Nifty down, US futures low...
2025-07-16 23:25:48,553 - INFO -   ✓ Success (65/710)
2025-07-16 23:25:49,554 - INFO -   Summarizing: Aspiring Indian immigrant wonders why people go to USA despi...
2025-07-16 23:26:08,774 - INFO -   ✓ Success (66/710)
2025-07-16 23:26:09,775 - INFO -   Summarizing: Can’t plan for contingency till US tariffs are known: Offici...
2025-07-16 23:26:27,013 - INFO -   ✓ Success (67/710)
2025-07-16 23:26:28,014 - INFO -   Summarizing: Congress writes to PM Modi, urges govt to restore statehood ...
2025-07-16 23:26:44,665 - INFO -   ✓ Success (68/710)
2025-07-16 23:26:45,665 - INFO -   Summarizing: Virat Kohli scripts history by becoming the first ever batsm...
2025-07-16 23:27:04,500 - INFO -   ✓ Success (69/710)
2025-07-16 23:27:05,501 - INFO -   Summarizing: Time is ripe for private damage actions...
2025-07-16 23:27:21,705 - INFO -   ✓ Success (70/710)
2025-07-16 23:27:22,934 - INFO -   Progress saved: 70/710 completed
2025-07-16 23:27:22,934 - INFO -   Waiting 5 seconds before next batch...
2025-07-16 23:27:27,941 - INFO - Processing batch 8/71 (71-80 of 710)
2025-07-16 23:27:27,941 - INFO -   Summarizing: Trump to put over 10% tariffs on smaller nations, including ...
2025-07-16 23:27:42,600 - INFO -   ✓ Success (71/710)
2025-07-16 23:27:43,601 - INFO -   Summarizing: Offline mobile retailers fend off q-comm threat...
2025-07-16 23:28:02,683 - INFO -   ✓ Success (72/710)
2025-07-16 23:28:03,684 - INFO -   Summarizing: What Virat Kohli and a great fund manager have in common (It...
2025-07-16 23:28:19,851 - INFO -   ✓ Success (73/710)
2025-07-16 23:28:20,852 - INFO -   Summarizing: Reliance Power approves Rs 6,000 crore equity raise, Rs 3,00...
2025-07-16 23:28:31,899 - INFO -   ✓ Success (74/710)
2025-07-16 23:28:32,900 - INFO -   Summarizing: ‘Don’t understand the interest’: Trump responds to MAGA fury...
2025-07-16 23:28:49,288 - INFO -   ✓ Success (75/710)
2025-07-16 23:28:50,290 - INFO -   Summarizing: Moving at pace...
2025-07-16 23:29:08,315 - INFO -   ✓ Success (76/710)
2025-07-16 23:29:09,315 - INFO -   Summarizing: ‘Google is no longer diverse,…’ Internet debates over the bi...
2025-07-16 23:29:25,843 - INFO -   ✓ Success (77/710)
2025-07-16 23:29:26,844 - INFO -   Summarizing: NTPC gets CCEA nod to invest Rs 20,000-cr in green energy...
2025-07-16 23:29:45,467 - INFO -   ✓ Success (78/710)
2025-07-16 23:29:46,468 - INFO -   Summarizing: All eyes on upcoming GST Meeting: Nomura hints 12% slab may ...
2025-07-16 23:30:04,049 - INFO -   ✓ Success (79/710)
2025-07-16 23:30:05,050 - INFO -   Summarizing: Canada’s Parents and Grandparents Program intake opens in la...
2025-07-16 23:30:21,499 - INFO -   ✓ Success (80/710)
2025-07-16 23:30:22,733 - INFO -   Progress saved: 80/710 completed
2025-07-16 23:30:22,733 - INFO -   Waiting 5 seconds before next batch...
2025-07-16 23:30:27,738 - INFO - Processing batch 9/71 (81-90 of 710)
2025-07-16 23:30:27,738 - INFO -   Summarizing: Last few hours left! Anthem Biosciences IPO closes today; Ch...
2025-07-16 23:30:50,350 - INFO -   ✓ Success (81/710)
2025-07-16 23:30:51,350 - INFO -   Summarizing: TCS vs HCLTech: From guidance to growth, 6 must-know takeawa...
2025-07-16 23:31:08,024 - INFO -   ✓ Success (82/710)
2025-07-16 23:31:09,026 - INFO -   Summarizing: Trump administration fires 17 immigration court judges acros...
2025-07-16 23:31:23,932 - INFO -   ✓ Success (83/710)
2025-07-16 23:31:24,933 - INFO -   Summarizing: ‘This is why Indians are being hated’, US techies claim Indi...
2025-07-16 23:31:41,275 - INFO -   ✓ Success (84/710)
2025-07-16 23:31:42,276 - INFO -   Summarizing: Delhi-Meerut RRTS: Namo Bharat expansion on track, three sta...
2025-07-16 23:32:01,059 - INFO -   ✓ Success (85/710)
2025-07-16 23:32:02,061 - INFO -   Summarizing: From HDB Financial, Star Health, HDFC Life to Dixon Tech – H...
2025-07-16 23:32:21,064 - INFO -   ✓ Success (86/710)
2025-07-16 23:32:22,066 - INFO -   Summarizing: 3 ultra-high-yield dividend stocks built for steady income...
2025-07-16 23:32:36,698 - INFO -   ✓ Success (87/710)
2025-07-16 23:32:37,700 - INFO -   Summarizing: Deepinder Goyal refutes report on LAT Aerospace buying priva...
2025-07-16 23:32:54,390 - INFO -   ✓ Success (88/710)
2025-07-16 23:32:55,391 - INFO -   Summarizing: Trump slaps 19% tariff on Indonesia; Jakarta to buy 50 Boein...
2025-07-16 23:33:13,328 - INFO -   ✓ Success (89/710)
2025-07-16 23:33:14,328 - INFO -   Summarizing: Delhi on high alert: 10 schools, one college receive bomb th...
2025-07-16 23:33:27,963 - INFO -   ✓ Success (90/710)
2025-07-16 23:33:29,169 - INFO -   Progress saved: 90/710 completed
2025-07-16 23:33:29,169 - INFO -   Waiting 5 seconds before next batch...
2025-07-16 23:33:34,174 - INFO - Processing batch 10/71 (91-100 of 710)
2025-07-16 23:33:34,174 - INFO -   Summarizing: Protecting capital markets...
2025-07-16 23:33:51,211 - INFO -   ✓ Success (91/710)
2025-07-16 23:33:52,212 - INFO -   Summarizing: Beyond legal compliance...
2025-07-16 23:34:06,185 - INFO -   ✓ Success (92/710)
2025-07-16 23:34:07,185 - INFO -   Summarizing: India, EU exchange offers for FTA...
2025-07-16 23:34:23,650 - INFO -   ✓ Success (93/710)
2025-07-16 23:34:24,651 - INFO -   Summarizing: Tech Mahindra Q1 results today: Cost optimisation to drive m...
2025-07-16 23:34:43,332 - INFO -   ✓ Success (94/710)
2025-07-16 23:34:44,333 - INFO -   Summarizing: WeWork India gets SEBI nod to launch IPO; promoters to offlo...
2025-07-16 23:35:02,194 - INFO -   ✓ Success (95/710)
2025-07-16 23:35:03,195 - INFO -   Summarizing: “Similar” deal likely with India, Trump says after Indonesia...
2025-07-16 23:35:19,546 - INFO -   ✓ Success (96/710)
2025-07-16 23:35:20,547 - INFO -   Summarizing: Cheaper veggies, tamer CPI: Crisil sees inflation to average...
2025-07-16 23:35:38,057 - INFO -   ✓ Success (97/710)
2025-07-16 23:35:39,058 - INFO -   Summarizing: Widening learning gap...
2025-07-16 23:35:58,642 - INFO -   ✓ Success (98/710)
2025-07-16 23:35:59,643 - INFO -   Summarizing: BlackRock’s assets under management hit a record high of $12...
2025-07-16 23:36:18,065 - INFO -   ✓ Success (99/710)
2025-07-16 23:36:19,066 - INFO -   Summarizing: Reliance Industrial infrastructure Q1FY26 results: Profit gr...
2025-07-16 23:36:34,266 - INFO -   ✓ Success (100/710)
2025-07-16 23:36:35,485 - INFO -   Progress saved: 100/710 completed
2025-07-16 23:36:35,485 - INFO -   Waiting 5 seconds before next batch...
2025-07-16 23:36:40,486 - INFO - Processing batch 11/71 (101-110 of 710)
2025-07-16 23:36:40,487 - INFO -   Summarizing: China’s ‘silent war’...
2025-07-16 23:36:56,596 - INFO -   ✓ Success (101/710)
2025-07-16 23:36:57,598 - INFO -   Summarizing: ‘We’ve put it in Oval office’: Trump keeps original FIFA Clu...
2025-07-16 23:37:14,572 - INFO -   ✓ Success (102/710)
2025-07-16 23:37:15,573 - INFO -   Summarizing: From Vodafone Idea to Paytm: 5 large cap stocks that soared ...
2025-07-16 23:37:33,476 - INFO -   ✓ Success (103/710)
2025-07-16 23:37:34,477 - INFO -   Summarizing: G7 and the doublespeak of war...
2025-07-16 23:37:52,578 - INFO -   ✓ Success (104/710)
2025-07-16 23:37:53,579 - INFO -   Summarizing: Benign inflation doesn’t signal demand slowdown: Analysts...
2025-07-16 23:38:13,076 - INFO -   ✓ Success (105/710)
2025-07-16 23:38:14,077 - INFO -   Summarizing: Who is Amritpal Singh Dhillon? NRI driver arrested in Fauja ...
2025-07-16 23:38:31,965 - INFO -   ✓ Success (106/710)
2025-07-16 23:38:32,966 - INFO -   Summarizing: FII selling again? 3 big worries driving Rs 11,778 crore net...
2025-07-16 23:38:49,676 - INFO -   ✓ Success (107/710)
2025-07-16 23:38:50,678 - INFO -   Summarizing: Weak Q1 for banks: Margins shrink, loan growth slows, credit...
2025-07-16 23:39:08,223 - INFO -   ✓ Success (108/710)
2025-07-16 23:39:09,224 - INFO -   Summarizing: Wipro flags overhang of uncertainty on demand...
2025-07-16 23:39:24,637 - INFO -   ✓ Success (109/710)
2025-07-16 23:39:25,638 - INFO -   Summarizing: A shift in innovation outlook...
2025-07-16 23:39:44,114 - INFO -   ✓ Success (110/710)
2025-07-16 23:39:45,331 - INFO -   Progress saved: 110/710 completed
2025-07-16 23:39:45,331 - INFO -   Waiting 5 seconds before next batch...
2025-07-16 23:39:50,336 - INFO - Processing batch 12/71 (111-120 of 710)
2025-07-16 23:39:50,336 - INFO -   Summarizing: Mamata Banerjee hits streets before PM Modi’s visit, protest...
2025-07-16 23:40:08,592 - INFO -   ✓ Success (111/710)
2025-07-16 23:40:09,593 - INFO -   Summarizing: ‘Withheld what they don’t want us to know,’ Pilots question ...
2025-07-16 23:40:26,776 - INFO -   ✓ Success (112/710)
2025-07-16 23:40:27,777 - INFO -   Summarizing: Assam set to become India’s first state to be a direct oil p...
2025-07-16 23:40:44,616 - INFO -   ✓ Success (113/710)
2025-07-16 23:40:45,617 - INFO -   Summarizing: Conclusion of India-Asean FTA review likely by October...
2025-07-16 23:41:03,694 - INFO -   ✓ Success (114/710)
2025-07-16 23:41:04,695 - INFO -   Summarizing: Towards GST consensus...
2025-07-16 23:41:21,925 - INFO -   ✓ Success (115/710)
2025-07-16 23:41:22,925 - INFO -   Summarizing: Trump administration seeks to bar bond hearings for millions...
2025-07-16 23:41:38,703 - INFO -   ✓ Success (116/710)
2025-07-16 23:41:39,704 - INFO -   Summarizing: Pak used unarmed drones, loiter munitions: CDS Chauhan revea...
2025-07-16 23:41:57,718 - INFO -   ✓ Success (117/710)
2025-07-16 23:41:58,719 - INFO -   Summarizing: ‘Submit report in 4 weeks’: SC raps Haryana SIT probing OP S...
2025-07-16 23:42:16,545 - INFO -   ✓ Success (118/710)
2025-07-16 23:42:17,546 - INFO -   Summarizing: ‘We’re going to have trade access into India,’ says Trump; N...
2025-07-16 23:42:34,348 - INFO -   ✓ Success (119/710)
2025-07-16 23:42:35,349 - INFO -   Summarizing: US Treasury Secretary Bessent suggests Powell should leave F...
2025-07-16 23:42:52,174 - INFO -   ✓ Success (120/710)
2025-07-16 23:42:53,396 - INFO -   Progress saved: 120/710 completed
2025-07-16 23:42:53,396 - INFO -   Waiting 5 seconds before next batch...
2025-07-16 23:42:58,397 - INFO - Processing batch 13/71 (121-130 of 710)
2025-07-16 23:42:58,397 - INFO -   Summarizing: ITC Hotels Q1 Results: Profit surges 53.41% to Rs 133.71 cro...
2025-07-16 23:43:15,797 - INFO -   ✓ Success (121/710)
2025-07-16 23:43:16,798 - INFO -   Summarizing: ISMA urges govt to ban ethanol imports, flags risk...
2025-07-16 23:43:33,364 - INFO -   ✓ Success (122/710)
2025-07-16 23:43:34,365 - INFO -   Summarizing: NEU aspirant denied F-1 visa after one confusing question: ‘...
2025-07-16 23:43:52,429 - INFO -   ✓ Success (123/710)
2025-07-16 23:43:53,429 - INFO -   Summarizing: ‘Debt is dry powder, not just a…’: Redditor reveals how smar...
2025-07-16 23:44:10,476 - INFO -   ✓ Success (124/710)
2025-07-16 23:44:11,478 - INFO -   Summarizing: Where do central banks buy gold from?...
2025-07-16 23:44:30,910 - INFO -   ✓ Success (125/710)
2025-07-16 23:44:31,911 - INFO -   Summarizing: Food inflation plunges to 76-month low...
2025-07-16 23:44:49,894 - INFO -   ✓ Success (126/710)
2025-07-16 23:44:50,894 - INFO -   Summarizing: 75% of rural households expect rise in income next year: Nab...
2025-07-16 23:45:08,520 - INFO -   ✓ Success (127/710)
2025-07-16 23:45:09,521 - INFO -   Summarizing: SBI likely to launch Rs 25,000 crore QIP; LIC may invest Rs ...
2025-07-16 23:45:25,025 - INFO -   ✓ Success (128/710)
2025-07-16 23:45:26,026 - INFO -   Summarizing: Anthem Biosciences IPO get 3.28X subscription on day 2...
2025-07-16 23:45:42,943 - INFO -   ✓ Success (129/710)
2025-07-16 23:45:43,943 - INFO -   Summarizing: NSE ups FY26 electricity derivatives trade target to 500 BU...
2025-07-16 23:46:01,638 - INFO -   ✓ Success (130/710)
2025-07-16 23:46:02,884 - INFO -   Progress saved: 130/710 completed
2025-07-16 23:46:02,884 - INFO -   Waiting 5 seconds before next batch...
2025-07-16 23:46:07,886 - INFO - Processing batch 14/71 (131-140 of 710)
2025-07-16 23:46:07,886 - INFO -   Summarizing: Air India crash probe: Investigators scrutinise medical reco...
2025-07-16 23:46:23,622 - INFO -   ✓ Success (131/710)
2025-07-16 23:46:24,623 - INFO -   Summarizing: Warren Buffetts of India sound sell alert for these 2 stocks...
2025-07-16 23:46:43,878 - INFO -   ✓ Success (132/710)
2025-07-16 23:46:44,879 - INFO -   Summarizing: Why are Karnataka and Andhra at loggerheads over aerospace c...
2025-07-16 23:47:03,384 - INFO -   ✓ Success (133/710)
2025-07-16 23:47:04,385 - INFO -   Summarizing: Best midcap mutual funds: Motilal Oswal, HDFC, Kotak or Nipp...
2025-07-16 23:47:23,505 - INFO -   ✓ Success (134/710)
2025-07-16 23:47:24,507 - INFO -   Summarizing: Father time catching up with the Great Serb...
2025-07-16 23:47:41,174 - INFO -   ✓ Success (135/710)
2025-07-16 23:47:42,176 - INFO -   Summarizing: Safeguard duty boosts pricing power of Indian steel-makers...
2025-07-16 23:47:59,751 - INFO -   ✓ Success (136/710)
2025-07-16 23:48:00,751 - INFO -   Summarizing: Sebi renews MCX Clearing Corporation’s recognition for 3 yea...
2025-07-16 23:48:18,942 - INFO -   ✓ Success (137/710)
2025-07-16 23:48:19,943 - INFO -   Summarizing: Covid-19 cases on rise in the US: 25 States hit by summer wa...
2025-07-16 23:48:34,219 - INFO -   ✓ Success (138/710)
2025-07-16 23:48:35,220 - INFO -   Summarizing: Highlights| Tech Mahindra won deals worth $809 million in Q1...
2025-07-16 23:48:56,607 - INFO -   ✓ Success (139/710)
2025-07-16 23:48:57,609 - INFO -   Summarizing: Cheers, India! 5 desi bars shine in Asia’s 50 Best List of 2...
2025-07-16 23:49:16,593 - INFO -   ✓ Success (140/710)
2025-07-16 23:49:17,796 - INFO -   Progress saved: 140/710 completed
2025-07-16 23:49:17,796 - INFO -   Waiting 5 seconds before next batch...
2025-07-16 23:49:22,802 - INFO - Processing batch 15/71 (141-150 of 710)
2025-07-16 23:49:22,803 - INFO -   Summarizing: June trade data: Imports fall, exports hit 7-month low...
2025-07-16 23:49:40,762 - INFO -   ✓ Success (141/710)
2025-07-16 23:49:41,763 - INFO -   Summarizing: Tech Mahindra Q1FY26 results: Attrition rate a 12.6 percent;...
2025-07-16 23:49:57,007 - INFO -   ✓ Success (142/710)
2025-07-16 23:49:58,009 - INFO -   Summarizing: World trade up 5.3% in Jan-March, ahead of US tariffs...
2025-07-16 23:50:15,590 - INFO -   ✓ Success (143/710)
2025-07-16 23:50:16,590 - INFO -   Summarizing: Govt aims quantum jump in crude palm oil output...
2025-07-16 23:50:36,628 - INFO -   ✓ Success (144/710)
2025-07-16 23:50:37,629 - INFO -   Summarizing: Jaishankar flags Pahalgam attack at SCO meet in China, calls...
2025-07-16 23:50:54,277 - INFO -   ✓ Success (145/710)
2025-07-16 23:50:55,278 - INFO -   Summarizing: Who is Ken Langone? US billionaire ‘sold on’ Trump, reverses...
2025-07-16 23:51:12,118 - INFO -   ✓ Success (146/710)
2025-07-16 23:51:13,119 - INFO -   Summarizing: Nimisha Priya's 17 yrs so far in Yemen, and Islamic law can ...
2025-07-16 23:51:30,981 - INFO -   ✓ Success (147/710)
2025-07-16 23:51:31,982 - INFO -   Summarizing: Fans say new romance bookstores and online groups are giving...
2025-07-16 23:51:47,824 - INFO -   ✓ Success (148/710)
2025-07-16 23:51:48,825 - INFO -   Summarizing: Scheffler struggles to find the joy in his success...
2025-07-16 23:52:07,532 - INFO -   ✓ Success (149/710)
2025-07-16 23:52:08,533 - INFO -   Summarizing: MLB All-Star Game 2025: Kane Brown performs Georgia On My Mi...
2025-07-16 23:52:26,567 - INFO -   ✓ Success (150/710)
2025-07-16 23:52:27,775 - INFO -   Progress saved: 150/710 completed
2025-07-16 23:52:27,775 - INFO -   Waiting 5 seconds before next batch...
2025-07-16 23:52:32,788 - INFO - Processing batch 16/71 (151-160 of 710)
2025-07-16 23:52:32,788 - INFO -   Summarizing: Massive Reddit outage: Site down for thousands, company says...
2025-07-16 23:52:45,018 - INFO -   ✓ Success (151/710)
2025-07-16 23:52:46,019 - INFO -   Summarizing: Economists See Lower Recession Risk and Stronger Job Growth:...
2025-07-16 23:53:01,470 - INFO -   ✓ Success (152/710)
2025-07-16 23:53:02,472 - INFO -   Summarizing: Kerala Blasters brace for ‘worst-case scenario’ as ISL 2025-...
2025-07-16 23:53:22,260 - INFO -   ✓ Success (153/710)
2025-07-16 23:53:23,261 - INFO -   Summarizing: Weight loss coach shares 10 mistakes that are slowing down y...
2025-07-16 23:53:39,066 - INFO -   ✓ Success (154/710)
2025-07-16 23:53:40,067 - INFO -   Summarizing: Last-minute plans? Ethnic looks delivered in 30 minutes! Top...
2025-07-16 23:53:56,842 - INFO -   ✓ Success (155/710)
2025-07-16 23:53:57,844 - INFO -   Summarizing: Kharge, Rahul Gandhi urge Modi to legislate for restoration ...
2025-07-16 23:54:16,510 - INFO -   ✓ Success (156/710)
2025-07-16 23:54:17,511 - INFO -   Summarizing: The Golfer Who’s Earned $30 Million—Without Ever Winning...
2025-07-16 23:54:35,595 - INFO -   ✓ Success (157/710)
2025-07-16 23:54:36,596 - INFO -   Summarizing: Mamdani Clarifies ‘Globalize the Intifada’ Stance in Meeting...
2025-07-16 23:54:55,569 - INFO -   ✓ Success (158/710)
2025-07-16 23:54:56,570 - INFO -   Summarizing: Emirates flight from Mumbai delayed for 3 hrs after pilot se...
2025-07-16 23:55:13,463 - INFO -   ✓ Success (159/710)
2025-07-16 23:55:14,464 - INFO -   Summarizing: Uttarakhand: Chopper flies to Kedarnath despite weather warn...
2025-07-16 23:55:31,379 - INFO -   ✓ Success (160/710)
2025-07-16 23:55:32,586 - INFO -   Progress saved: 160/710 completed
2025-07-16 23:55:32,586 - INFO -   Waiting 5 seconds before next batch...
2025-07-16 23:55:37,587 - INFO - Processing batch 17/71 (161-170 of 710)
2025-07-16 23:55:37,587 - INFO -   Summarizing: Supermarket chain DMart's Q1 profit falls as competition, hi...
2025-07-16 23:55:55,094 - INFO -   ✓ Success (161/710)
2025-07-16 23:55:56,095 - INFO -   Summarizing: MLB All-Star Game 2025: Ludacris to Kane Brown - list of pre...
2025-07-16 23:56:14,336 - INFO -   ✓ Success (162/710)
2025-07-16 23:56:15,337 - INFO -   Summarizing: Pulmonologist warns pigeon menace in India is causing more l...
2025-07-16 23:56:32,443 - INFO -   ✓ Success (163/710)
2025-07-16 23:56:33,443 - INFO -   Summarizing: Amazon Prime Day starts slow; Day 1 shoppers drop 41% in US,...
2025-07-16 23:56:53,725 - INFO -   ✓ Success (164/710)
2025-07-16 23:56:54,726 - INFO -   Summarizing: Trump Effect Starts to Show Up in Economy...
2025-07-16 23:57:12,158 - INFO -   ✓ Success (165/710)
2025-07-16 23:57:13,158 - INFO -   Summarizing: Ganga swells across UP: Varanasi faces flood-like situation,...
2025-07-16 23:57:22,803 - INFO -   ✓ Success (166/710)
2025-07-16 23:57:23,804 - INFO -   Summarizing: Last-minute trip? 13 secret light packing hacks that can sav...
2025-07-16 23:57:38,657 - INFO -   ✓ Success (167/710)
2025-07-16 23:57:39,658 - INFO -   Summarizing: ‘I am innocent’: Chhangur Baba refutes religious conversion ...
2025-07-16 23:57:57,616 - INFO -   ✓ Success (168/710)
2025-07-16 23:57:58,617 - INFO -   Summarizing: Russian woman explains 'why Russian girls are so skinny', sh...
2025-07-16 23:58:17,959 - INFO -   ✓ Success (169/710)
2025-07-16 23:58:18,960 - INFO -   Summarizing: Sunil Chhetri sounds alarm on Indian football’s troubled sta...
2025-07-16 23:58:37,839 - INFO -   ✓ Success (170/710)
2025-07-16 23:58:39,047 - INFO -   Progress saved: 170/710 completed
2025-07-16 23:58:39,047 - INFO -   Waiting 5 seconds before next batch...
2025-07-16 23:58:44,050 - INFO - Processing batch 18/71 (171-180 of 710)
2025-07-16 23:58:44,050 - INFO -   Summarizing: Cameras in cockpits to monitor pilots? Air India crash repor...
2025-07-16 23:59:01,391 - INFO -   ✓ Success (171/710)
2025-07-16 23:59:02,391 - INFO -   Summarizing: Instagram influencers Mehak and Pari arrested in UP over ‘ob...
2025-07-16 23:59:19,099 - INFO -   ✓ Success (172/710)
2025-07-16 23:59:20,100 - INFO -   Summarizing: ‘To become a sporting powerhouse, we must make sports a peop...
2025-07-16 23:59:40,281 - INFO -   ✓ Success (173/710)
2025-07-16 23:59:41,282 - INFO -   Summarizing: China and Europe’s savage squabble...
2025-07-17 00:00:00,062 - INFO -   ✓ Success (174/710)
2025-07-17 00:00:01,063 - INFO -   Summarizing: Gastronetrologist shares 8 safe habits to prevent typhoid or...
2025-07-17 00:00:16,116 - INFO -   ✓ Success (175/710)
2025-07-17 00:00:17,116 - INFO -   Summarizing: You Really Should Get Health Insurance When Traveling Abroad...
2025-07-17 00:00:36,077 - INFO -   ✓ Success (176/710)
2025-07-17 00:00:37,078 - INFO -   Summarizing: Britain has a rare opportunity to lure American talent...
2025-07-17 00:00:54,014 - INFO -   ✓ Success (177/710)
2025-07-17 00:00:55,016 - INFO -   Summarizing: Can your musical training shield your brain from cognitive d...
2025-07-17 00:01:12,227 - INFO -   ✓ Success (178/710)
2025-07-17 00:01:13,228 - INFO -   Summarizing: Does hair fall due to wearing a helmet? Jawed Habib reveals ...
2025-07-17 00:01:31,402 - INFO -   ✓ Success (179/710)
2025-07-17 00:01:32,403 - INFO -   Summarizing: Bengaluru man loses ₹11 lakh to digital arrest scam, ends li...
2025-07-17 00:01:49,515 - INFO -   ✓ Success (180/710)
2025-07-17 00:01:50,734 - INFO -   Progress saved: 180/710 completed
2025-07-17 00:01:50,734 - INFO -   Waiting 5 seconds before next batch...
2025-07-17 00:01:55,735 - INFO - Processing batch 19/71 (181-190 of 710)
2025-07-17 00:01:55,735 - INFO -   Summarizing: Social Security payments today: Who will receive how much? A...
2025-07-17 00:02:17,574 - INFO -   ✓ Success (181/710)
2025-07-17 00:02:18,578 - INFO -   Summarizing: 10 bomb threats to schools in 3 days: Delhi police probe run...
2025-07-17 00:02:36,773 - INFO -   ✓ Success (182/710)
2025-07-17 00:02:37,774 - INFO -   Summarizing: CDS Anil Chauhan explains how India 'neutralised' Pakistani ...
2025-07-17 00:02:56,366 - INFO -   ✓ Success (183/710)
2025-07-17 00:02:57,367 - INFO -   Summarizing: F&OMO and more: How Jane Street shook up Dalal Street...
2025-07-17 00:03:16,776 - INFO -   ✓ Success (184/710)
2025-07-17 00:03:17,777 - INFO -   Summarizing: UP needs schools, not liquor shops: Sanjay Singh...
2025-07-17 00:03:37,053 - INFO -   ✓ Success (185/710)
2025-07-17 00:03:38,054 - INFO -   Summarizing: Rahul Gandhi says Himanta will be in jail after Cong forms g...
2025-07-17 00:03:57,328 - INFO -   ✓ Success (186/710)
2025-07-17 00:03:58,330 - INFO -   Summarizing: Low-end iPhone to upgraded Macs: Here's what is in store in ...
2025-07-17 00:04:16,290 - INFO -   ✓ Success (187/710)
2025-07-17 00:04:17,291 - INFO -   Summarizing: Indo-Nepal buses plying illegally: UP transport dept initiat...
2025-07-17 00:04:34,215 - INFO -   ✓ Success (188/710)
2025-07-17 00:04:35,217 - INFO -   Summarizing: SC commutes convict's death penalty to life in jail 'till la...
2025-07-17 00:04:51,822 - INFO -   ✓ Success (189/710)
2025-07-17 00:04:52,823 - INFO -   Summarizing: Olympic legend Usain Bolt to visit India in September. Check...
2025-07-17 00:05:10,319 - INFO -   ✓ Success (190/710)
2025-07-17 00:05:11,518 - INFO -   Progress saved: 190/710 completed
2025-07-17 00:05:11,518 - INFO -   Waiting 5 seconds before next batch...
2025-07-17 00:05:16,521 - INFO - Processing batch 20/71 (191-200 of 710)
2025-07-17 00:05:16,521 - INFO -   Summarizing: Man sentenced to jail for 3 days by Kerala HC for 'scurrilou...
2025-07-17 00:05:34,750 - INFO -   ✓ Success (191/710)
2025-07-17 00:05:35,751 - INFO -   Summarizing: Three men guilty of accessory to the murder of Swedish rappe...
2025-07-17 00:05:50,718 - INFO -   ✓ Success (192/710)
2025-07-17 00:05:51,719 - INFO -   Summarizing: Covid-19 cases are on the rise in the US: How bad is the Cov...
2025-07-17 00:06:09,359 - INFO -   ✓ Success (193/710)
2025-07-17 00:06:10,361 - INFO -   Summarizing: US asks India to cut duty on agri imports by 35%...
2025-07-17 00:06:28,357 - INFO -   ✓ Success (194/710)
2025-07-17 00:06:29,358 - INFO -   Summarizing: Iconic Ambassador car long dead, company still locked in lan...
2025-07-17 00:06:48,941 - INFO -   ✓ Success (195/710)
2025-07-17 00:06:49,943 - INFO -   Summarizing: Dermatalogist names an unexpected item that is among the wor...
2025-07-17 00:07:07,288 - INFO -   ✓ Success (196/710)
2025-07-17 00:07:08,289 - INFO -   Summarizing: Video: Reporter runs off camera in panic as Israel strikes S...
2025-07-17 00:07:25,470 - INFO -   ✓ Success (197/710)
2025-07-17 00:07:26,471 - INFO -   Summarizing: Gujarat’s Banni grasslands ready for translocation of cheeta...
2025-07-17 00:07:45,606 - INFO -   ✓ Success (198/710)
2025-07-17 00:07:46,607 - INFO -   Summarizing: 'Good Trouble Lives On' anti-Trump protest locations: Where ...
2025-07-17 00:08:06,389 - INFO -   ✓ Success (199/710)
2025-07-17 00:08:07,390 - INFO -   Summarizing: Vivo X Fold5 review: This foldable skipped a number, not a b...
2025-07-17 00:08:29,137 - INFO -   ✓ Success (200/710)
2025-07-17 00:08:30,370 - INFO -   Progress saved: 200/710 completed
2025-07-17 00:08:30,370 - INFO -   Waiting 5 seconds before next batch...
2025-07-17 00:08:35,371 - INFO - Processing batch 21/71 (201-210 of 710)
2025-07-17 00:08:35,371 - INFO -   Summarizing: Anjali Gopalan, Sharon Lowen, Uma Nair to receive Aalekh Fou...
