2025-07-17 00:18:32,242 - INFO - ============================================================
2025-07-17 00:18:32,242 - INFO - NEWS ARTICLE REAUTHENTICATOR
2025-07-17 00:18:32,243 - INFO - Started at: 2025-07-17 00:18:32.242947
2025-07-17 00:18:32,243 - INFO - Checking title-content matching and fixing mismatches...
2025-07-17 00:18:32,243 - INFO - ============================================================
2025-07-17 00:18:32,243 - INFO - Processing continuous_news.xlsx...
2025-07-17 00:18:32,725 - INFO - Found 715 articles in continuous_news.xlsx
2025-07-17 00:18:32,744 - INFO - Processed 100/715 articles...
2025-07-17 00:18:32,760 - INFO - Processed 200/715 articles...
2025-07-17 00:18:32,772 - INFO - Processed 300/715 articles...
2025-07-17 00:18:32,790 - INFO - Processed 400/715 articles...
2025-07-17 00:18:32,803 - INFO - Processed 500/715 articles...
2025-07-17 00:18:32,816 - INFO - Processed 600/715 articles...
2025-07-17 00:18:32,829 - INFO - Processed 700/715 articles...
2025-07-17 00:18:32,831 - INFO - Found 68 mismatched articles in continuous_news.xlsx
2025-07-17 00:18:32,831 - INFO - Attempting to fix 68 mismatched articles...
2025-07-17 00:18:32,831 - INFO - Fixing article 1/68: Nisaba Godrej outlines 2040 vision to shareholders in GCPL's...
2025-07-17 00:18:33,308 - ERROR - Error extracting content from https://www.business-standard.com/companies/news/nisaba-godrej-shares-2040-vision-in-godrej-consumer-annual-report-125071601147_1.html: 403 Client Error: Forbidden for url: https://www.business-standard.com/companies/news/nisaba-godrej-shares-2040-vision-in-godrej-consumer-annual-report-125071601147_1.html
2025-07-17 00:18:33,310 - ERROR - ❌ Could not extract content for article 1
2025-07-17 00:18:35,311 - INFO - Fixing article 2/68: Morgan Stanley profit rises as trading gains from market vol...
2025-07-17 00:18:35,667 - ERROR - Error extracting content from https://www.business-standard.com/world-news/morgan-stanley-profit-rises-as-trading-gains-from-market-volatility-125071601052_1.html: 403 Client Error: Forbidden for url: https://www.business-standard.com/world-news/morgan-stanley-profit-rises-as-trading-gains-from-market-volatility-125071601052_1.html
2025-07-17 00:18:35,667 - ERROR - ❌ Could not extract content for article 2
2025-07-17 00:18:37,670 - INFO - Fixing article 3/68: DNA TV Show: How will US President Donald Trump benefit by l...
2025-07-17 00:18:38,409 - INFO - ✅ Successfully fixed article 3
2025-07-17 00:18:40,409 - INFO - Fixing article 4/68: Big tension for Pakistan, China, as India tests THIS new hyp...
2025-07-17 00:18:40,971 - INFO - ✅ Successfully fixed article 4
2025-07-17 00:18:42,973 - INFO - Fixing article 5/68: Nimisha Priya Case Who Was Talal Abdo Mahdi Inside The Tragi...
2025-07-17 00:18:43,494 - WARNING - ⚠️ New content still doesn't match title for article 5
2025-07-17 00:18:45,497 - INFO - Fixing article 6/68: Satyajit Ray's ancestral home in Dhaka to be demolished by B...
2025-07-17 00:18:46,102 - INFO - ✅ Successfully fixed article 6
2025-07-17 00:18:48,103 - INFO - Fixing article 7/68: DNA TV Show: Why is take off the most dangerous flight phase...
2025-07-17 00:18:48,677 - INFO - ✅ Successfully fixed article 7
2025-07-17 00:18:50,678 - INFO - Fixing article 8/68: Dealing with hot flashes at work? These 6 menopause tips can...
2025-07-17 00:18:51,260 - INFO - ✅ Successfully fixed article 8
2025-07-17 00:18:53,261 - INFO - Fixing article 9/68: World’s best sandwich, with unique recipe, made in this coun...
2025-07-17 00:18:53,872 - WARNING - ⚠️ New content still doesn't match title for article 9
2025-07-17 00:18:55,872 - INFO - Fixing article 10/68: DNA TV Show: Why has UAE introduced new Golden Visa...
2025-07-17 00:18:56,481 - INFO - ✅ Successfully fixed article 10
2025-07-17 00:18:58,483 - INFO - Fixing article 11/68: Sawan 2025: Shravan month start-date, end-date, rituals and ...
2025-07-17 00:18:59,064 - INFO - ✅ Successfully fixed article 11
2025-07-17 00:19:01,065 - INFO - Fixing article 12/68: When is Muharram 2025: Date, history, significance, rituals ...
2025-07-17 00:19:01,621 - INFO - ✅ Successfully fixed article 12
2025-07-17 00:19:03,622 - INFO - Fixing article 13/68: Salt consumption among Indians is 2.2 times more than WHO li...
2025-07-17 00:19:04,212 - INFO - ✅ Successfully fixed article 13
2025-07-17 00:19:06,213 - INFO - Fixing article 14/68: Former Indian pacer praises Ben Stokes for his performance i...
2025-07-17 00:19:06,790 - INFO - ✅ Successfully fixed article 14
2025-07-17 00:19:08,791 - INFO - Fixing article 15/68: DNA TV Show: Why is there a row over Bihar voter list revisi...
2025-07-17 00:19:09,329 - INFO - ✅ Successfully fixed article 15
2025-07-17 00:19:11,330 - INFO - Fixing article 16/68: IND vs ENG 3rd Test Highlights: Team India suffer heartbreak...
2025-07-17 00:19:11,948 - INFO - ✅ Successfully fixed article 16
2025-07-17 00:19:13,949 - INFO - Fixing article 17/68: World Snake Day 2025: Why are cobras the most dangerous snak...
2025-07-17 00:19:14,504 - WARNING - ⚠️ New content still doesn't match title for article 17
2025-07-17 00:19:16,506 - INFO - Fixing article 18/68: Another quiet session for the markets: Nifty continues below...
2025-07-17 00:19:17,110 - INFO - ✅ Successfully fixed article 18
2025-07-17 00:19:19,112 - INFO - Fixing article 19/68: Last few hours left! Anthem Biosciences IPO closes today; Ch...
2025-07-17 00:19:19,709 - INFO - ✅ Successfully fixed article 19
2025-07-17 00:19:21,711 - INFO - Fixing article 20/68: ‘This is why Indians are being hated’, US techies claim Indi...
2025-07-17 00:19:22,280 - INFO - ✅ Successfully fixed article 20
2025-07-17 00:19:24,281 - INFO - Fixing article 21/68: ISMA urges govt to ban ethanol imports, flags risk...
2025-07-17 00:19:24,860 - INFO - ✅ Successfully fixed article 21
2025-07-17 00:19:26,861 - INFO - Fixing article 22/68: Nimisha Priya's 17 yrs so far in Yemen, and Islamic law can ...
2025-07-17 00:19:27,312 - ERROR - Error extracting content from https://www.hindustantimes.com/india-news/nimisha-priyas-17-yrs-in-yemen-and-last-minute-chance-of-clemency-a-timeline-101752667336499.html: 403 Client Error: Forbidden for url: https://www.hindustantimes.com/india-news/nimisha-priyas-17-yrs-in-yemen-and-last-minute-chance-of-clemency-a-timeline-101752667336499.html
2025-07-17 00:19:27,314 - ERROR - ❌ Could not extract content for article 22
2025-07-17 00:19:29,316 - INFO - Fixing article 23/68: The Golfer Who’s Earned $30 Million—Without Ever Winning...
2025-07-17 00:19:29,722 - ERROR - Error extracting content from https://www.hindustantimes.com/sports/others/the-golfer-who-s-earned-30-million-without-ever-winning-101752664885188.html: 403 Client Error: Forbidden for url: https://www.hindustantimes.com/sports/others/the-golfer-who-s-earned-30-million-without-ever-winning-101752664885188.html
2025-07-17 00:19:29,723 - ERROR - ❌ Could not extract content for article 23
2025-07-17 00:19:31,724 - INFO - Fixing article 24/68: Pulmonologist warns pigeon menace in India is causing more l...
2025-07-17 00:19:32,103 - ERROR - Error extracting content from https://www.hindustantimes.com/lifestyle/health/pulmonologist-warns-pigeon-menace-in-india-causing-more-and-more-lung-failures-every-year-here-is-how-you-can-stay-safe-101752664543679.html: 403 Client Error: Forbidden for url: https://www.hindustantimes.com/lifestyle/health/pulmonologist-warns-pigeon-menace-in-india-causing-more-and-more-lung-failures-every-year-here-is-how-you-can-stay-safe-101752664543679.html
2025-07-17 00:19:32,105 - ERROR - ❌ Could not extract content for article 24
2025-07-17 00:19:34,106 - INFO - Fixing article 25/68: China and Europe’s savage squabble...
2025-07-17 00:19:34,494 - ERROR - Error extracting content from https://www.hindustantimes.com/world-news/china-and-europe-s-savage-squabble-101752659863574.html: 403 Client Error: Forbidden for url: https://www.hindustantimes.com/world-news/china-and-europe-s-savage-squabble-101752659863574.html
2025-07-17 00:19:34,496 - ERROR - ❌ Could not extract content for article 25
2025-07-17 00:19:36,497 - INFO - Fixing article 26/68: Gastronetrologist shares 8 safe habits to prevent typhoid or...
2025-07-17 00:19:36,913 - ERROR - Error extracting content from https://www.hindustantimes.com/lifestyle/health/gastronetrologist-shares-8-safe-habits-to-prevent-typhoid-or-food-poisoning-risk-in-monsoon-avoid-raw-food-unless-101752640449563.html: 403 Client Error: Forbidden for url: https://www.hindustantimes.com/lifestyle/health/gastronetrologist-shares-8-safe-habits-to-prevent-typhoid-or-food-poisoning-risk-in-monsoon-avoid-raw-food-unless-101752640449563.html
2025-07-17 00:19:36,914 - ERROR - ❌ Could not extract content for article 26
2025-07-17 00:19:38,915 - INFO - Fixing article 27/68: Indo-Nepal buses plying illegally: UP transport dept initiat...
2025-07-17 00:19:39,328 - ERROR - Error extracting content from https://www.hindustantimes.com/india-news/indonepal-buses-plying-illegally-up-transport-dept-initiates-probe-writes-to-dgp-for-action-101752667435821.html: 403 Client Error: Forbidden for url: https://www.hindustantimes.com/india-news/indonepal-buses-plying-illegally-up-transport-dept-initiates-probe-writes-to-dgp-for-action-101752667435821.html
2025-07-17 00:19:39,329 - ERROR - ❌ Could not extract content for article 27
2025-07-17 00:19:41,330 - INFO - Fixing article 28/68: Caitlin Clark fumes at referee, drops F-bomb after teammate ...
2025-07-17 00:19:41,747 - ERROR - Error extracting content from https://www.hindustantimes.com/sports/us-sports/caitlin-clark-fumes-at-referee-drops-f-bomb-after-aliyah-boston-punched-indiana-fever-vs-connecticut-sun-101752630361724.html: 403 Client Error: Forbidden for url: https://www.hindustantimes.com/sports/us-sports/caitlin-clark-fumes-at-referee-drops-f-bomb-after-aliyah-boston-punched-indiana-fever-vs-connecticut-sun-101752630361724.html
2025-07-17 00:19:41,749 - ERROR - ❌ Could not extract content for article 28
2025-07-17 00:19:43,749 - INFO - Fixing article 29/68: Donald Trump Jr's wedding on horizon with Bettina Anderson? ...
2025-07-17 00:19:44,130 - ERROR - Error extracting content from https://www.hindustantimes.com/world-news/us-news/donald-trump-jrs-wedding-on-horizon-with-bettina-anderson-heres-all-you-need-to-know-101752661010838.html: 403 Client Error: Forbidden for url: https://www.hindustantimes.com/world-news/us-news/donald-trump-jrs-wedding-on-horizon-with-bettina-anderson-heres-all-you-need-to-know-101752661010838.html
2025-07-17 00:19:44,132 - ERROR - ❌ Could not extract content for article 29
2025-07-17 00:19:46,133 - INFO - Fixing article 30/68: Why UK secretly brought in thousands of Afghans, including '...
2025-07-17 00:19:46,666 - INFO - ✅ Successfully fixed article 30
2025-07-17 00:19:48,667 - INFO - Fixing article 31/68: Rahul Gandhi's 'jail' warning to Assam Chief Minister Himant...
2025-07-17 00:19:49,230 - INFO - ✅ Successfully fixed article 31
2025-07-17 00:19:51,231 - INFO - Fixing article 32/68: Sensex closes 64 points higher, Nifty above 25,200; SBI gain...
2025-07-17 00:19:51,700 - INFO - ✅ Successfully fixed article 32
2025-07-17 00:19:53,701 - INFO - Fixing article 33/68: Was Akash Deep’s wicket-taking delivery to Joe Root a back-f...
2025-07-17 00:19:54,410 - INFO - ✅ Successfully fixed article 33
2025-07-17 00:19:56,412 - INFO - Fixing article 34/68: Gold Today Rate, 16 July: Check 18, 22 and 24 carat gold pri...
2025-07-17 00:19:57,083 - INFO - ✅ Successfully fixed article 34
2025-07-17 00:19:59,084 - INFO - Fixing article 35/68: Horoscope: Check astrological predictions for 09 July 2025...
2025-07-17 00:19:59,734 - INFO - ✅ Successfully fixed article 35
2025-07-17 00:20:01,736 - INFO - Fixing article 36/68: ‘Villain baitha hai dekh’: Asha Bhosle on when she and Kisho...
2025-07-17 00:20:02,397 - INFO - ✅ Successfully fixed article 36
2025-07-17 00:20:04,398 - INFO - Fixing article 37/68: ‘Neither Modi or Amit Shah will be able to save him’: In Ass...
2025-07-17 00:20:04,993 - INFO - ✅ Successfully fixed article 37
2025-07-17 00:20:06,993 - INFO - Fixing article 38/68: TS POLYCET Allotment Result 2025 Highlights: TG POLYCET firs...
2025-07-17 00:20:07,605 - INFO - ✅ Successfully fixed article 38
2025-07-17 00:20:09,606 - INFO - Fixing article 39/68: Shubman Gill continues sublime form, slams 7th Test century ...
2025-07-17 00:20:10,238 - INFO - ✅ Successfully fixed article 39
2025-07-17 00:20:12,239 - INFO - Fixing article 40/68: ‘They thought it’s just a CAT’: Pack of dogs chase lioness i...
2025-07-17 00:20:12,915 - INFO - ✅ Successfully fixed article 40
2025-07-17 00:20:14,916 - INFO - Fixing article 41/68: ‘I fainted on Kunal Kemmu’: How Neha Dhupia’s unplanned preg...
2025-07-17 00:20:15,558 - INFO - ✅ Successfully fixed article 41
2025-07-17 00:20:17,559 - INFO - Fixing article 42/68: ‘Nitish Reddy was the most vocal on Day 3’, ‘chirpy’ Sundar ...
2025-07-17 00:20:18,213 - INFO - ✅ Successfully fixed article 42
2025-07-17 00:20:20,214 - INFO - Fixing article 43/68: Tejasswi Prakash says she doesn’t use white salt at home; wh...
2025-07-17 00:20:20,909 - INFO - ✅ Successfully fixed article 43
2025-07-17 00:20:22,909 - INFO - Fixing article 44/68: INTERVIEW | KTR tears into Rahul Gandhi, Revanth Reddy over ...
2025-07-17 00:20:23,441 - INFO - ✅ Successfully fixed article 44
2025-07-17 00:20:25,442 - INFO - Fixing article 45/68: India’s rural recovery: Don’t count on it just yet...
2025-07-17 00:20:26,057 - INFO - ✅ Successfully fixed article 45
2025-07-17 00:20:28,059 - INFO - Fixing article 46/68: Layoff riddle: Why are companies getting worse at letting em...
2025-07-17 00:20:28,649 - INFO - ✅ Successfully fixed article 46
2025-07-17 00:20:30,650 - INFO - Fixing article 47/68: Statistics and Politics Are a Dangerous Mix...
2025-07-17 00:20:31,240 - INFO - ✅ Successfully fixed article 47
2025-07-17 00:20:33,242 - INFO - Fixing article 48/68: 5 Indian Breakfasts That Make Mondays Better...
2025-07-17 00:20:33,660 - ERROR - Error extracting content from https://food.ndtv.com/webstories/food/5-indian-breakfasts-that-make-mondays-better-43263?pfrom=home-ndtv_webstories: 403 Client Error: Forbidden for url: https://food.ndtv.com/webstories/food/5-indian-breakfasts-that-make-mondays-better-43263?pfrom=home-ndtv_webstories
2025-07-17 00:20:33,661 - ERROR - ❌ Could not extract content for article 48
2025-07-17 00:20:35,663 - INFO - Fixing article 49/68: In Race To Save Nimisha Priya, Worried Activist Claims 'We H...
2025-07-17 00:20:36,061 - ERROR - Error extracting content from https://www.ndtv.com/world-news/nimisha-priya-kerala-nurse-sentenced-to-death-yemen-news-who-is-nimisha-priya-nimisha-priya-husband-8887932: 403 Client Error: Forbidden for url: https://www.ndtv.com/world-news/nimisha-priya-kerala-nurse-sentenced-to-death-yemen-news-who-is-nimisha-priya-nimisha-priya-husband-8887932
2025-07-17 00:20:36,061 - ERROR - ❌ Could not extract content for article 49
2025-07-17 00:20:38,063 - INFO - Fixing article 50/68: Mujib, Tagore, Now Ray: Culture Crackdown In Bangladesh Post...
2025-07-17 00:20:38,468 - ERROR - Error extracting content from https://www.ndtv.com/world-news/sheikh-hasina-muhammad-yunus-mujib-tagore-now-ray-mujib-tagore-now-ray-culture-crackdown-in-bangladesh-post-hasina-ouster-8884975?pfrom=home-ndtv_premium: 403 Client Error: Forbidden for url: https://www.ndtv.com/world-news/sheikh-hasina-muhammad-yunus-mujib-tagore-now-ray-mujib-tagore-now-ray-culture-crackdown-in-bangladesh-post-hasina-ouster-8884975?pfrom=home-ndtv_premium
2025-07-17 00:20:38,468 - ERROR - ❌ Could not extract content for article 50
2025-07-17 00:20:40,474 - INFO - Fixing article 51/68: Inside Justin, Hailey Bieber's Romantic Boat Night In Italy...
2025-07-17 00:20:40,842 - ERROR - Error extracting content from https://www.ndtv.com/entertainment/justin-hailey-bieber-enjoy-romantic-boat-night-in-italy-following-his-album-release-8878177?pfrom=movies-hollywood: 403 Client Error: Forbidden for url: https://www.ndtv.com/entertainment/justin-hailey-bieber-enjoy-romantic-boat-night-in-italy-following-his-album-release-8878177?pfrom=movies-hollywood
2025-07-17 00:20:40,842 - ERROR - ❌ Could not extract content for article 51
2025-07-17 00:20:42,844 - INFO - Fixing article 52/68: Why Australia attracts international students â even with ...
2025-07-17 00:20:43,509 - INFO - ✅ Successfully fixed article 52
2025-07-17 00:20:45,512 - INFO - Fixing article 53/68: India bonds steady as traders await fresh cues...
2025-07-17 00:20:46,116 - INFO - ✅ Successfully fixed article 53
2025-07-17 00:20:48,117 - INFO - Fixing article 54/68: Barack and Michelle Obama finally open up on divorce rumors,...
2025-07-17 00:20:48,783 - INFO - ✅ Successfully fixed article 54
2025-07-17 00:20:50,785 - INFO - Fixing article 55/68: Trump's Executive Orders & Actions...
2025-07-17 00:20:53,047 - WARNING - ⚠️ New content still doesn't match title for article 55
2025-07-17 00:20:55,049 - INFO - Fixing article 56/68: ANRF unveils PM Professorships to bolster research in State ...
2025-07-17 00:20:55,551 - INFO - ✅ Successfully fixed article 56
2025-07-17 00:20:57,553 - INFO - Fixing article 57/68: Arvind Kejriwal: People will vote for kaam ki rajneeti...
2025-07-17 00:20:58,071 - INFO - ✅ Successfully fixed article 57
2025-07-17 00:21:00,072 - INFO - Fixing article 58/68: CII chalks out plans to achieve Andhra's $USD 2.4 trillion a...
2025-07-17 00:21:00,800 - WARNING - ⚠️ New content still doesn't match title for article 58
2025-07-17 00:21:02,802 - INFO - Fixing article 59/68: The big bet on Indian space tech: Boom or bubble?...
2025-07-17 00:21:04,031 - WARNING - ⚠️ New content still doesn't match title for article 59
2025-07-17 00:21:06,032 - INFO - Fixing article 60/68: Letters to the Editor View More...
2025-07-17 00:21:06,897 - WARNING - ⚠️ New content still doesn't match title for article 60
2025-07-17 00:21:08,899 - INFO - Fixing article 61/68: Crisis in Caribbean cricket: David Lloyd calls for fairer di...
2025-07-17 00:21:09,587 - INFO - ✅ Successfully fixed article 61
2025-07-17 00:21:11,593 - INFO - Fixing article 62/68: 20 Indoor plants that attract wealth, positivity, and good e...
2025-07-17 00:21:12,207 - INFO - ✅ Successfully fixed article 62
2025-07-17 00:21:14,208 - INFO - Fixing article 63/68: Who is nominated for the ESPY Awards 2025? Full list of top ...
2025-07-17 00:21:14,805 - INFO - ✅ Successfully fixed article 63
2025-07-17 00:21:16,814 - INFO - Fixing article 64/68: Why your blood sugar remains high even after quitting sugar;...
2025-07-17 01:28:15,727 - INFO - ============================================================
2025-07-17 01:28:15,727 - INFO - NEWS ARTICLE REAUTHENTICATOR
2025-07-17 01:28:15,727 - INFO - Started at: 2025-07-17 01:28:15.727551
2025-07-17 01:28:15,727 - INFO - Checking title-content matching and fixing mismatches...
2025-07-17 01:28:15,727 - INFO - ============================================================
2025-07-17 01:28:15,727 - WARNING - File not found: c:/Users/yadne/OneDrive - MIT - Chhatrapati Sambhajinagar/Desktop/scrapper/continuous_news.xlsx
2025-07-17 01:28:15,727 - INFO - Processing new_excel.xlsx...
2025-07-17 01:28:15,999 - INFO - Found 40 articles in new_excel.xlsx
2025-07-17 01:28:16,002 - INFO - Found 1 mismatched articles in new_excel.xlsx
2025-07-17 01:28:16,002 - INFO - Attempting to fix 1 mismatched articles...
2025-07-17 01:28:16,002 - INFO - Fixing article 1/1: Top Naxal commander among 27 shot in Chhattisgarh’s Bastar...
2025-07-17 01:28:16,893 - INFO - ✅ Successfully fixed article 1
2025-07-17 01:28:18,939 - INFO - 💾 Saved 1 fixes to new_excel.xlsx
2025-07-17 01:28:18,939 - INFO - ✅ Completed new_excel.xlsx: 1 fixed, 0 failed
2025-07-17 01:28:18,939 - INFO - ============================================================
2025-07-17 01:28:18,939 - INFO - REAUTHENTICATION COMPLETED
2025-07-17 01:28:18,939 - INFO - Duration: 0:00:03.212231
2025-07-17 01:28:18,939 - INFO - Total articles checked: 40
2025-07-17 01:28:18,939 - INFO - Mismatched articles found: 1
2025-07-17 01:28:18,939 - INFO - Successfully fixed: 1
2025-07-17 01:28:18,939 - INFO - Failed to fix: 0
2025-07-17 01:28:18,939 - INFO - Fix success rate: 100.0%
2025-07-17 01:28:18,939 - INFO - ============================================================
2025-07-17 01:28:57,387 - INFO - ============================================================
2025-07-17 01:28:57,387 - INFO - NEWS ARTICLE REAUTHENTICATOR
2025-07-17 01:28:57,387 - INFO - Started at: 2025-07-17 01:28:57.387117
2025-07-17 01:28:57,387 - INFO - Checking title-content matching and fixing mismatches...
2025-07-17 01:28:57,387 - INFO - ============================================================
2025-07-17 01:28:57,387 - WARNING - File not found: c:/Users/yadne/OneDrive - MIT - Chhatrapati Sambhajinagar/Desktop/scrapper/continuous_news.xlsx
2025-07-17 01:28:57,387 - INFO - Processing new_excel.xlsx...
2025-07-17 01:28:57,612 - INFO - Found 40 articles in new_excel.xlsx
2025-07-17 01:28:57,612 - INFO - Found 0 mismatched articles in new_excel.xlsx
2025-07-17 01:28:57,612 - INFO - ✅ All articles in new_excel.xlsx have matching titles and content!
2025-07-17 01:28:57,612 - INFO - ============================================================
2025-07-17 01:28:57,612 - INFO - REAUTHENTICATION COMPLETED
2025-07-17 01:28:57,612 - INFO - Duration: 0:00:00.225363
2025-07-17 01:28:57,612 - INFO - Total articles checked: 40
2025-07-17 01:28:57,612 - INFO - Mismatched articles found: 0
2025-07-17 01:28:57,612 - INFO - Successfully fixed: 0
2025-07-17 01:28:57,612 - INFO - Failed to fix: 0
2025-07-17 01:28:57,612 - INFO - ============================================================
