2025-07-17 01:33:29,331 - INFO - ======================================================================
2025-07-17 01:33:29,332 - INFO - COMPREHENSIVE ARTICLE ANALYSIS - ALL ARTICLES
2025-07-17 01:33:29,332 - INFO - ======================================================================
2025-07-17 01:33:29,332 - WARNING - File not found: c:/Users/yadne/OneDrive - MIT - Chhatrapati Sambhajinagar/Desktop/scrapper/continuous_news.xlsx
2025-07-17 01:33:29,332 - INFO - 
📁 Analyzing new_excel.xlsx...
2025-07-17 01:33:29,332 - INFO - --------------------------------------------------
2025-07-17 01:33:29,622 - INFO - 📊 new_excel.xlsx Summary:
2025-07-17 01:33:29,622 - INFO -    Total articles: 40
2025-07-17 01:33:29,622 - INFO -    ❌ Title-content mismatches: 0
2025-07-17 01:33:29,622 - INFO -    📝 Empty titles: 0
2025-07-17 01:33:29,622 - INFO -    📄 Empty content: 0
2025-07-17 01:33:29,622 - INFO -    ⚠️  Short content (<100 chars): 0
2025-07-17 01:33:29,622 - INFO -    💚 Health score: 100.0%
2025-07-17 01:33:29,622 - INFO - 
======================================================================
2025-07-17 01:33:29,622 - INFO - 📈 OVERALL ANALYSIS SUMMARY
2025-07-17 01:33:29,622 - INFO - ======================================================================
2025-07-17 01:33:29,622 - INFO - Total articles analyzed: 40
2025-07-17 01:33:29,622 - INFO - ❌ Title-content mismatches: 0 (0.0%)
2025-07-17 01:33:29,622 - INFO - 📝 Empty titles: 0 (0.0%)
2025-07-17 01:33:29,622 - INFO - 📄 Empty content: 0 (0.0%)
2025-07-17 01:33:29,622 - INFO - ⚠️  Short content: 0 (0.0%)
2025-07-17 01:33:29,622 - INFO - 💚 Overall health score: 100.0%
2025-07-17 01:33:29,622 - INFO - 
💡 RECOMMENDATIONS:
2025-07-17 01:33:29,622 - INFO -    🎉 All articles are in good condition!
2025-07-17 01:33:29,622 - INFO - ======================================================================
2025-07-17 01:33:50,267 - INFO - ============================================================
2025-07-17 01:33:50,267 - INFO - QUICK TITLE-CONTENT MATCH CHECK
2025-07-17 01:33:50,267 - INFO - ============================================================
2025-07-17 01:33:50,268 - INFO - Checking new_excel.xlsx...
2025-07-17 01:33:50,489 - INFO -   Total articles: 40
2025-07-17 01:33:50,489 - INFO -   Mismatched: 0
2025-07-17 01:33:50,489 - INFO -   Match rate: 100.0%
2025-07-17 01:33:50,489 - INFO - ============================================================
